Mensaje I / 00:00:00:000 / Root(00) para top(01)
Mensaje I / 00:00:00:000 / top(01) para reception(02)
Mensaje I / 00:00:00:000 / top(01) para barber(03)
Mensaje D / 00:00:00:000 / reception(02) / ... para top(01)
Mensaje I / 00:00:00:000 / barber(03) para checkhair(04)
Mensaje I / 00:00:00:000 / barber(03) para cuthair(05)
Mensaje D / 00:00:00:000 / checkhair(04) / ... para barber(03)
Mensaje D / 00:00:00:000 / cuthair(05) / ... para barber(03)
Mensaje D / 00:00:00:000 / barber(03) / ... para top(01)
Mensaje D / 00:00:00:000 / top(01) / ... para Root(00)
Mensaje X / 08:00:00:000 / Root(00) / newcust /      9.00000 para top(01)
Mensaje X / 08:00:00:000 / top(01) / newcust /      9.00000 para reception(02)
Mensaje D / 08:00:00:000 / reception(02) / ... para top(01)
Mensaje D / 08:00:00:000 / top(01) / ... para Root(00)
Mensaje X / 09:00:00:000 / Root(00) / newcust /      9.00000 para top(01)
Mensaje X / 09:00:00:000 / top(01) / newcust /      9.00000 para reception(02)
Mensaje D / 09:00:00:000 / reception(02) / 00:01:00:000 para top(01)
Mensaje D / 09:00:00:000 / top(01) / 00:01:00:000 para Root(00)
Mensaje X / 09:00:00:000 / Root(00) / newcust /      8.00000 para top(01)
Mensaje X / 09:00:00:000 / top(01) / newcust /      8.00000 para reception(02)
Mensaje D / 09:00:00:000 / reception(02) / 00:01:00:000 para top(01)
Mensaje D / 09:00:00:000 / top(01) / 00:01:00:000 para Root(00)
Mensaje X / 09:00:00:000 / Root(00) / newcust /      7.00000 para top(01)
Mensaje X / 09:00:00:000 / top(01) / newcust /      7.00000 para reception(02)
Mensaje D / 09:00:00:000 / reception(02) / 00:01:00:000 para top(01)
Mensaje D / 09:00:00:000 / top(01) / 00:01:00:000 para Root(00)
Mensaje X / 09:00:00:000 / Root(00) / newcust /      6.00000 para top(01)
Mensaje X / 09:00:00:000 / top(01) / newcust /      6.00000 para reception(02)
Mensaje D / 09:00:00:000 / reception(02) / 00:01:00:000 para top(01)
Mensaje D / 09:00:00:000 / top(01) / 00:01:00:000 para Root(00)
Mensaje X / 09:00:00:000 / Root(00) / newcust /      0.00000 para top(01)
Mensaje X / 09:00:00:000 / top(01) / newcust /      0.00000 para reception(02)
Mensaje D / 09:00:00:000 / reception(02) / 00:01:00:000 para top(01)
Mensaje D / 09:00:00:000 / top(01) / 00:01:00:000 para Root(00)
Mensaje X / 09:00:00:000 / Root(00) / newcust /      4.00000 para top(01)
Mensaje X / 09:00:00:000 / top(01) / newcust /      4.00000 para reception(02)
Mensaje D / 09:00:00:000 / reception(02) / 00:01:00:000 para top(01)
Mensaje D / 09:00:00:000 / top(01) / 00:01:00:000 para Root(00)
Mensaje X / 09:00:10:000 / Root(00) / newcust /      3.00000 para top(01)
Mensaje X / 09:00:10:000 / top(01) / newcust /      3.00000 para reception(02)
Mensaje D / 09:00:10:000 / reception(02) / 00:00:50:000 para top(01)
Mensaje D / 09:00:10:000 / top(01) / 00:00:50:000 para Root(00)
Mensaje X / 09:00:20:000 / Root(00) / newcust /      2.00000 para top(01)
Mensaje X / 09:00:20:000 / top(01) / newcust /      2.00000 para reception(02)
Mensaje D / 09:00:20:000 / reception(02) / 00:00:40:000 para top(01)
Mensaje D / 09:00:20:000 / top(01) / 00:00:40:000 para Root(00)
Mensaje X / 09:00:30:000 / Root(00) / newcust /      1.00000 para top(01)
Mensaje X / 09:00:30:000 / top(01) / newcust /      1.00000 para reception(02)
Mensaje D / 09:00:30:000 / reception(02) / 00:00:30:000 para top(01)
Mensaje D / 09:00:30:000 / top(01) / 00:00:30:000 para Root(00)
Mensaje * / 09:01:00:000 / Root(00) para top(01)
Mensaje * / 09:01:00:000 / top(01) para reception(02)
Mensaje Y / 09:01:00:000 / reception(02) / cust /      9.00000 para top(01)
Mensaje D / 09:01:00:000 / reception(02) / ... para top(01)
Mensaje X / 09:01:00:000 / top(01) / in /      9.00000 para barber(03)
Mensaje X / 09:01:00:000 / barber(03) / cust /      9.00000 para checkhair(04)
Mensaje D / 09:01:00:000 / checkhair(04) / 00:01:00:000 para barber(03)
Mensaje D / 09:01:00:000 / barber(03) / 00:01:00:000 para top(01)
Mensaje D / 09:01:00:000 / top(01) / 00:01:00:000 para Root(00)
Mensaje * / 09:02:00:000 / Root(00) para top(01)
Mensaje * / 09:02:00:000 / top(01) para barber(03)
Mensaje * / 09:02:00:000 / barber(03) para checkhair(04)
Mensaje Y / 09:02:00:000 / checkhair(04) / cutcontinue /      1.00000 para barber(03)
Mensaje D / 09:02:00:000 / checkhair(04) / ... para barber(03)
Mensaje X / 09:02:00:000 / barber(03) / cutcontinue /      1.00000 para cuthair(05)
Mensaje D / 09:02:00:000 / cuthair(05) / 00:01:00:000 para barber(03)
Mensaje D / 09:02:00:000 / barber(03) / 00:01:00:000 para top(01)
Mensaje D / 09:02:00:000 / top(01) / 00:01:00:000 para Root(00)
Mensaje * / 09:03:00:000 / Root(00) para top(01)
Mensaje * / 09:03:00:000 / top(01) para barber(03)
Mensaje * / 09:03:00:000 / barber(03) para cuthair(05)
Mensaje Y / 09:03:00:000 / cuthair(05) / progress /      1.00000 para barber(03)
Mensaje D / 09:03:00:000 / cuthair(05) / ... para barber(03)
Mensaje X / 09:03:00:000 / barber(03) / progress /      1.00000 para checkhair(04)
Mensaje D / 09:03:00:000 / checkhair(04) / 00:01:00:000 para barber(03)
Mensaje D / 09:03:00:000 / barber(03) / 00:01:00:000 para top(01)
Mensaje D / 09:03:00:000 / top(01) / 00:01:00:000 para Root(00)
Mensaje * / 09:04:00:000 / Root(00) para top(01)
Mensaje * / 09:04:00:000 / top(01) para barber(03)
Mensaje * / 09:04:00:000 / barber(03) para checkhair(04)
Mensaje Y / 09:04:00:000 / checkhair(04) / cutcontinue /      2.00000 para barber(03)
Mensaje D / 09:04:00:000 / checkhair(04) / ... para barber(03)
Mensaje X / 09:04:00:000 / barber(03) / cutcontinue /      2.00000 para cuthair(05)
Mensaje D / 09:04:00:000 / cuthair(05) / 00:01:00:000 para barber(03)
Mensaje D / 09:04:00:000 / barber(03) / 00:01:00:000 para top(01)
Mensaje D / 09:04:00:000 / top(01) / 00:01:00:000 para Root(00)
Mensaje * / 09:05:00:000 / Root(00) para top(01)
Mensaje * / 09:05:00:000 / top(01) para barber(03)
Mensaje * / 09:05:00:000 / barber(03) para cuthair(05)
Mensaje Y / 09:05:00:000 / cuthair(05) / progress /      1.00000 para barber(03)
Mensaje D / 09:05:00:000 / cuthair(05) / ... para barber(03)
Mensaje X / 09:05:00:000 / barber(03) / progress /      1.00000 para checkhair(04)
Mensaje D / 09:05:00:000 / checkhair(04) / 00:01:00:000 para barber(03)
Mensaje D / 09:05:00:000 / barber(03) / 00:01:00:000 para top(01)
Mensaje D / 09:05:00:000 / top(01) / 00:01:00:000 para Root(00)
Mensaje * / 09:06:00:000 / Root(00) para top(01)
Mensaje * / 09:06:00:000 / top(01) para barber(03)
Mensaje * / 09:06:00:000 / barber(03) para checkhair(04)
Mensaje Y / 09:06:00:000 / checkhair(04) / cutcontinue /      3.00000 para barber(03)
Mensaje D / 09:06:00:000 / checkhair(04) / ... para barber(03)
Mensaje X / 09:06:00:000 / barber(03) / cutcontinue /      3.00000 para cuthair(05)
Mensaje D / 09:06:00:000 / cuthair(05) / 00:01:00:000 para barber(03)
Mensaje D / 09:06:00:000 / barber(03) / 00:01:00:000 para top(01)
Mensaje D / 09:06:00:000 / top(01) / 00:01:00:000 para Root(00)
Mensaje * / 09:07:00:000 / Root(00) para top(01)
Mensaje * / 09:07:00:000 / top(01) para barber(03)
Mensaje * / 09:07:00:000 / barber(03) para cuthair(05)
Mensaje Y / 09:07:00:000 / cuthair(05) / progress /      1.00000 para barber(03)
Mensaje D / 09:07:00:000 / cuthair(05) / ... para barber(03)
Mensaje X / 09:07:00:000 / barber(03) / progress /      1.00000 para checkhair(04)
Mensaje D / 09:07:00:000 / checkhair(04) / 00:01:00:000 para barber(03)
Mensaje D / 09:07:00:000 / barber(03) / 00:01:00:000 para top(01)
Mensaje D / 09:07:00:000 / top(01) / 00:01:00:000 para Root(00)
Mensaje * / 09:08:00:000 / Root(00) para top(01)
Mensaje * / 09:08:00:000 / top(01) para barber(03)
Mensaje * / 09:08:00:000 / barber(03) para checkhair(04)
Mensaje Y / 09:08:00:000 / checkhair(04) / cutcontinue /      4.00000 para barber(03)
Mensaje D / 09:08:00:000 / checkhair(04) / ... para barber(03)
Mensaje X / 09:08:00:000 / barber(03) / cutcontinue /      4.00000 para cuthair(05)
Mensaje D / 09:08:00:000 / cuthair(05) / 00:01:00:000 para barber(03)
Mensaje D / 09:08:00:000 / barber(03) / 00:01:00:000 para top(01)
Mensaje D / 09:08:00:000 / top(01) / 00:01:00:000 para Root(00)
Mensaje * / 09:09:00:000 / Root(00) para top(01)
Mensaje * / 09:09:00:000 / top(01) para barber(03)
Mensaje * / 09:09:00:000 / barber(03) para cuthair(05)
Mensaje Y / 09:09:00:000 / cuthair(05) / progress /      1.00000 para barber(03)
Mensaje D / 09:09:00:000 / cuthair(05) / ... para barber(03)
Mensaje X / 09:09:00:000 / barber(03) / progress /      1.00000 para checkhair(04)
Mensaje D / 09:09:00:000 / checkhair(04) / 00:01:00:000 para barber(03)
Mensaje D / 09:09:00:000 / barber(03) / 00:01:00:000 para top(01)
Mensaje D / 09:09:00:000 / top(01) / 00:01:00:000 para Root(00)
Mensaje * / 09:10:00:000 / Root(00) para top(01)
Mensaje * / 09:10:00:000 / top(01) para barber(03)
Mensaje * / 09:10:00:000 / barber(03) para checkhair(04)
Mensaje Y / 09:10:00:000 / checkhair(04) / cutcontinue /      5.00000 para barber(03)
Mensaje D / 09:10:00:000 / checkhair(04) / ... para barber(03)
Mensaje X / 09:10:00:000 / barber(03) / cutcontinue /      5.00000 para cuthair(05)
Mensaje D / 09:10:00:000 / cuthair(05) / 00:01:00:000 para barber(03)
Mensaje D / 09:10:00:000 / barber(03) / 00:01:00:000 para top(01)
Mensaje D / 09:10:00:000 / top(01) / 00:01:00:000 para Root(00)
Mensaje * / 09:11:00:000 / Root(00) para top(01)
Mensaje * / 09:11:00:000 / top(01) para barber(03)
Mensaje * / 09:11:00:000 / barber(03) para cuthair(05)
Mensaje Y / 09:11:00:000 / cuthair(05) / progress /      1.00000 para barber(03)
Mensaje D / 09:11:00:000 / cuthair(05) / ... para barber(03)
Mensaje X / 09:11:00:000 / barber(03) / progress /      1.00000 para checkhair(04)
Mensaje D / 09:11:00:000 / checkhair(04) / 00:01:00:000 para barber(03)
Mensaje D / 09:11:00:000 / barber(03) / 00:01:00:000 para top(01)
Mensaje D / 09:11:00:000 / top(01) / 00:01:00:000 para Root(00)
Mensaje * / 09:12:00:000 / Root(00) para top(01)
Mensaje * / 09:12:00:000 / top(01) para barber(03)
Mensaje * / 09:12:00:000 / barber(03) para checkhair(04)
Mensaje Y / 09:12:00:000 / checkhair(04) / cutcontinue /      6.00000 para barber(03)
Mensaje D / 09:12:00:000 / checkhair(04) / ... para barber(03)
Mensaje X / 09:12:00:000 / barber(03) / cutcontinue /      6.00000 para cuthair(05)
Mensaje D / 09:12:00:000 / cuthair(05) / 00:01:00:000 para barber(03)
Mensaje D / 09:12:00:000 / barber(03) / 00:01:00:000 para top(01)
Mensaje D / 09:12:00:000 / top(01) / 00:01:00:000 para Root(00)
Mensaje * / 09:13:00:000 / Root(00) para top(01)
Mensaje * / 09:13:00:000 / top(01) para barber(03)
Mensaje * / 09:13:00:000 / barber(03) para cuthair(05)
Mensaje Y / 09:13:00:000 / cuthair(05) / progress /      1.00000 para barber(03)
Mensaje D / 09:13:00:000 / cuthair(05) / ... para barber(03)
Mensaje X / 09:13:00:000 / barber(03) / progress /      1.00000 para checkhair(04)
Mensaje D / 09:13:00:000 / checkhair(04) / 00:01:00:000 para barber(03)
Mensaje D / 09:13:00:000 / barber(03) / 00:01:00:000 para top(01)
Mensaje D / 09:13:00:000 / top(01) / 00:01:00:000 para Root(00)
Mensaje * / 09:14:00:000 / Root(00) para top(01)
Mensaje * / 09:14:00:000 / top(01) para barber(03)
Mensaje * / 09:14:00:000 / barber(03) para checkhair(04)
Mensaje Y / 09:14:00:000 / checkhair(04) / cutcontinue /      7.00000 para barber(03)
Mensaje D / 09:14:00:000 / checkhair(04) / ... para barber(03)
Mensaje X / 09:14:00:000 / barber(03) / cutcontinue /      7.00000 para cuthair(05)
Mensaje D / 09:14:00:000 / cuthair(05) / 00:01:00:000 para barber(03)
Mensaje D / 09:14:00:000 / barber(03) / 00:01:00:000 para top(01)
Mensaje D / 09:14:00:000 / top(01) / 00:01:00:000 para Root(00)
Mensaje * / 09:15:00:000 / Root(00) para top(01)
Mensaje * / 09:15:00:000 / top(01) para barber(03)
Mensaje * / 09:15:00:000 / barber(03) para cuthair(05)
Mensaje Y / 09:15:00:000 / cuthair(05) / progress /      1.00000 para barber(03)
Mensaje D / 09:15:00:000 / cuthair(05) / ... para barber(03)
Mensaje X / 09:15:00:000 / barber(03) / progress /      1.00000 para checkhair(04)
Mensaje D / 09:15:00:000 / checkhair(04) / 00:01:00:000 para barber(03)
Mensaje D / 09:15:00:000 / barber(03) / 00:01:00:000 para top(01)
Mensaje D / 09:15:00:000 / top(01) / 00:01:00:000 para Root(00)
Mensaje * / 09:16:00:000 / Root(00) para top(01)
Mensaje * / 09:16:00:000 / top(01) para barber(03)
Mensaje * / 09:16:00:000 / barber(03) para checkhair(04)
Mensaje Y / 09:16:00:000 / checkhair(04) / cutcontinue /      8.00000 para barber(03)
Mensaje D / 09:16:00:000 / checkhair(04) / ... para barber(03)
Mensaje X / 09:16:00:000 / barber(03) / cutcontinue /      8.00000 para cuthair(05)
Mensaje D / 09:16:00:000 / cuthair(05) / 00:01:00:000 para barber(03)
Mensaje D / 09:16:00:000 / barber(03) / 00:01:00:000 para top(01)
Mensaje D / 09:16:00:000 / top(01) / 00:01:00:000 para Root(00)
Mensaje * / 09:17:00:000 / Root(00) para top(01)
Mensaje * / 09:17:00:000 / top(01) para barber(03)
Mensaje * / 09:17:00:000 / barber(03) para cuthair(05)
Mensaje Y / 09:17:00:000 / cuthair(05) / progress /      1.00000 para barber(03)
Mensaje D / 09:17:00:000 / cuthair(05) / ... para barber(03)
Mensaje X / 09:17:00:000 / barber(03) / progress /      1.00000 para checkhair(04)
Mensaje D / 09:17:00:000 / checkhair(04) / 00:01:00:000 para barber(03)
Mensaje D / 09:17:00:000 / barber(03) / 00:01:00:000 para top(01)
Mensaje D / 09:17:00:000 / top(01) / 00:01:00:000 para Root(00)
Mensaje * / 09:18:00:000 / Root(00) para top(01)
Mensaje * / 09:18:00:000 / top(01) para barber(03)
Mensaje * / 09:18:00:000 / barber(03) para checkhair(04)
Mensaje Y / 09:18:00:000 / checkhair(04) / cutcontinue /      9.00000 para barber(03)
Mensaje D / 09:18:00:000 / checkhair(04) / ... para barber(03)
Mensaje X / 09:18:00:000 / barber(03) / cutcontinue /      9.00000 para cuthair(05)
Mensaje D / 09:18:00:000 / cuthair(05) / 00:01:00:000 para barber(03)
Mensaje D / 09:18:00:000 / barber(03) / 00:01:00:000 para top(01)
Mensaje D / 09:18:00:000 / top(01) / 00:01:00:000 para Root(00)
Mensaje * / 09:19:00:000 / Root(00) para top(01)
Mensaje * / 09:19:00:000 / top(01) para barber(03)
Mensaje * / 09:19:00:000 / barber(03) para cuthair(05)
Mensaje Y / 09:19:00:000 / cuthair(05) / progress /      1.00000 para barber(03)
Mensaje D / 09:19:00:000 / cuthair(05) / ... para barber(03)
Mensaje X / 09:19:00:000 / barber(03) / progress /      1.00000 para checkhair(04)
Mensaje D / 09:19:00:000 / checkhair(04) / 00:01:00:000 para barber(03)
Mensaje D / 09:19:00:000 / barber(03) / 00:01:00:000 para top(01)
Mensaje D / 09:19:00:000 / top(01) / 00:01:00:000 para Root(00)
Mensaje * / 09:20:00:000 / Root(00) para top(01)
Mensaje * / 09:20:00:000 / top(01) para barber(03)
Mensaje * / 09:20:00:000 / barber(03) para checkhair(04)
Mensaje Y / 09:20:00:000 / checkhair(04) / finished /      9.00000 para barber(03)
Mensaje D / 09:20:00:000 / checkhair(04) / ... para barber(03)
Mensaje Y / 09:20:00:000 / barber(03) / out /      9.00000 para top(01)
Mensaje D / 09:20:00:000 / barber(03) / ... para top(01)
Mensaje Y / 09:20:00:000 / top(01) / finished /      9.00000 para Root(00)
Mensaje X / 09:20:00:000 / top(01) / next /      9.00000 para reception(02)
Mensaje D / 09:20:00:000 / reception(02) / 00:01:00:000 para top(01)
Mensaje D / 09:20:00:000 / top(01) / 00:01:00:000 para Root(00)
Mensaje * / 09:21:00:000 / Root(00) para top(01)
Mensaje * / 09:21:00:000 / top(01) para reception(02)
Mensaje Y / 09:21:00:000 / reception(02) / cust /      8.00000 para top(01)
Mensaje D / 09:21:00:000 / reception(02) / ... para top(01)
Mensaje X / 09:21:00:000 / top(01) / in /      8.00000 para barber(03)
Mensaje X / 09:21:00:000 / barber(03) / cust /      8.00000 para checkhair(04)
Mensaje D / 09:21:00:000 / checkhair(04) / 00:01:00:000 para barber(03)
Mensaje D / 09:21:00:000 / barber(03) / 00:01:00:000 para top(01)
Mensaje D / 09:21:00:000 / top(01) / 00:01:00:000 para Root(00)
Mensaje * / 09:22:00:000 / Root(00) para top(01)
Mensaje * / 09:22:00:000 / top(01) para barber(03)
Mensaje * / 09:22:00:000 / barber(03) para checkhair(04)
Mensaje Y / 09:22:00:000 / checkhair(04) / cutcontinue /      1.00000 para barber(03)
Mensaje D / 09:22:00:000 / checkhair(04) / ... para barber(03)
Mensaje X / 09:22:00:000 / barber(03) / cutcontinue /      1.00000 para cuthair(05)
Mensaje D / 09:22:00:000 / cuthair(05) / 00:01:00:000 para barber(03)
Mensaje D / 09:22:00:000 / barber(03) / 00:01:00:000 para top(01)
Mensaje D / 09:22:00:000 / top(01) / 00:01:00:000 para Root(00)
Mensaje * / 09:23:00:000 / Root(00) para top(01)
Mensaje * / 09:23:00:000 / top(01) para barber(03)
Mensaje * / 09:23:00:000 / barber(03) para cuthair(05)
Mensaje Y / 09:23:00:000 / cuthair(05) / progress /      1.00000 para barber(03)
Mensaje D / 09:23:00:000 / cuthair(05) / ... para barber(03)
Mensaje X / 09:23:00:000 / barber(03) / progress /      1.00000 para checkhair(04)
Mensaje D / 09:23:00:000 / checkhair(04) / 00:01:00:000 para barber(03)
Mensaje D / 09:23:00:000 / barber(03) / 00:01:00:000 para top(01)
Mensaje D / 09:23:00:000 / top(01) / 00:01:00:000 para Root(00)
Mensaje * / 09:24:00:000 / Root(00) para top(01)
Mensaje * / 09:24:00:000 / top(01) para barber(03)
Mensaje * / 09:24:00:000 / barber(03) para checkhair(04)
Mensaje Y / 09:24:00:000 / checkhair(04) / cutcontinue /      2.00000 para barber(03)
Mensaje D / 09:24:00:000 / checkhair(04) / ... para barber(03)
Mensaje X / 09:24:00:000 / barber(03) / cutcontinue /      2.00000 para cuthair(05)
Mensaje D / 09:24:00:000 / cuthair(05) / 00:01:00:000 para barber(03)
Mensaje D / 09:24:00:000 / barber(03) / 00:01:00:000 para top(01)
Mensaje D / 09:24:00:000 / top(01) / 00:01:00:000 para Root(00)
Mensaje * / 09:25:00:000 / Root(00) para top(01)
Mensaje * / 09:25:00:000 / top(01) para barber(03)
Mensaje * / 09:25:00:000 / barber(03) para cuthair(05)
Mensaje Y / 09:25:00:000 / cuthair(05) / progress /      1.00000 para barber(03)
Mensaje D / 09:25:00:000 / cuthair(05) / ... para barber(03)
Mensaje X / 09:25:00:000 / barber(03) / progress /      1.00000 para checkhair(04)
Mensaje D / 09:25:00:000 / checkhair(04) / 00:01:00:000 para barber(03)
Mensaje D / 09:25:00:000 / barber(03) / 00:01:00:000 para top(01)
Mensaje D / 09:25:00:000 / top(01) / 00:01:00:000 para Root(00)
Mensaje * / 09:26:00:000 / Root(00) para top(01)
Mensaje * / 09:26:00:000 / top(01) para barber(03)
Mensaje * / 09:26:00:000 / barber(03) para checkhair(04)
Mensaje Y / 09:26:00:000 / checkhair(04) / cutcontinue /      3.00000 para barber(03)
Mensaje D / 09:26:00:000 / checkhair(04) / ... para barber(03)
Mensaje X / 09:26:00:000 / barber(03) / cutcontinue /      3.00000 para cuthair(05)
Mensaje D / 09:26:00:000 / cuthair(05) / 00:01:00:000 para barber(03)
Mensaje D / 09:26:00:000 / barber(03) / 00:01:00:000 para top(01)
Mensaje D / 09:26:00:000 / top(01) / 00:01:00:000 para Root(00)
Mensaje * / 09:27:00:000 / Root(00) para top(01)
Mensaje * / 09:27:00:000 / top(01) para barber(03)
Mensaje * / 09:27:00:000 / barber(03) para cuthair(05)
Mensaje Y / 09:27:00:000 / cuthair(05) / progress /      1.00000 para barber(03)
Mensaje D / 09:27:00:000 / cuthair(05) / ... para barber(03)
Mensaje X / 09:27:00:000 / barber(03) / progress /      1.00000 para checkhair(04)
Mensaje D / 09:27:00:000 / checkhair(04) / 00:01:00:000 para barber(03)
Mensaje D / 09:27:00:000 / barber(03) / 00:01:00:000 para top(01)
Mensaje D / 09:27:00:000 / top(01) / 00:01:00:000 para Root(00)
Mensaje * / 09:28:00:000 / Root(00) para top(01)
Mensaje * / 09:28:00:000 / top(01) para barber(03)
Mensaje * / 09:28:00:000 / barber(03) para checkhair(04)
Mensaje Y / 09:28:00:000 / checkhair(04) / cutcontinue /      4.00000 para barber(03)
Mensaje D / 09:28:00:000 / checkhair(04) / ... para barber(03)
Mensaje X / 09:28:00:000 / barber(03) / cutcontinue /      4.00000 para cuthair(05)
Mensaje D / 09:28:00:000 / cuthair(05) / 00:01:00:000 para barber(03)
Mensaje D / 09:28:00:000 / barber(03) / 00:01:00:000 para top(01)
Mensaje D / 09:28:00:000 / top(01) / 00:01:00:000 para Root(00)
Mensaje * / 09:29:00:000 / Root(00) para top(01)
Mensaje * / 09:29:00:000 / top(01) para barber(03)
Mensaje * / 09:29:00:000 / barber(03) para cuthair(05)
Mensaje Y / 09:29:00:000 / cuthair(05) / progress /      1.00000 para barber(03)
Mensaje D / 09:29:00:000 / cuthair(05) / ... para barber(03)
Mensaje X / 09:29:00:000 / barber(03) / progress /      1.00000 para checkhair(04)
Mensaje D / 09:29:00:000 / checkhair(04) / 00:01:00:000 para barber(03)
Mensaje D / 09:29:00:000 / barber(03) / 00:01:00:000 para top(01)
Mensaje D / 09:29:00:000 / top(01) / 00:01:00:000 para Root(00)
Mensaje * / 09:30:00:000 / Root(00) para top(01)
Mensaje * / 09:30:00:000 / top(01) para barber(03)
Mensaje * / 09:30:00:000 / barber(03) para checkhair(04)
Mensaje Y / 09:30:00:000 / checkhair(04) / cutcontinue /      5.00000 para barber(03)
Mensaje D / 09:30:00:000 / checkhair(04) / ... para barber(03)
Mensaje X / 09:30:00:000 / barber(03) / cutcontinue /      5.00000 para cuthair(05)
Mensaje D / 09:30:00:000 / cuthair(05) / 00:01:00:000 para barber(03)
Mensaje D / 09:30:00:000 / barber(03) / 00:01:00:000 para top(01)
Mensaje D / 09:30:00:000 / top(01) / 00:01:00:000 para Root(00)
Mensaje * / 09:31:00:000 / Root(00) para top(01)
Mensaje * / 09:31:00:000 / top(01) para barber(03)
Mensaje * / 09:31:00:000 / barber(03) para cuthair(05)
Mensaje Y / 09:31:00:000 / cuthair(05) / progress /      1.00000 para barber(03)
Mensaje D / 09:31:00:000 / cuthair(05) / ... para barber(03)
Mensaje X / 09:31:00:000 / barber(03) / progress /      1.00000 para checkhair(04)
Mensaje D / 09:31:00:000 / checkhair(04) / 00:01:00:000 para barber(03)
Mensaje D / 09:31:00:000 / barber(03) / 00:01:00:000 para top(01)
Mensaje D / 09:31:00:000 / top(01) / 00:01:00:000 para Root(00)
Mensaje * / 09:32:00:000 / Root(00) para top(01)
Mensaje * / 09:32:00:000 / top(01) para barber(03)
Mensaje * / 09:32:00:000 / barber(03) para checkhair(04)
Mensaje Y / 09:32:00:000 / checkhair(04) / cutcontinue /      6.00000 para barber(03)
Mensaje D / 09:32:00:000 / checkhair(04) / ... para barber(03)
Mensaje X / 09:32:00:000 / barber(03) / cutcontinue /      6.00000 para cuthair(05)
Mensaje D / 09:32:00:000 / cuthair(05) / 00:01:00:000 para barber(03)
Mensaje D / 09:32:00:000 / barber(03) / 00:01:00:000 para top(01)
Mensaje D / 09:32:00:000 / top(01) / 00:01:00:000 para Root(00)
Mensaje * / 09:33:00:000 / Root(00) para top(01)
Mensaje * / 09:33:00:000 / top(01) para barber(03)
Mensaje * / 09:33:00:000 / barber(03) para cuthair(05)
Mensaje Y / 09:33:00:000 / cuthair(05) / progress /      1.00000 para barber(03)
Mensaje D / 09:33:00:000 / cuthair(05) / ... para barber(03)
Mensaje X / 09:33:00:000 / barber(03) / progress /      1.00000 para checkhair(04)
Mensaje D / 09:33:00:000 / checkhair(04) / 00:01:00:000 para barber(03)
Mensaje D / 09:33:00:000 / barber(03) / 00:01:00:000 para top(01)
Mensaje D / 09:33:00:000 / top(01) / 00:01:00:000 para Root(00)
Mensaje * / 09:34:00:000 / Root(00) para top(01)
Mensaje * / 09:34:00:000 / top(01) para barber(03)
Mensaje * / 09:34:00:000 / barber(03) para checkhair(04)
Mensaje Y / 09:34:00:000 / checkhair(04) / cutcontinue /      7.00000 para barber(03)
Mensaje D / 09:34:00:000 / checkhair(04) / ... para barber(03)
Mensaje X / 09:34:00:000 / barber(03) / cutcontinue /      7.00000 para cuthair(05)
Mensaje D / 09:34:00:000 / cuthair(05) / 00:01:00:000 para barber(03)
Mensaje D / 09:34:00:000 / barber(03) / 00:01:00:000 para top(01)
Mensaje D / 09:34:00:000 / top(01) / 00:01:00:000 para Root(00)
Mensaje * / 09:35:00:000 / Root(00) para top(01)
Mensaje * / 09:35:00:000 / top(01) para barber(03)
Mensaje * / 09:35:00:000 / barber(03) para cuthair(05)
Mensaje Y / 09:35:00:000 / cuthair(05) / progress /      1.00000 para barber(03)
Mensaje D / 09:35:00:000 / cuthair(05) / ... para barber(03)
Mensaje X / 09:35:00:000 / barber(03) / progress /      1.00000 para checkhair(04)
Mensaje D / 09:35:00:000 / checkhair(04) / 00:01:00:000 para barber(03)
Mensaje D / 09:35:00:000 / barber(03) / 00:01:00:000 para top(01)
Mensaje D / 09:35:00:000 / top(01) / 00:01:00:000 para Root(00)
Mensaje * / 09:36:00:000 / Root(00) para top(01)
Mensaje * / 09:36:00:000 / top(01) para barber(03)
Mensaje * / 09:36:00:000 / barber(03) para checkhair(04)
Mensaje Y / 09:36:00:000 / checkhair(04) / cutcontinue /      8.00000 para barber(03)
Mensaje D / 09:36:00:000 / checkhair(04) / ... para barber(03)
Mensaje X / 09:36:00:000 / barber(03) / cutcontinue /      8.00000 para cuthair(05)
Mensaje D / 09:36:00:000 / cuthair(05) / 00:01:00:000 para barber(03)
Mensaje D / 09:36:00:000 / barber(03) / 00:01:00:000 para top(01)
Mensaje D / 09:36:00:000 / top(01) / 00:01:00:000 para Root(00)
Mensaje * / 09:37:00:000 / Root(00) para top(01)
Mensaje * / 09:37:00:000 / top(01) para barber(03)
Mensaje * / 09:37:00:000 / barber(03) para cuthair(05)
Mensaje Y / 09:37:00:000 / cuthair(05) / progress /      1.00000 para barber(03)
Mensaje D / 09:37:00:000 / cuthair(05) / ... para barber(03)
Mensaje X / 09:37:00:000 / barber(03) / progress /      1.00000 para checkhair(04)
Mensaje D / 09:37:00:000 / checkhair(04) / 00:01:00:000 para barber(03)
Mensaje D / 09:37:00:000 / barber(03) / 00:01:00:000 para top(01)
Mensaje D / 09:37:00:000 / top(01) / 00:01:00:000 para Root(00)
Mensaje * / 09:38:00:000 / Root(00) para top(01)
Mensaje * / 09:38:00:000 / top(01) para barber(03)
Mensaje * / 09:38:00:000 / barber(03) para checkhair(04)
Mensaje Y / 09:38:00:000 / checkhair(04) / finished /      8.00000 para barber(03)
Mensaje D / 09:38:00:000 / checkhair(04) / ... para barber(03)
Mensaje Y / 09:38:00:000 / barber(03) / out /      8.00000 para top(01)
Mensaje D / 09:38:00:000 / barber(03) / ... para top(01)
Mensaje Y / 09:38:00:000 / top(01) / finished /      8.00000 para Root(00)
Mensaje X / 09:38:00:000 / top(01) / next /      8.00000 para reception(02)
Mensaje D / 09:38:00:000 / reception(02) / 00:01:00:000 para top(01)
Mensaje D / 09:38:00:000 / top(01) / 00:01:00:000 para Root(00)
Mensaje * / 09:39:00:000 / Root(00) para top(01)
Mensaje * / 09:39:00:000 / top(01) para reception(02)
Mensaje Y / 09:39:00:000 / reception(02) / cust /      7.00000 para top(01)
Mensaje D / 09:39:00:000 / reception(02) / ... para top(01)
Mensaje X / 09:39:00:000 / top(01) / in /      7.00000 para barber(03)
Mensaje X / 09:39:00:000 / barber(03) / cust /      7.00000 para checkhair(04)
Mensaje D / 09:39:00:000 / checkhair(04) / 00:01:00:000 para barber(03)
Mensaje D / 09:39:00:000 / barber(03) / 00:01:00:000 para top(01)
Mensaje D / 09:39:00:000 / top(01) / 00:01:00:000 para Root(00)
Mensaje * / 09:40:00:000 / Root(00) para top(01)
Mensaje * / 09:40:00:000 / top(01) para barber(03)
Mensaje * / 09:40:00:000 / barber(03) para checkhair(04)
Mensaje Y / 09:40:00:000 / checkhair(04) / cutcontinue /      1.00000 para barber(03)
Mensaje D / 09:40:00:000 / checkhair(04) / ... para barber(03)
Mensaje X / 09:40:00:000 / barber(03) / cutcontinue /      1.00000 para cuthair(05)
Mensaje D / 09:40:00:000 / cuthair(05) / 00:01:00:000 para barber(03)
Mensaje D / 09:40:00:000 / barber(03) / 00:01:00:000 para top(01)
Mensaje D / 09:40:00:000 / top(01) / 00:01:00:000 para Root(00)
Mensaje * / 09:41:00:000 / Root(00) para top(01)
Mensaje * / 09:41:00:000 / top(01) para barber(03)
Mensaje * / 09:41:00:000 / barber(03) para cuthair(05)
Mensaje Y / 09:41:00:000 / cuthair(05) / progress /      1.00000 para barber(03)
Mensaje D / 09:41:00:000 / cuthair(05) / ... para barber(03)
Mensaje X / 09:41:00:000 / barber(03) / progress /      1.00000 para checkhair(04)
Mensaje D / 09:41:00:000 / checkhair(04) / 00:01:00:000 para barber(03)
Mensaje D / 09:41:00:000 / barber(03) / 00:01:00:000 para top(01)
Mensaje D / 09:41:00:000 / top(01) / 00:01:00:000 para Root(00)
Mensaje * / 09:42:00:000 / Root(00) para top(01)
Mensaje * / 09:42:00:000 / top(01) para barber(03)
Mensaje * / 09:42:00:000 / barber(03) para checkhair(04)
Mensaje Y / 09:42:00:000 / checkhair(04) / cutcontinue /      2.00000 para barber(03)
Mensaje D / 09:42:00:000 / checkhair(04) / ... para barber(03)
Mensaje X / 09:42:00:000 / barber(03) / cutcontinue /      2.00000 para cuthair(05)
Mensaje D / 09:42:00:000 / cuthair(05) / 00:01:00:000 para barber(03)
Mensaje D / 09:42:00:000 / barber(03) / 00:01:00:000 para top(01)
Mensaje D / 09:42:00:000 / top(01) / 00:01:00:000 para Root(00)
Mensaje * / 09:43:00:000 / Root(00) para top(01)
Mensaje * / 09:43:00:000 / top(01) para barber(03)
Mensaje * / 09:43:00:000 / barber(03) para cuthair(05)
Mensaje Y / 09:43:00:000 / cuthair(05) / progress /      1.00000 para barber(03)
Mensaje D / 09:43:00:000 / cuthair(05) / ... para barber(03)
Mensaje X / 09:43:00:000 / barber(03) / progress /      1.00000 para checkhair(04)
Mensaje D / 09:43:00:000 / checkhair(04) / 00:01:00:000 para barber(03)
Mensaje D / 09:43:00:000 / barber(03) / 00:01:00:000 para top(01)
Mensaje D / 09:43:00:000 / top(01) / 00:01:00:000 para Root(00)
Mensaje * / 09:44:00:000 / Root(00) para top(01)
Mensaje * / 09:44:00:000 / top(01) para barber(03)
Mensaje * / 09:44:00:000 / barber(03) para checkhair(04)
Mensaje Y / 09:44:00:000 / checkhair(04) / cutcontinue /      3.00000 para barber(03)
Mensaje D / 09:44:00:000 / checkhair(04) / ... para barber(03)
Mensaje X / 09:44:00:000 / barber(03) / cutcontinue /      3.00000 para cuthair(05)
Mensaje D / 09:44:00:000 / cuthair(05) / 00:01:00:000 para barber(03)
Mensaje D / 09:44:00:000 / barber(03) / 00:01:00:000 para top(01)
Mensaje D / 09:44:00:000 / top(01) / 00:01:00:000 para Root(00)
Mensaje * / 09:45:00:000 / Root(00) para top(01)
Mensaje * / 09:45:00:000 / top(01) para barber(03)
Mensaje * / 09:45:00:000 / barber(03) para cuthair(05)
Mensaje Y / 09:45:00:000 / cuthair(05) / progress /      1.00000 para barber(03)
Mensaje D / 09:45:00:000 / cuthair(05) / ... para barber(03)
Mensaje X / 09:45:00:000 / barber(03) / progress /      1.00000 para checkhair(04)
Mensaje D / 09:45:00:000 / checkhair(04) / 00:01:00:000 para barber(03)
Mensaje D / 09:45:00:000 / barber(03) / 00:01:00:000 para top(01)
Mensaje D / 09:45:00:000 / top(01) / 00:01:00:000 para Root(00)
Mensaje * / 09:46:00:000 / Root(00) para top(01)
Mensaje * / 09:46:00:000 / top(01) para barber(03)
Mensaje * / 09:46:00:000 / barber(03) para checkhair(04)
Mensaje Y / 09:46:00:000 / checkhair(04) / cutcontinue /      4.00000 para barber(03)
Mensaje D / 09:46:00:000 / checkhair(04) / ... para barber(03)
Mensaje X / 09:46:00:000 / barber(03) / cutcontinue /      4.00000 para cuthair(05)
Mensaje D / 09:46:00:000 / cuthair(05) / 00:01:00:000 para barber(03)
Mensaje D / 09:46:00:000 / barber(03) / 00:01:00:000 para top(01)
Mensaje D / 09:46:00:000 / top(01) / 00:01:00:000 para Root(00)
Mensaje * / 09:47:00:000 / Root(00) para top(01)
Mensaje * / 09:47:00:000 / top(01) para barber(03)
Mensaje * / 09:47:00:000 / barber(03) para cuthair(05)
Mensaje Y / 09:47:00:000 / cuthair(05) / progress /      1.00000 para barber(03)
Mensaje D / 09:47:00:000 / cuthair(05) / ... para barber(03)
Mensaje X / 09:47:00:000 / barber(03) / progress /      1.00000 para checkhair(04)
Mensaje D / 09:47:00:000 / checkhair(04) / 00:01:00:000 para barber(03)
Mensaje D / 09:47:00:000 / barber(03) / 00:01:00:000 para top(01)
Mensaje D / 09:47:00:000 / top(01) / 00:01:00:000 para Root(00)
Mensaje * / 09:48:00:000 / Root(00) para top(01)
Mensaje * / 09:48:00:000 / top(01) para barber(03)
Mensaje * / 09:48:00:000 / barber(03) para checkhair(04)
Mensaje Y / 09:48:00:000 / checkhair(04) / cutcontinue /      5.00000 para barber(03)
Mensaje D / 09:48:00:000 / checkhair(04) / ... para barber(03)
Mensaje X / 09:48:00:000 / barber(03) / cutcontinue /      5.00000 para cuthair(05)
Mensaje D / 09:48:00:000 / cuthair(05) / 00:01:00:000 para barber(03)
Mensaje D / 09:48:00:000 / barber(03) / 00:01:00:000 para top(01)
Mensaje D / 09:48:00:000 / top(01) / 00:01:00:000 para Root(00)
Mensaje * / 09:49:00:000 / Root(00) para top(01)
Mensaje * / 09:49:00:000 / top(01) para barber(03)
Mensaje * / 09:49:00:000 / barber(03) para cuthair(05)
Mensaje Y / 09:49:00:000 / cuthair(05) / progress /      1.00000 para barber(03)
Mensaje D / 09:49:00:000 / cuthair(05) / ... para barber(03)
Mensaje X / 09:49:00:000 / barber(03) / progress /      1.00000 para checkhair(04)
Mensaje D / 09:49:00:000 / checkhair(04) / 00:01:00:000 para barber(03)
Mensaje D / 09:49:00:000 / barber(03) / 00:01:00:000 para top(01)
Mensaje D / 09:49:00:000 / top(01) / 00:01:00:000 para Root(00)
Mensaje * / 09:50:00:000 / Root(00) para top(01)
Mensaje * / 09:50:00:000 / top(01) para barber(03)
Mensaje * / 09:50:00:000 / barber(03) para checkhair(04)
Mensaje Y / 09:50:00:000 / checkhair(04) / cutcontinue /      6.00000 para barber(03)
Mensaje D / 09:50:00:000 / checkhair(04) / ... para barber(03)
Mensaje X / 09:50:00:000 / barber(03) / cutcontinue /      6.00000 para cuthair(05)
Mensaje D / 09:50:00:000 / cuthair(05) / 00:01:00:000 para barber(03)
Mensaje D / 09:50:00:000 / barber(03) / 00:01:00:000 para top(01)
Mensaje D / 09:50:00:000 / top(01) / 00:01:00:000 para Root(00)
Mensaje * / 09:51:00:000 / Root(00) para top(01)
Mensaje * / 09:51:00:000 / top(01) para barber(03)
Mensaje * / 09:51:00:000 / barber(03) para cuthair(05)
Mensaje Y / 09:51:00:000 / cuthair(05) / progress /      1.00000 para barber(03)
Mensaje D / 09:51:00:000 / cuthair(05) / ... para barber(03)
Mensaje X / 09:51:00:000 / barber(03) / progress /      1.00000 para checkhair(04)
Mensaje D / 09:51:00:000 / checkhair(04) / 00:01:00:000 para barber(03)
Mensaje D / 09:51:00:000 / barber(03) / 00:01:00:000 para top(01)
Mensaje D / 09:51:00:000 / top(01) / 00:01:00:000 para Root(00)
Mensaje * / 09:52:00:000 / Root(00) para top(01)
Mensaje * / 09:52:00:000 / top(01) para barber(03)
Mensaje * / 09:52:00:000 / barber(03) para checkhair(04)
Mensaje Y / 09:52:00:000 / checkhair(04) / cutcontinue /      7.00000 para barber(03)
Mensaje D / 09:52:00:000 / checkhair(04) / ... para barber(03)
Mensaje X / 09:52:00:000 / barber(03) / cutcontinue /      7.00000 para cuthair(05)
Mensaje D / 09:52:00:000 / cuthair(05) / 00:01:00:000 para barber(03)
Mensaje D / 09:52:00:000 / barber(03) / 00:01:00:000 para top(01)
Mensaje D / 09:52:00:000 / top(01) / 00:01:00:000 para Root(00)
Mensaje * / 09:53:00:000 / Root(00) para top(01)
Mensaje * / 09:53:00:000 / top(01) para barber(03)
Mensaje * / 09:53:00:000 / barber(03) para cuthair(05)
Mensaje Y / 09:53:00:000 / cuthair(05) / progress /      1.00000 para barber(03)
Mensaje D / 09:53:00:000 / cuthair(05) / ... para barber(03)
Mensaje X / 09:53:00:000 / barber(03) / progress /      1.00000 para checkhair(04)
Mensaje D / 09:53:00:000 / checkhair(04) / 00:01:00:000 para barber(03)
Mensaje D / 09:53:00:000 / barber(03) / 00:01:00:000 para top(01)
Mensaje D / 09:53:00:000 / top(01) / 00:01:00:000 para Root(00)
Mensaje * / 09:54:00:000 / Root(00) para top(01)
Mensaje * / 09:54:00:000 / top(01) para barber(03)
Mensaje * / 09:54:00:000 / barber(03) para checkhair(04)
Mensaje Y / 09:54:00:000 / checkhair(04) / finished /      7.00000 para barber(03)
Mensaje D / 09:54:00:000 / checkhair(04) / ... para barber(03)
Mensaje Y / 09:54:00:000 / barber(03) / out /      7.00000 para top(01)
Mensaje D / 09:54:00:000 / barber(03) / ... para top(01)
Mensaje Y / 09:54:00:000 / top(01) / finished /      7.00000 para Root(00)
Mensaje X / 09:54:00:000 / top(01) / next /      7.00000 para reception(02)
Mensaje D / 09:54:00:000 / reception(02) / 00:01:00:000 para top(01)
Mensaje D / 09:54:00:000 / top(01) / 00:01:00:000 para Root(00)
Mensaje * / 09:55:00:000 / Root(00) para top(01)
Mensaje * / 09:55:00:000 / top(01) para reception(02)
Mensaje Y / 09:55:00:000 / reception(02) / cust /      6.00000 para top(01)
Mensaje D / 09:55:00:000 / reception(02) / ... para top(01)
Mensaje X / 09:55:00:000 / top(01) / in /      6.00000 para barber(03)
Mensaje X / 09:55:00:000 / barber(03) / cust /      6.00000 para checkhair(04)
Mensaje D / 09:55:00:000 / checkhair(04) / 00:01:00:000 para barber(03)
Mensaje D / 09:55:00:000 / barber(03) / 00:01:00:000 para top(01)
Mensaje D / 09:55:00:000 / top(01) / 00:01:00:000 para Root(00)
Mensaje * / 09:56:00:000 / Root(00) para top(01)
Mensaje * / 09:56:00:000 / top(01) para barber(03)
Mensaje * / 09:56:00:000 / barber(03) para checkhair(04)
Mensaje Y / 09:56:00:000 / checkhair(04) / cutcontinue /      1.00000 para barber(03)
Mensaje D / 09:56:00:000 / checkhair(04) / ... para barber(03)
Mensaje X / 09:56:00:000 / barber(03) / cutcontinue /      1.00000 para cuthair(05)
Mensaje D / 09:56:00:000 / cuthair(05) / 00:01:00:000 para barber(03)
Mensaje D / 09:56:00:000 / barber(03) / 00:01:00:000 para top(01)
Mensaje D / 09:56:00:000 / top(01) / 00:01:00:000 para Root(00)
Mensaje * / 09:57:00:000 / Root(00) para top(01)
Mensaje * / 09:57:00:000 / top(01) para barber(03)
Mensaje * / 09:57:00:000 / barber(03) para cuthair(05)
Mensaje Y / 09:57:00:000 / cuthair(05) / progress /      1.00000 para barber(03)
Mensaje D / 09:57:00:000 / cuthair(05) / ... para barber(03)
Mensaje X / 09:57:00:000 / barber(03) / progress /      1.00000 para checkhair(04)
Mensaje D / 09:57:00:000 / checkhair(04) / 00:01:00:000 para barber(03)
Mensaje D / 09:57:00:000 / barber(03) / 00:01:00:000 para top(01)
Mensaje D / 09:57:00:000 / top(01) / 00:01:00:000 para Root(00)
Mensaje * / 09:58:00:000 / Root(00) para top(01)
Mensaje * / 09:58:00:000 / top(01) para barber(03)
Mensaje * / 09:58:00:000 / barber(03) para checkhair(04)
Mensaje Y / 09:58:00:000 / checkhair(04) / cutcontinue /      2.00000 para barber(03)
Mensaje D / 09:58:00:000 / checkhair(04) / ... para barber(03)
Mensaje X / 09:58:00:000 / barber(03) / cutcontinue /      2.00000 para cuthair(05)
Mensaje D / 09:58:00:000 / cuthair(05) / 00:01:00:000 para barber(03)
Mensaje D / 09:58:00:000 / barber(03) / 00:01:00:000 para top(01)
Mensaje D / 09:58:00:000 / top(01) / 00:01:00:000 para Root(00)
Mensaje * / 09:59:00:000 / Root(00) para top(01)
Mensaje * / 09:59:00:000 / top(01) para barber(03)
Mensaje * / 09:59:00:000 / barber(03) para cuthair(05)
Mensaje Y / 09:59:00:000 / cuthair(05) / progress /      1.00000 para barber(03)
Mensaje D / 09:59:00:000 / cuthair(05) / ... para barber(03)
Mensaje X / 09:59:00:000 / barber(03) / progress /      1.00000 para checkhair(04)
Mensaje D / 09:59:00:000 / checkhair(04) / 00:01:00:000 para barber(03)
Mensaje D / 09:59:00:000 / barber(03) / 00:01:00:000 para top(01)
Mensaje D / 09:59:00:000 / top(01) / 00:01:00:000 para Root(00)
Mensaje * / 10:00:00:000 / Root(00) para top(01)
Mensaje * / 10:00:00:000 / top(01) para barber(03)
Mensaje * / 10:00:00:000 / barber(03) para checkhair(04)
Mensaje Y / 10:00:00:000 / checkhair(04) / cutcontinue /      3.00000 para barber(03)
Mensaje D / 10:00:00:000 / checkhair(04) / ... para barber(03)
Mensaje X / 10:00:00:000 / barber(03) / cutcontinue /      3.00000 para cuthair(05)
Mensaje D / 10:00:00:000 / cuthair(05) / 00:01:00:000 para barber(03)
Mensaje D / 10:00:00:000 / barber(03) / 00:01:00:000 para top(01)
Mensaje D / 10:00:00:000 / top(01) / 00:01:00:000 para Root(00)
Mensaje * / 10:01:00:000 / Root(00) para top(01)
Mensaje * / 10:01:00:000 / top(01) para barber(03)
Mensaje * / 10:01:00:000 / barber(03) para cuthair(05)
Mensaje Y / 10:01:00:000 / cuthair(05) / progress /      1.00000 para barber(03)
Mensaje D / 10:01:00:000 / cuthair(05) / ... para barber(03)
Mensaje X / 10:01:00:000 / barber(03) / progress /      1.00000 para checkhair(04)
Mensaje D / 10:01:00:000 / checkhair(04) / 00:01:00:000 para barber(03)
Mensaje D / 10:01:00:000 / barber(03) / 00:01:00:000 para top(01)
Mensaje D / 10:01:00:000 / top(01) / 00:01:00:000 para Root(00)
Mensaje * / 10:02:00:000 / Root(00) para top(01)
Mensaje * / 10:02:00:000 / top(01) para barber(03)
Mensaje * / 10:02:00:000 / barber(03) para checkhair(04)
Mensaje Y / 10:02:00:000 / checkhair(04) / cutcontinue /      4.00000 para barber(03)
Mensaje D / 10:02:00:000 / checkhair(04) / ... para barber(03)
Mensaje X / 10:02:00:000 / barber(03) / cutcontinue /      4.00000 para cuthair(05)
Mensaje D / 10:02:00:000 / cuthair(05) / 00:01:00:000 para barber(03)
Mensaje D / 10:02:00:000 / barber(03) / 00:01:00:000 para top(01)
Mensaje D / 10:02:00:000 / top(01) / 00:01:00:000 para Root(00)
Mensaje * / 10:03:00:000 / Root(00) para top(01)
Mensaje * / 10:03:00:000 / top(01) para barber(03)
Mensaje * / 10:03:00:000 / barber(03) para cuthair(05)
Mensaje Y / 10:03:00:000 / cuthair(05) / progress /      1.00000 para barber(03)
Mensaje D / 10:03:00:000 / cuthair(05) / ... para barber(03)
Mensaje X / 10:03:00:000 / barber(03) / progress /      1.00000 para checkhair(04)
Mensaje D / 10:03:00:000 / checkhair(04) / 00:01:00:000 para barber(03)
Mensaje D / 10:03:00:000 / barber(03) / 00:01:00:000 para top(01)
Mensaje D / 10:03:00:000 / top(01) / 00:01:00:000 para Root(00)
Mensaje * / 10:04:00:000 / Root(00) para top(01)
Mensaje * / 10:04:00:000 / top(01) para barber(03)
Mensaje * / 10:04:00:000 / barber(03) para checkhair(04)
Mensaje Y / 10:04:00:000 / checkhair(04) / cutcontinue /      5.00000 para barber(03)
Mensaje D / 10:04:00:000 / checkhair(04) / ... para barber(03)
Mensaje X / 10:04:00:000 / barber(03) / cutcontinue /      5.00000 para cuthair(05)
Mensaje D / 10:04:00:000 / cuthair(05) / 00:01:00:000 para barber(03)
Mensaje D / 10:04:00:000 / barber(03) / 00:01:00:000 para top(01)
Mensaje D / 10:04:00:000 / top(01) / 00:01:00:000 para Root(00)
Mensaje * / 10:05:00:000 / Root(00) para top(01)
Mensaje * / 10:05:00:000 / top(01) para barber(03)
Mensaje * / 10:05:00:000 / barber(03) para cuthair(05)
Mensaje Y / 10:05:00:000 / cuthair(05) / progress /      1.00000 para barber(03)
Mensaje D / 10:05:00:000 / cuthair(05) / ... para barber(03)
Mensaje X / 10:05:00:000 / barber(03) / progress /      1.00000 para checkhair(04)
Mensaje D / 10:05:00:000 / checkhair(04) / 00:01:00:000 para barber(03)
Mensaje D / 10:05:00:000 / barber(03) / 00:01:00:000 para top(01)
Mensaje D / 10:05:00:000 / top(01) / 00:01:00:000 para Root(00)
Mensaje * / 10:06:00:000 / Root(00) para top(01)
Mensaje * / 10:06:00:000 / top(01) para barber(03)
Mensaje * / 10:06:00:000 / barber(03) para checkhair(04)
Mensaje Y / 10:06:00:000 / checkhair(04) / cutcontinue /      6.00000 para barber(03)
Mensaje D / 10:06:00:000 / checkhair(04) / ... para barber(03)
Mensaje X / 10:06:00:000 / barber(03) / cutcontinue /      6.00000 para cuthair(05)
Mensaje D / 10:06:00:000 / cuthair(05) / 00:01:00:000 para barber(03)
Mensaje D / 10:06:00:000 / barber(03) / 00:01:00:000 para top(01)
Mensaje D / 10:06:00:000 / top(01) / 00:01:00:000 para Root(00)
Mensaje * / 10:07:00:000 / Root(00) para top(01)
Mensaje * / 10:07:00:000 / top(01) para barber(03)
Mensaje * / 10:07:00:000 / barber(03) para cuthair(05)
Mensaje Y / 10:07:00:000 / cuthair(05) / progress /      1.00000 para barber(03)
Mensaje D / 10:07:00:000 / cuthair(05) / ... para barber(03)
Mensaje X / 10:07:00:000 / barber(03) / progress /      1.00000 para checkhair(04)
Mensaje D / 10:07:00:000 / checkhair(04) / 00:01:00:000 para barber(03)
Mensaje D / 10:07:00:000 / barber(03) / 00:01:00:000 para top(01)
Mensaje D / 10:07:00:000 / top(01) / 00:01:00:000 para Root(00)
Mensaje * / 10:08:00:000 / Root(00) para top(01)
Mensaje * / 10:08:00:000 / top(01) para barber(03)
Mensaje * / 10:08:00:000 / barber(03) para checkhair(04)
Mensaje Y / 10:08:00:000 / checkhair(04) / finished /      6.00000 para barber(03)
Mensaje D / 10:08:00:000 / checkhair(04) / ... para barber(03)
Mensaje Y / 10:08:00:000 / barber(03) / out /      6.00000 para top(01)
Mensaje D / 10:08:00:000 / barber(03) / ... para top(01)
Mensaje Y / 10:08:00:000 / top(01) / finished /      6.00000 para Root(00)
Mensaje X / 10:08:00:000 / top(01) / next /      6.00000 para reception(02)
Mensaje D / 10:08:00:000 / reception(02) / 00:01:00:000 para top(01)
Mensaje D / 10:08:00:000 / top(01) / 00:01:00:000 para Root(00)
Mensaje * / 10:09:00:000 / Root(00) para top(01)
Mensaje * / 10:09:00:000 / top(01) para reception(02)
Mensaje Y / 10:09:00:000 / reception(02) / cust /      0.00000 para top(01)
Mensaje D / 10:09:00:000 / reception(02) / ... para top(01)
Mensaje X / 10:09:00:000 / top(01) / in /      0.00000 para barber(03)
Mensaje X / 10:09:00:000 / barber(03) / cust /      0.00000 para checkhair(04)
Mensaje D / 10:09:00:000 / checkhair(04) / 00:01:00:000 para barber(03)
Mensaje D / 10:09:00:000 / barber(03) / 00:01:00:000 para top(01)
Mensaje D / 10:09:00:000 / top(01) / 00:01:00:000 para Root(00)
Mensaje * / 10:10:00:000 / Root(00) para top(01)
Mensaje * / 10:10:00:000 / top(01) para barber(03)
Mensaje * / 10:10:00:000 / barber(03) para checkhair(04)
Mensaje Y / 10:10:00:000 / checkhair(04) / cutcontinue /      1.00000 para barber(03)
Mensaje D / 10:10:00:000 / checkhair(04) / ... para barber(03)
Mensaje X / 10:10:00:000 / barber(03) / cutcontinue /      1.00000 para cuthair(05)
Mensaje D / 10:10:00:000 / cuthair(05) / 00:01:00:000 para barber(03)
Mensaje D / 10:10:00:000 / barber(03) / 00:01:00:000 para top(01)
Mensaje D / 10:10:00:000 / top(01) / 00:01:00:000 para Root(00)
Mensaje * / 10:11:00:000 / Root(00) para top(01)
Mensaje * / 10:11:00:000 / top(01) para barber(03)
Mensaje * / 10:11:00:000 / barber(03) para cuthair(05)
Mensaje Y / 10:11:00:000 / cuthair(05) / progress /      1.00000 para barber(03)
Mensaje D / 10:11:00:000 / cuthair(05) / ... para barber(03)
Mensaje X / 10:11:00:000 / barber(03) / progress /      1.00000 para checkhair(04)
Mensaje D / 10:11:00:000 / checkhair(04) / ... para barber(03)
Mensaje D / 10:11:00:000 / barber(03) / ... para top(01)
Mensaje D / 10:11:00:000 / top(01) / ... para Root(00)
Mensaje X / 15:00:00:000 / Root(00) / newcust /      9.00000 para top(01)
Mensaje X / 15:00:00:000 / top(01) / newcust /      9.00000 para reception(02)
Mensaje D / 15:00:00:000 / reception(02) / ... para top(01)
Mensaje D / 15:00:00:000 / top(01) / ... para Root(00)
Mensaje X / 15:00:00:000 / Root(00) / newcust /      8.00000 para top(01)
Mensaje X / 15:00:00:000 / top(01) / newcust /      8.00000 para reception(02)
Mensaje D / 15:00:00:000 / reception(02) / ... para top(01)
Mensaje D / 15:00:00:000 / top(01) / ... para Root(00)
Mensaje X / 15:00:00:000 / Root(00) / newcust /      7.00000 para top(01)
Mensaje X / 15:00:00:000 / top(01) / newcust /      7.00000 para reception(02)
Mensaje D / 15:00:00:000 / reception(02) / ... para top(01)
Mensaje D / 15:00:00:000 / top(01) / ... para Root(00)
Mensaje X / 15:00:00:000 / Root(00) / newcust /      6.00000 para top(01)
Mensaje X / 15:00:00:000 / top(01) / newcust /      6.00000 para reception(02)
Mensaje D / 15:00:00:000 / reception(02) / ... para top(01)
Mensaje D / 15:00:00:000 / top(01) / ... para Root(00)
Mensaje X / 15:00:00:000 / Root(00) / newcust /      5.00000 para top(01)
Mensaje X / 15:00:00:000 / top(01) / newcust /      5.00000 para reception(02)
Mensaje D / 15:00:00:000 / reception(02) / ... para top(01)
Mensaje D / 15:00:00:000 / top(01) / ... para Root(00)
Mensaje X / 15:00:00:000 / Root(00) / newcust /      4.00000 para top(01)
Mensaje X / 15:00:00:000 / top(01) / newcust /      4.00000 para reception(02)
Mensaje D / 15:00:00:000 / reception(02) / ... para top(01)
Mensaje D / 15:00:00:000 / top(01) / ... para Root(00)
Mensaje X / 15:00:00:000 / Root(00) / newcust /      3.00000 para top(01)
Mensaje X / 15:00:00:000 / top(01) / newcust /      3.00000 para reception(02)
Mensaje D / 15:00:00:000 / reception(02) / ... para top(01)
Mensaje D / 15:00:00:000 / top(01) / ... para Root(00)
Mensaje X / 15:00:00:000 / Root(00) / newcust /      2.00000 para top(01)
Mensaje X / 15:00:00:000 / top(01) / newcust /      2.00000 para reception(02)
Mensaje D / 15:00:00:000 / reception(02) / ... para top(01)
Mensaje D / 15:00:00:000 / top(01) / ... para Root(00)
Mensaje X / 15:00:00:000 / Root(00) / newcust /      1.00000 para top(01)
Mensaje X / 15:00:00:000 / top(01) / newcust /      1.00000 para reception(02)
Mensaje D / 15:00:00:000 / reception(02) / ... para top(01)
Mensaje D / 15:00:00:000 / top(01) / ... para Root(00)
Mensaje X / 16:00:00:000 / Root(00) / newcust /      9.00000 para top(01)
Mensaje X / 16:00:00:000 / top(01) / newcust /      9.00000 para reception(02)
Mensaje D / 16:00:00:000 / reception(02) / ... para top(01)
Mensaje D / 16:00:00:000 / top(01) / ... para Root(00)
