Mensaje I / 00:00:00:000 / Root(00) para top(01)
Mensaje I / 00:00:00:000 / top(01) para checkhair(02)
Mensaje I / 00:00:00:000 / top(01) para cuthair(03)
Mensaje D / 00:00:00:000 / checkhair(02) / ... para top(01)
Mensaje D / 00:00:00:000 / cuthair(03) / ... para top(01)
Mensaje D / 00:00:00:000 / top(01) / ... para Root(00)
Mensaje X / 08:00:00:000 / Root(00) / cust /     -3.00000 para top(01)
Mensaje X / 08:00:00:000 / top(01) / cust /     -3.00000 para checkhair(02)
Mensaje D / 08:00:00:000 / checkhair(02) / 00:01:00:000 para top(01)
Mensaje D / 08:00:00:000 / top(01) / 00:01:00:000 para Root(00)
Mensaje * / 08:01:00:000 / Root(00) para top(01)
Mensaje * / 08:01:00:000 / top(01) para checkhair(02)
Mensaje Y / 08:01:00:000 / checkhair(02) / cutcontinue /      1.00000 para top(01)
Mensaje D / 08:01:00:000 / checkhair(02) / ... para top(01)
Mensaje X / 08:01:00:000 / top(01) / cutcontinue /      1.00000 para cuthair(03)
Mensaje D / 08:01:00:000 / cuthair(03) / 00:01:00:000 para top(01)
Mensaje D / 08:01:00:000 / top(01) / 00:01:00:000 para Root(00)
Mensaje * / 08:02:00:000 / Root(00) para top(01)
Mensaje * / 08:02:00:000 / top(01) para cuthair(03)
Mensaje Y / 08:02:00:000 / cuthair(03) / progress /      1.00000 para top(01)
Mensaje D / 08:02:00:000 / cuthair(03) / ... para top(01)
Mensaje X / 08:02:00:000 / top(01) / progress /      1.00000 para checkhair(02)
Mensaje D / 08:02:00:000 / checkhair(02) / 00:01:00:000 para top(01)
Mensaje D / 08:02:00:000 / top(01) / 00:01:00:000 para Root(00)
Mensaje * / 08:03:00:000 / Root(00) para top(01)
Mensaje * / 08:03:00:000 / top(01) para checkhair(02)
Mensaje Y / 08:03:00:000 / checkhair(02) / cutcontinue /      2.00000 para top(01)
Mensaje D / 08:03:00:000 / checkhair(02) / ... para top(01)
Mensaje X / 08:03:00:000 / top(01) / cutcontinue /      2.00000 para cuthair(03)
Mensaje D / 08:03:00:000 / cuthair(03) / 00:01:00:000 para top(01)
Mensaje D / 08:03:00:000 / top(01) / 00:01:00:000 para Root(00)
Mensaje * / 08:04:00:000 / Root(00) para top(01)
Mensaje * / 08:04:00:000 / top(01) para cuthair(03)
Mensaje Y / 08:04:00:000 / cuthair(03) / progress /      1.00000 para top(01)
Mensaje D / 08:04:00:000 / cuthair(03) / ... para top(01)
Mensaje X / 08:04:00:000 / top(01) / progress /      1.00000 para checkhair(02)
Mensaje D / 08:04:00:000 / checkhair(02) / 00:01:00:000 para top(01)
Mensaje D / 08:04:00:000 / top(01) / 00:01:00:000 para Root(00)
Mensaje * / 08:05:00:000 / Root(00) para top(01)
Mensaje * / 08:05:00:000 / top(01) para checkhair(02)
Mensaje Y / 08:05:00:000 / checkhair(02) / cutcontinue /      3.00000 para top(01)
Mensaje D / 08:05:00:000 / checkhair(02) / ... para top(01)
Mensaje X / 08:05:00:000 / top(01) / cutcontinue /      3.00000 para cuthair(03)
Mensaje D / 08:05:00:000 / cuthair(03) / 00:01:00:000 para top(01)
Mensaje D / 08:05:00:000 / top(01) / 00:01:00:000 para Root(00)
Mensaje * / 08:06:00:000 / Root(00) para top(01)
Mensaje * / 08:06:00:000 / top(01) para cuthair(03)
Mensaje Y / 08:06:00:000 / cuthair(03) / progress /      1.00000 para top(01)
Mensaje D / 08:06:00:000 / cuthair(03) / ... para top(01)
Mensaje X / 08:06:00:000 / top(01) / progress /      1.00000 para checkhair(02)
Mensaje D / 08:06:00:000 / checkhair(02) / 00:01:00:000 para top(01)
Mensaje D / 08:06:00:000 / top(01) / 00:01:00:000 para Root(00)
Mensaje * / 08:07:00:000 / Root(00) para top(01)
Mensaje * / 08:07:00:000 / top(01) para checkhair(02)
Mensaje Y / 08:07:00:000 / checkhair(02) / finished /      3.00000 para top(01)
Mensaje D / 08:07:00:000 / checkhair(02) / ... para top(01)
Mensaje Y / 08:07:00:000 / top(01) / finished /      3.00000 para Root(00)
Mensaje D / 08:07:00:000 / top(01) / ... para Root(00)
Mensaje X / 11:00:00:000 / Root(00) / cust /     -0.00000 para top(01)
Mensaje X / 11:00:00:000 / top(01) / cust /     -0.00000 para checkhair(02)
Mensaje D / 11:00:00:000 / checkhair(02) / 00:01:00:000 para top(01)
Mensaje D / 11:00:00:000 / top(01) / 00:01:00:000 para Root(00)
Mensaje X / 11:00:00:000 / Root(00) / cust /     19.00000 para top(01)
Mensaje X / 11:00:00:000 / top(01) / cust /     19.00000 para checkhair(02)
Mensaje D / 11:00:00:000 / checkhair(02) / 00:01:00:000 para top(01)
Mensaje D / 11:00:00:000 / top(01) / 00:01:00:000 para Root(00)
Mensaje X / 11:00:00:000 / Root(00) / cust /     18.00000 para top(01)
Mensaje X / 11:00:00:000 / top(01) / cust /     18.00000 para checkhair(02)
Mensaje D / 11:00:00:000 / checkhair(02) / 00:01:00:000 para top(01)
Mensaje D / 11:00:00:000 / top(01) / 00:01:00:000 para Root(00)
Mensaje X / 11:00:00:000 / Root(00) / cust /     17.00000 para top(01)
Mensaje X / 11:00:00:000 / top(01) / cust /     17.00000 para checkhair(02)
Mensaje D / 11:00:00:000 / checkhair(02) / 00:01:00:000 para top(01)
Mensaje D / 11:00:00:000 / top(01) / 00:01:00:000 para Root(00)
Mensaje X / 11:00:00:000 / Root(00) / cust /     16.00000 para top(01)
Mensaje X / 11:00:00:000 / top(01) / cust /     16.00000 para checkhair(02)
Mensaje D / 11:00:00:000 / checkhair(02) / 00:01:00:000 para top(01)
Mensaje D / 11:00:00:000 / top(01) / 00:01:00:000 para Root(00)
Mensaje X / 11:00:00:000 / Root(00) / cust /      0.00000 para top(01)
Mensaje X / 11:00:00:000 / top(01) / cust /      0.00000 para checkhair(02)
Mensaje D / 11:00:00:000 / checkhair(02) / 00:01:00:000 para top(01)
Mensaje D / 11:00:00:000 / top(01) / 00:01:00:000 para Root(00)
Mensaje X / 11:00:00:000 / Root(00) / cust /     14.00000 para top(01)
Mensaje X / 11:00:00:000 / top(01) / cust /     14.00000 para checkhair(02)
Mensaje D / 11:00:00:000 / checkhair(02) / 00:01:00:000 para top(01)
Mensaje D / 11:00:00:000 / top(01) / 00:01:00:000 para Root(00)
Mensaje X / 11:00:00:000 / Root(00) / cust /     13.00000 para top(01)
Mensaje X / 11:00:00:000 / top(01) / cust /     13.00000 para checkhair(02)
Mensaje D / 11:00:00:000 / checkhair(02) / 00:01:00:000 para top(01)
Mensaje D / 11:00:00:000 / top(01) / 00:01:00:000 para Root(00)
Mensaje X / 11:00:00:000 / Root(00) / cust /     12.00000 para top(01)
Mensaje X / 11:00:00:000 / top(01) / cust /     12.00000 para checkhair(02)
Mensaje D / 11:00:00:000 / checkhair(02) / 00:01:00:000 para top(01)
Mensaje D / 11:00:00:000 / top(01) / 00:01:00:000 para Root(00)
Mensaje X / 11:00:00:000 / Root(00) / cust /     11.00000 para top(01)
Mensaje X / 11:00:00:000 / top(01) / cust /     11.00000 para checkhair(02)
Mensaje D / 11:00:00:000 / checkhair(02) / 00:01:00:000 para top(01)
Mensaje D / 11:00:00:000 / top(01) / 00:01:00:000 para Root(00)
Mensaje * / 11:01:00:000 / Root(00) para top(01)
Mensaje * / 11:01:00:000 / top(01) para checkhair(02)
Mensaje Y / 11:01:00:000 / checkhair(02) / cutcontinue /      1.00000 para top(01)
Mensaje D / 11:01:00:000 / checkhair(02) / ... para top(01)
Mensaje X / 11:01:00:000 / top(01) / cutcontinue /      1.00000 para cuthair(03)
Mensaje D / 11:01:00:000 / cuthair(03) / 00:01:00:000 para top(01)
Mensaje D / 11:01:00:000 / top(01) / 00:01:00:000 para Root(00)
Mensaje * / 11:02:00:000 / Root(00) para top(01)
Mensaje * / 11:02:00:000 / top(01) para cuthair(03)
Mensaje Y / 11:02:00:000 / cuthair(03) / progress /      1.00000 para top(01)
Mensaje D / 11:02:00:000 / cuthair(03) / ... para top(01)
Mensaje X / 11:02:00:000 / top(01) / progress /      1.00000 para checkhair(02)
Mensaje D / 11:02:00:000 / checkhair(02) / ... para top(01)
Mensaje D / 11:02:00:000 / top(01) / ... para Root(00)
Mensaje X / 15:00:00:000 / Root(00) / cust /     10.00000 para top(01)
Mensaje X / 15:00:00:000 / top(01) / cust /     10.00000 para checkhair(02)
Mensaje D / 15:00:00:000 / checkhair(02) / ... para top(01)
Mensaje D / 15:00:00:000 / top(01) / ... para Root(00)
Mensaje X / 15:00:00:000 / Root(00) / cust /      9.00000 para top(01)
Mensaje X / 15:00:00:000 / top(01) / cust /      9.00000 para checkhair(02)
Mensaje D / 15:00:00:000 / checkhair(02) / ... para top(01)
Mensaje D / 15:00:00:000 / top(01) / ... para Root(00)
Mensaje X / 15:00:00:000 / Root(00) / cust /      8.00000 para top(01)
Mensaje X / 15:00:00:000 / top(01) / cust /      8.00000 para checkhair(02)
Mensaje D / 15:00:00:000 / checkhair(02) / ... para top(01)
Mensaje D / 15:00:00:000 / top(01) / ... para Root(00)
Mensaje X / 15:00:00:000 / Root(00) / cust /      7.00000 para top(01)
Mensaje X / 15:00:00:000 / top(01) / cust /      7.00000 para checkhair(02)
Mensaje D / 15:00:00:000 / checkhair(02) / ... para top(01)
Mensaje D / 15:00:00:000 / top(01) / ... para Root(00)
Mensaje X / 15:00:00:000 / Root(00) / cust /     10.00000 para top(01)
Mensaje X / 15:00:00:000 / top(01) / cust /     10.00000 para checkhair(02)
Mensaje D / 15:00:00:000 / checkhair(02) / ... para top(01)
Mensaje D / 15:00:00:000 / top(01) / ... para Root(00)
Mensaje X / 15:00:00:000 / Root(00) / cust /     10.00000 para top(01)
Mensaje X / 15:00:00:000 / top(01) / cust /     10.00000 para checkhair(02)
Mensaje D / 15:00:00:000 / checkhair(02) / ... para top(01)
Mensaje D / 15:00:00:000 / top(01) / ... para Root(00)
Mensaje X / 15:00:00:000 / Root(00) / cust /     10.00000 para top(01)
Mensaje X / 15:00:00:000 / top(01) / cust /     10.00000 para checkhair(02)
Mensaje D / 15:00:00:000 / checkhair(02) / ... para top(01)
Mensaje D / 15:00:00:000 / top(01) / ... para Root(00)
Mensaje X / 15:00:00:000 / Root(00) / cust /     10.00000 para top(01)
Mensaje X / 15:00:00:000 / top(01) / cust /     10.00000 para checkhair(02)
Mensaje D / 15:00:00:000 / checkhair(02) / ... para top(01)
Mensaje D / 15:00:00:000 / top(01) / ... para Root(00)
Mensaje X / 15:00:00:000 / Root(00) / cust /     10.00000 para top(01)
Mensaje X / 15:00:00:000 / top(01) / cust /     10.00000 para checkhair(02)
Mensaje D / 15:00:00:000 / checkhair(02) / ... para top(01)
Mensaje D / 15:00:00:000 / top(01) / ... para Root(00)
Mensaje X / 16:00:00:000 / Root(00) / cust /     10.00000 para top(01)
Mensaje X / 16:00:00:000 / top(01) / cust /     10.00000 para checkhair(02)
Mensaje D / 16:00:00:000 / checkhair(02) / ... para top(01)
Mensaje D / 16:00:00:000 / top(01) / ... para Root(00)
