Mensaje I / 00:00:00:000 / Root(00) para top(01)
Mensaje I / 00:00:00:000 / top(01) para checkhair(02)
Mensaje I / 00:00:00:000 / top(01) para cuthair(03)
Mensaje D / 00:00:00:000 / checkhair(02) / ... para top(01)
Mensaje D / 00:00:00:000 / cuthair(03) / ... para top(01)
Mensaje D / 00:00:00:000 / top(01) / ... para Root(00)
Mensaje X / 08:03:00:000 / Root(00) / cust /     -3.00000 para top(01)
Mensaje X / 08:03:00:000 / top(01) / cust /     -3.00000 para checkhair(02)
Mensaje D / 08:03:00:000 / checkhair(02) / 00:00:09:000 para top(01)
Mensaje D / 08:03:00:000 / top(01) / 00:00:09:000 para Root(00)
Mensaje * / 08:03:09:000 / Root(00) para top(01)
Mensaje * / 08:03:09:000 / top(01) para checkhair(02)
Mensaje Y / 08:03:09:000 / checkhair(02) / cutcontinue /      1.00000 para top(01)
Mensaje D / 08:03:09:000 / checkhair(02) / ... para top(01)
Mensaje X / 08:03:09:000 / top(01) / cutcontinue /      1.00000 para cuthair(03)
Mensaje D / 08:03:09:000 / cuthair(03) / 00:00:11:000 para top(01)
Mensaje D / 08:03:09:000 / top(01) / 00:00:11:000 para Root(00)
Mensaje * / 08:03:20:000 / Root(00) para top(01)
Mensaje * / 08:03:20:000 / top(01) para cuthair(03)
Mensaje Y / 08:03:20:000 / cuthair(03) / progress /      1.00000 para top(01)
Mensaje D / 08:03:20:000 / cuthair(03) / ... para top(01)
Mensaje X / 08:03:20:000 / top(01) / progress /      1.00000 para checkhair(02)
Mensaje D / 08:03:20:000 / checkhair(02) / 00:00:09:000 para top(01)
Mensaje D / 08:03:20:000 / top(01) / 00:00:09:000 para Root(00)
Mensaje * / 08:03:29:000 / Root(00) para top(01)
Mensaje * / 08:03:29:000 / top(01) para checkhair(02)
Mensaje Y / 08:03:29:000 / checkhair(02) / cutcontinue /      2.00000 para top(01)
Mensaje D / 08:03:29:000 / checkhair(02) / ... para top(01)
Mensaje X / 08:03:29:000 / top(01) / cutcontinue /      2.00000 para cuthair(03)
Mensaje D / 08:03:29:000 / cuthair(03) / 00:00:11:000 para top(01)
Mensaje D / 08:03:29:000 / top(01) / 00:00:11:000 para Root(00)
Mensaje * / 08:03:40:000 / Root(00) para top(01)
Mensaje * / 08:03:40:000 / top(01) para cuthair(03)
Mensaje Y / 08:03:40:000 / cuthair(03) / progress /      1.00000 para top(01)
Mensaje D / 08:03:40:000 / cuthair(03) / ... para top(01)
Mensaje X / 08:03:40:000 / top(01) / progress /      1.00000 para checkhair(02)
Mensaje D / 08:03:40:000 / checkhair(02) / 00:00:09:000 para top(01)
Mensaje D / 08:03:40:000 / top(01) / 00:00:09:000 para Root(00)
Mensaje * / 08:03:49:000 / Root(00) para top(01)
Mensaje * / 08:03:49:000 / top(01) para checkhair(02)
Mensaje Y / 08:03:49:000 / checkhair(02) / cutcontinue /      3.00000 para top(01)
Mensaje D / 08:03:49:000 / checkhair(02) / ... para top(01)
Mensaje X / 08:03:49:000 / top(01) / cutcontinue /      3.00000 para cuthair(03)
Mensaje D / 08:03:49:000 / cuthair(03) / 00:00:11:000 para top(01)
Mensaje D / 08:03:49:000 / top(01) / 00:00:11:000 para Root(00)
Mensaje * / 08:04:00:000 / Root(00) para top(01)
Mensaje * / 08:04:00:000 / top(01) para cuthair(03)
Mensaje Y / 08:04:00:000 / cuthair(03) / progress /      1.00000 para top(01)
Mensaje D / 08:04:00:000 / cuthair(03) / ... para top(01)
Mensaje X / 08:04:00:000 / top(01) / progress /      1.00000 para checkhair(02)
Mensaje D / 08:04:00:000 / checkhair(02) / 00:00:09:000 para top(01)
Mensaje D / 08:04:00:000 / top(01) / 00:00:09:000 para Root(00)
Mensaje * / 08:04:09:000 / Root(00) para top(01)
Mensaje * / 08:04:09:000 / top(01) para checkhair(02)
Mensaje Y / 08:04:09:000 / checkhair(02) / finished /      3.00000 para top(01)
Mensaje D / 08:04:09:000 / checkhair(02) / ... para top(01)
Mensaje Y / 08:04:09:000 / top(01) / finished /      3.00000 para Root(00)
Mensaje D / 08:04:09:000 / top(01) / ... para Root(00)
Mensaje X / 11:03:00:000 / Root(00) / cust /     -0.00000 para top(01)
Mensaje X / 11:03:00:000 / top(01) / cust /     -0.00000 para checkhair(02)
Mensaje D / 11:03:00:000 / checkhair(02) / 00:00:09:000 para top(01)
Mensaje D / 11:03:00:000 / top(01) / 00:00:09:000 para Root(00)
Mensaje X / 11:03:01:000 / Root(00) / cust /     19.00000 para top(01)
Mensaje X / 11:03:01:000 / top(01) / cust /     19.00000 para checkhair(02)
Mensaje D / 11:03:01:000 / checkhair(02) / 00:00:08:000 para top(01)
Mensaje D / 11:03:01:000 / top(01) / 00:00:08:000 para Root(00)
Mensaje X / 11:03:02:000 / Root(00) / cust /     18.00000 para top(01)
Mensaje X / 11:03:02:000 / top(01) / cust /     18.00000 para checkhair(02)
Mensaje D / 11:03:02:000 / checkhair(02) / 00:00:07:000 para top(01)
Mensaje D / 11:03:02:000 / top(01) / 00:00:07:000 para Root(00)
Mensaje X / 11:03:03:000 / Root(00) / cust /     17.00000 para top(01)
Mensaje X / 11:03:03:000 / top(01) / cust /     17.00000 para checkhair(02)
Mensaje D / 11:03:03:000 / checkhair(02) / 00:00:06:000 para top(01)
Mensaje D / 11:03:03:000 / top(01) / 00:00:06:000 para Root(00)
Mensaje * / 11:03:09:000 / Root(00) para top(01)
Mensaje * / 11:03:09:000 / top(01) para checkhair(02)
Mensaje Y / 11:03:09:000 / checkhair(02) / cutcontinue /      1.00000 para top(01)
Mensaje D / 11:03:09:000 / checkhair(02) / ... para top(01)
Mensaje X / 11:03:09:000 / top(01) / cutcontinue /      1.00000 para cuthair(03)
Mensaje D / 11:03:09:000 / cuthair(03) / 00:00:11:000 para top(01)
Mensaje D / 11:03:09:000 / top(01) / 00:00:11:000 para Root(00)
Mensaje X / 11:03:10:000 / Root(00) / cust /     16.00000 para top(01)
Mensaje X / 11:03:10:000 / top(01) / cust /     16.00000 para checkhair(02)
Mensaje D / 11:03:10:000 / checkhair(02) / ... para top(01)
Mensaje D / 11:03:10:000 / top(01) / 00:00:10:000 para Root(00)
Mensaje X / 11:03:20:000 / Root(00) / cust /     15.00000 para top(01)
Mensaje X / 11:03:20:000 / top(01) / cust /     15.00000 para checkhair(02)
Mensaje D / 11:03:20:000 / checkhair(02) / ... para top(01)
Mensaje D / 11:03:20:000 / top(01) / 00:00:00:000 para Root(00)
Mensaje * / 11:03:20:000 / Root(00) para top(01)
Mensaje * / 11:03:20:000 / top(01) para cuthair(03)
Mensaje Y / 11:03:20:000 / cuthair(03) / progress /      1.00000 para top(01)
Mensaje D / 11:03:20:000 / cuthair(03) / ... para top(01)
Mensaje X / 11:03:20:000 / top(01) / progress /      1.00000 para checkhair(02)
Mensaje D / 11:03:20:000 / checkhair(02) / ... para top(01)
Mensaje D / 11:03:20:000 / top(01) / ... para Root(00)
Mensaje X / 11:03:30:000 / Root(00) / cust /     14.00000 para top(01)
Mensaje X / 11:03:30:000 / top(01) / cust /     14.00000 para checkhair(02)
Mensaje D / 11:03:30:000 / checkhair(02) / ... para top(01)
Mensaje D / 11:03:30:000 / top(01) / ... para Root(00)
Mensaje X / 11:20:00:000 / Root(00) / cust /     13.00000 para top(01)
Mensaje X / 11:20:00:000 / top(01) / cust /     13.00000 para checkhair(02)
Mensaje D / 11:20:00:000 / checkhair(02) / ... para top(01)
Mensaje D / 11:20:00:000 / top(01) / ... para Root(00)
Mensaje X / 11:30:00:000 / Root(00) / cust /     12.00000 para top(01)
Mensaje X / 11:30:00:000 / top(01) / cust /     12.00000 para checkhair(02)
Mensaje D / 11:30:00:000 / checkhair(02) / ... para top(01)
Mensaje D / 11:30:00:000 / top(01) / ... para Root(00)
Mensaje X / 11:40:00:000 / Root(00) / cust /     11.00000 para top(01)
Mensaje X / 11:40:00:000 / top(01) / cust /     11.00000 para checkhair(02)
Mensaje D / 11:40:00:000 / checkhair(02) / ... para top(01)
Mensaje D / 11:40:00:000 / top(01) / ... para Root(00)
Mensaje X / 12:03:00:000 / Root(00) / cust /     10.00000 para top(01)
Mensaje X / 12:03:00:000 / top(01) / cust /     10.00000 para checkhair(02)
Mensaje D / 12:03:00:000 / checkhair(02) / ... para top(01)
Mensaje D / 12:03:00:000 / top(01) / ... para Root(00)
Mensaje X / 13:03:00:000 / Root(00) / cust /      9.00000 para top(01)
Mensaje X / 13:03:00:000 / top(01) / cust /      9.00000 para checkhair(02)
Mensaje D / 13:03:00:000 / checkhair(02) / ... para top(01)
Mensaje D / 13:03:00:000 / top(01) / ... para Root(00)
Mensaje X / 14:03:00:000 / Root(00) / cust /      8.00000 para top(01)
Mensaje X / 14:03:00:000 / top(01) / cust /      8.00000 para checkhair(02)
Mensaje D / 14:03:00:000 / checkhair(02) / ... para top(01)
Mensaje D / 14:03:00:000 / top(01) / ... para Root(00)
Mensaje X / 15:03:00:000 / Root(00) / cust /      7.00000 para top(01)
Mensaje X / 15:03:00:000 / top(01) / cust /      7.00000 para checkhair(02)
Mensaje D / 15:03:00:000 / checkhair(02) / ... para top(01)
Mensaje D / 15:03:00:000 / top(01) / ... para Root(00)
Mensaje X / 15:50:00:000 / Root(00) / cust /     10.00000 para top(01)
Mensaje X / 15:50:00:000 / top(01) / cust /     10.00000 para checkhair(02)
Mensaje D / 15:50:00:000 / checkhair(02) / ... para top(01)
Mensaje D / 15:50:00:000 / top(01) / ... para Root(00)
Mensaje X / 16:40:00:000 / Root(00) / cust /     10.00000 para top(01)
Mensaje X / 16:40:00:000 / top(01) / cust /     10.00000 para checkhair(02)
Mensaje D / 16:40:00:000 / checkhair(02) / ... para top(01)
Mensaje D / 16:40:00:000 / top(01) / ... para Root(00)
