Mensaje I / 00:00:00:000 / Root(00) para top(01)
Mensaje I / 00:00:00:000 / top(01) para reception(02)
Mensaje I / 00:00:00:000 / top(01) para barber(03)
Mensaje D / 00:00:00:000 / reception(02) / ... para top(01)
Mensaje I / 00:00:00:000 / barber(03) para checkhair(04)
Mensaje I / 00:00:00:000 / barber(03) para cuthair(05)
Mensaje D / 00:00:00:000 / checkhair(04) / ... para barber(03)
Mensaje D / 00:00:00:000 / cuthair(05) / ... para barber(03)
Mensaje D / 00:00:00:000 / barber(03) / ... para top(01)
Mensaje D / 00:00:00:000 / top(01) / ... para Root(00)
Mensaje X / 08:00:00:000 / Root(00) / newcust /      9.00000 para top(01)
Mensaje X / 08:00:00:000 / top(01) / newcust /      9.00000 para reception(02)
Mensaje D / 08:00:00:000 / reception(02) / ... para top(01)
Mensaje D / 08:00:00:000 / top(01) / ... para Root(00)
Mensaje X / 09:00:00:000 / Root(00) / newcust /      9.00000 para top(01)
Mensaje X / 09:00:00:000 / top(01) / newcust /      9.00000 para reception(02)
Mensaje D / 09:00:00:000 / reception(02) / 00:00:00:000 para top(01)
Mensaje D / 09:00:00:000 / top(01) / 00:00:00:000 para Root(00)
Mensaje X / 09:00:00:000 / Root(00) / newcust /      8.00000 para top(01)
Mensaje X / 09:00:00:000 / top(01) / newcust /      8.00000 para reception(02)
Mensaje D / 09:00:00:000 / reception(02) / 00:00:00:000 para top(01)
Mensaje D / 09:00:00:000 / top(01) / 00:00:00:000 para Root(00)
Mensaje X / 09:00:00:000 / Root(00) / newcust /      7.00000 para top(01)
Mensaje X / 09:00:00:000 / top(01) / newcust /      7.00000 para reception(02)
Mensaje D / 09:00:00:000 / reception(02) / 00:00:00:000 para top(01)
Mensaje D / 09:00:00:000 / top(01) / 00:00:00:000 para Root(00)
Mensaje X / 09:00:00:000 / Root(00) / newcust /      6.00000 para top(01)
Mensaje X / 09:00:00:000 / top(01) / newcust /      6.00000 para reception(02)
Mensaje D / 09:00:00:000 / reception(02) / 00:00:00:000 para top(01)
Mensaje D / 09:00:00:000 / top(01) / 00:00:00:000 para Root(00)
Mensaje X / 09:00:00:000 / Root(00) / newcust /      0.00000 para top(01)
Mensaje X / 09:00:00:000 / top(01) / newcust /      0.00000 para reception(02)
Mensaje D / 09:00:00:000 / reception(02) / 00:00:00:000 para top(01)
Mensaje D / 09:00:00:000 / top(01) / 00:00:00:000 para Root(00)
Mensaje X / 09:00:00:000 / Root(00) / newcust /      4.00000 para top(01)
Mensaje X / 09:00:00:000 / top(01) / newcust /      4.00000 para reception(02)
Mensaje D / 09:00:00:000 / reception(02) / 00:00:00:000 para top(01)
Mensaje D / 09:00:00:000 / top(01) / 00:00:00:000 para Root(00)
Mensaje * / 09:00:00:000 / Root(00) para top(01)
Mensaje * / 09:00:00:000 / top(01) para reception(02)
Mensaje Y / 09:00:00:000 / reception(02) / cust /      9.00000 para top(01)
Mensaje D / 09:00:00:000 / reception(02) / ... para top(01)
Mensaje X / 09:00:00:000 / top(01) / in /      9.00000 para barber(03)
Mensaje X / 09:00:00:000 / barber(03) / cust /      9.00000 para checkhair(04)
Mensaje D / 09:00:00:000 / checkhair(04) / 00:00:00:000 para barber(03)
Mensaje D / 09:00:00:000 / barber(03) / 00:00:00:000 para top(01)
Mensaje D / 09:00:00:000 / top(01) / 00:00:00:000 para Root(00)
Mensaje * / 09:00:00:000 / Root(00) para top(01)
Mensaje * / 09:00:00:000 / top(01) para barber(03)
Mensaje * / 09:00:00:000 / barber(03) para checkhair(04)
Mensaje Y / 09:00:00:000 / checkhair(04) / cutcontinue /      1.00000 para barber(03)
Mensaje D / 09:00:00:000 / checkhair(04) / ... para barber(03)
Mensaje X / 09:00:00:000 / barber(03) / cutcontinue /      1.00000 para cuthair(05)
Mensaje D / 09:00:00:000 / cuthair(05) / 00:00:00:000 para barber(03)
Mensaje D / 09:00:00:000 / barber(03) / 00:00:00:000 para top(01)
Mensaje D / 09:00:00:000 / top(01) / 00:00:00:000 para Root(00)
Mensaje * / 09:00:00:000 / Root(00) para top(01)
Mensaje * / 09:00:00:000 / top(01) para barber(03)
Mensaje * / 09:00:00:000 / barber(03) para cuthair(05)
Mensaje Y / 09:00:00:000 / cuthair(05) / progress /      1.00000 para barber(03)
Mensaje D / 09:00:00:000 / cuthair(05) / ... para barber(03)
Mensaje X / 09:00:00:000 / barber(03) / progress /      1.00000 para checkhair(04)
Mensaje D / 09:00:00:000 / checkhair(04) / 00:00:00:000 para barber(03)
Mensaje D / 09:00:00:000 / barber(03) / 00:00:00:000 para top(01)
Mensaje D / 09:00:00:000 / top(01) / 00:00:00:000 para Root(00)
Mensaje * / 09:00:00:000 / Root(00) para top(01)
Mensaje * / 09:00:00:000 / top(01) para barber(03)
Mensaje * / 09:00:00:000 / barber(03) para checkhair(04)
Mensaje Y / 09:00:00:000 / checkhair(04) / cutcontinue /      2.00000 para barber(03)
Mensaje D / 09:00:00:000 / checkhair(04) / ... para barber(03)
Mensaje X / 09:00:00:000 / barber(03) / cutcontinue /      2.00000 para cuthair(05)
Mensaje D / 09:00:00:000 / cuthair(05) / 00:00:00:000 para barber(03)
Mensaje D / 09:00:00:000 / barber(03) / 00:00:00:000 para top(01)
Mensaje D / 09:00:00:000 / top(01) / 00:00:00:000 para Root(00)
Mensaje * / 09:00:00:000 / Root(00) para top(01)
Mensaje * / 09:00:00:000 / top(01) para barber(03)
Mensaje * / 09:00:00:000 / barber(03) para cuthair(05)
Mensaje Y / 09:00:00:000 / cuthair(05) / progress /      1.00000 para barber(03)
Mensaje D / 09:00:00:000 / cuthair(05) / ... para barber(03)
Mensaje X / 09:00:00:000 / barber(03) / progress /      1.00000 para checkhair(04)
Mensaje D / 09:00:00:000 / checkhair(04) / 00:00:00:000 para barber(03)
Mensaje D / 09:00:00:000 / barber(03) / 00:00:00:000 para top(01)
Mensaje D / 09:00:00:000 / top(01) / 00:00:00:000 para Root(00)
Mensaje * / 09:00:00:000 / Root(00) para top(01)
Mensaje * / 09:00:00:000 / top(01) para barber(03)
Mensaje * / 09:00:00:000 / barber(03) para checkhair(04)
Mensaje Y / 09:00:00:000 / checkhair(04) / cutcontinue /      3.00000 para barber(03)
Mensaje D / 09:00:00:000 / checkhair(04) / ... para barber(03)
Mensaje X / 09:00:00:000 / barber(03) / cutcontinue /      3.00000 para cuthair(05)
Mensaje D / 09:00:00:000 / cuthair(05) / 00:00:00:000 para barber(03)
Mensaje D / 09:00:00:000 / barber(03) / 00:00:00:000 para top(01)
Mensaje D / 09:00:00:000 / top(01) / 00:00:00:000 para Root(00)
Mensaje * / 09:00:00:000 / Root(00) para top(01)
Mensaje * / 09:00:00:000 / top(01) para barber(03)
Mensaje * / 09:00:00:000 / barber(03) para cuthair(05)
Mensaje Y / 09:00:00:000 / cuthair(05) / progress /      1.00000 para barber(03)
Mensaje D / 09:00:00:000 / cuthair(05) / ... para barber(03)
Mensaje X / 09:00:00:000 / barber(03) / progress /      1.00000 para checkhair(04)
Mensaje D / 09:00:00:000 / checkhair(04) / 00:00:00:000 para barber(03)
Mensaje D / 09:00:00:000 / barber(03) / 00:00:00:000 para top(01)
Mensaje D / 09:00:00:000 / top(01) / 00:00:00:000 para Root(00)
Mensaje * / 09:00:00:000 / Root(00) para top(01)
Mensaje * / 09:00:00:000 / top(01) para barber(03)
Mensaje * / 09:00:00:000 / barber(03) para checkhair(04)
Mensaje Y / 09:00:00:000 / checkhair(04) / cutcontinue /      4.00000 para barber(03)
Mensaje D / 09:00:00:000 / checkhair(04) / ... para barber(03)
Mensaje X / 09:00:00:000 / barber(03) / cutcontinue /      4.00000 para cuthair(05)
Mensaje D / 09:00:00:000 / cuthair(05) / 00:00:00:000 para barber(03)
Mensaje D / 09:00:00:000 / barber(03) / 00:00:00:000 para top(01)
Mensaje D / 09:00:00:000 / top(01) / 00:00:00:000 para Root(00)
Mensaje * / 09:00:00:000 / Root(00) para top(01)
Mensaje * / 09:00:00:000 / top(01) para barber(03)
Mensaje * / 09:00:00:000 / barber(03) para cuthair(05)
Mensaje Y / 09:00:00:000 / cuthair(05) / progress /      1.00000 para barber(03)
Mensaje D / 09:00:00:000 / cuthair(05) / ... para barber(03)
Mensaje X / 09:00:00:000 / barber(03) / progress /      1.00000 para checkhair(04)
Mensaje D / 09:00:00:000 / checkhair(04) / 00:00:00:000 para barber(03)
Mensaje D / 09:00:00:000 / barber(03) / 00:00:00:000 para top(01)
Mensaje D / 09:00:00:000 / top(01) / 00:00:00:000 para Root(00)
Mensaje * / 09:00:00:000 / Root(00) para top(01)
Mensaje * / 09:00:00:000 / top(01) para barber(03)
Mensaje * / 09:00:00:000 / barber(03) para checkhair(04)
Mensaje Y / 09:00:00:000 / checkhair(04) / cutcontinue /      5.00000 para barber(03)
Mensaje D / 09:00:00:000 / checkhair(04) / ... para barber(03)
Mensaje X / 09:00:00:000 / barber(03) / cutcontinue /      5.00000 para cuthair(05)
Mensaje D / 09:00:00:000 / cuthair(05) / 00:00:00:000 para barber(03)
Mensaje D / 09:00:00:000 / barber(03) / 00:00:00:000 para top(01)
Mensaje D / 09:00:00:000 / top(01) / 00:00:00:000 para Root(00)
Mensaje * / 09:00:00:000 / Root(00) para top(01)
Mensaje * / 09:00:00:000 / top(01) para barber(03)
Mensaje * / 09:00:00:000 / barber(03) para cuthair(05)
Mensaje Y / 09:00:00:000 / cuthair(05) / progress /      1.00000 para barber(03)
Mensaje D / 09:00:00:000 / cuthair(05) / ... para barber(03)
Mensaje X / 09:00:00:000 / barber(03) / progress /      1.00000 para checkhair(04)
Mensaje D / 09:00:00:000 / checkhair(04) / 00:00:00:000 para barber(03)
Mensaje D / 09:00:00:000 / barber(03) / 00:00:00:000 para top(01)
Mensaje D / 09:00:00:000 / top(01) / 00:00:00:000 para Root(00)
Mensaje * / 09:00:00:000 / Root(00) para top(01)
Mensaje * / 09:00:00:000 / top(01) para barber(03)
Mensaje * / 09:00:00:000 / barber(03) para checkhair(04)
Mensaje Y / 09:00:00:000 / checkhair(04) / cutcontinue /      6.00000 para barber(03)
Mensaje D / 09:00:00:000 / checkhair(04) / ... para barber(03)
Mensaje X / 09:00:00:000 / barber(03) / cutcontinue /      6.00000 para cuthair(05)
Mensaje D / 09:00:00:000 / cuthair(05) / 00:00:00:000 para barber(03)
Mensaje D / 09:00:00:000 / barber(03) / 00:00:00:000 para top(01)
Mensaje D / 09:00:00:000 / top(01) / 00:00:00:000 para Root(00)
Mensaje * / 09:00:00:000 / Root(00) para top(01)
Mensaje * / 09:00:00:000 / top(01) para barber(03)
Mensaje * / 09:00:00:000 / barber(03) para cuthair(05)
Mensaje Y / 09:00:00:000 / cuthair(05) / progress /      1.00000 para barber(03)
Mensaje D / 09:00:00:000 / cuthair(05) / ... para barber(03)
Mensaje X / 09:00:00:000 / barber(03) / progress /      1.00000 para checkhair(04)
Mensaje D / 09:00:00:000 / checkhair(04) / 00:00:00:000 para barber(03)
Mensaje D / 09:00:00:000 / barber(03) / 00:00:00:000 para top(01)
Mensaje D / 09:00:00:000 / top(01) / 00:00:00:000 para Root(00)
Mensaje * / 09:00:00:000 / Root(00) para top(01)
Mensaje * / 09:00:00:000 / top(01) para barber(03)
Mensaje * / 09:00:00:000 / barber(03) para checkhair(04)
Mensaje Y / 09:00:00:000 / checkhair(04) / cutcontinue /      7.00000 para barber(03)
Mensaje D / 09:00:00:000 / checkhair(04) / ... para barber(03)
Mensaje X / 09:00:00:000 / barber(03) / cutcontinue /      7.00000 para cuthair(05)
Mensaje D / 09:00:00:000 / cuthair(05) / 00:00:00:000 para barber(03)
Mensaje D / 09:00:00:000 / barber(03) / 00:00:00:000 para top(01)
Mensaje D / 09:00:00:000 / top(01) / 00:00:00:000 para Root(00)
Mensaje * / 09:00:00:000 / Root(00) para top(01)
Mensaje * / 09:00:00:000 / top(01) para barber(03)
Mensaje * / 09:00:00:000 / barber(03) para cuthair(05)
Mensaje Y / 09:00:00:000 / cuthair(05) / progress /      1.00000 para barber(03)
Mensaje D / 09:00:00:000 / cuthair(05) / ... para barber(03)
Mensaje X / 09:00:00:000 / barber(03) / progress /      1.00000 para checkhair(04)
Mensaje D / 09:00:00:000 / checkhair(04) / 00:00:00:000 para barber(03)
Mensaje D / 09:00:00:000 / barber(03) / 00:00:00:000 para top(01)
Mensaje D / 09:00:00:000 / top(01) / 00:00:00:000 para Root(00)
Mensaje * / 09:00:00:000 / Root(00) para top(01)
Mensaje * / 09:00:00:000 / top(01) para barber(03)
Mensaje * / 09:00:00:000 / barber(03) para checkhair(04)
Mensaje Y / 09:00:00:000 / checkhair(04) / cutcontinue /      8.00000 para barber(03)
Mensaje D / 09:00:00:000 / checkhair(04) / ... para barber(03)
Mensaje X / 09:00:00:000 / barber(03) / cutcontinue /      8.00000 para cuthair(05)
Mensaje D / 09:00:00:000 / cuthair(05) / 00:00:00:000 para barber(03)
Mensaje D / 09:00:00:000 / barber(03) / 00:00:00:000 para top(01)
Mensaje D / 09:00:00:000 / top(01) / 00:00:00:000 para Root(00)
Mensaje * / 09:00:00:000 / Root(00) para top(01)
Mensaje * / 09:00:00:000 / top(01) para barber(03)
Mensaje * / 09:00:00:000 / barber(03) para cuthair(05)
Mensaje Y / 09:00:00:000 / cuthair(05) / progress /      1.00000 para barber(03)
Mensaje D / 09:00:00:000 / cuthair(05) / ... para barber(03)
Mensaje X / 09:00:00:000 / barber(03) / progress /      1.00000 para checkhair(04)
Mensaje D / 09:00:00:000 / checkhair(04) / 00:00:00:000 para barber(03)
Mensaje D / 09:00:00:000 / barber(03) / 00:00:00:000 para top(01)
Mensaje D / 09:00:00:000 / top(01) / 00:00:00:000 para Root(00)
Mensaje * / 09:00:00:000 / Root(00) para top(01)
Mensaje * / 09:00:00:000 / top(01) para barber(03)
Mensaje * / 09:00:00:000 / barber(03) para checkhair(04)
Mensaje Y / 09:00:00:000 / checkhair(04) / cutcontinue /      9.00000 para barber(03)
Mensaje D / 09:00:00:000 / checkhair(04) / ... para barber(03)
Mensaje X / 09:00:00:000 / barber(03) / cutcontinue /      9.00000 para cuthair(05)
Mensaje D / 09:00:00:000 / cuthair(05) / 00:00:00:000 para barber(03)
Mensaje D / 09:00:00:000 / barber(03) / 00:00:00:000 para top(01)
Mensaje D / 09:00:00:000 / top(01) / 00:00:00:000 para Root(00)
Mensaje * / 09:00:00:000 / Root(00) para top(01)
Mensaje * / 09:00:00:000 / top(01) para barber(03)
Mensaje * / 09:00:00:000 / barber(03) para cuthair(05)
Mensaje Y / 09:00:00:000 / cuthair(05) / progress /      1.00000 para barber(03)
Mensaje D / 09:00:00:000 / cuthair(05) / ... para barber(03)
Mensaje X / 09:00:00:000 / barber(03) / progress /      1.00000 para checkhair(04)
Mensaje D / 09:00:00:000 / checkhair(04) / 00:00:00:000 para barber(03)
Mensaje D / 09:00:00:000 / barber(03) / 00:00:00:000 para top(01)
Mensaje D / 09:00:00:000 / top(01) / 00:00:00:000 para Root(00)
Mensaje * / 09:00:00:000 / Root(00) para top(01)
Mensaje * / 09:00:00:000 / top(01) para barber(03)
Mensaje * / 09:00:00:000 / barber(03) para checkhair(04)
Mensaje Y / 09:00:00:000 / checkhair(04) / finished /      9.00000 para barber(03)
Mensaje D / 09:00:00:000 / checkhair(04) / ... para barber(03)
Mensaje Y / 09:00:00:000 / barber(03) / out /      9.00000 para top(01)
Mensaje D / 09:00:00:000 / barber(03) / ... para top(01)
Mensaje Y / 09:00:00:000 / top(01) / finished /      9.00000 para Root(00)
Mensaje X / 09:00:00:000 / top(01) / next /      9.00000 para reception(02)
Mensaje D / 09:00:00:000 / reception(02) / 00:00:00:000 para top(01)
Mensaje D / 09:00:00:000 / top(01) / 00:00:00:000 para Root(00)
Mensaje * / 09:00:00:000 / Root(00) para top(01)
Mensaje * / 09:00:00:000 / top(01) para reception(02)
Mensaje Y / 09:00:00:000 / reception(02) / cust /      8.00000 para top(01)
Mensaje D / 09:00:00:000 / reception(02) / ... para top(01)
Mensaje X / 09:00:00:000 / top(01) / in /      8.00000 para barber(03)
Mensaje X / 09:00:00:000 / barber(03) / cust /      8.00000 para checkhair(04)
Mensaje D / 09:00:00:000 / checkhair(04) / 00:00:00:000 para barber(03)
Mensaje D / 09:00:00:000 / barber(03) / 00:00:00:000 para top(01)
Mensaje D / 09:00:00:000 / top(01) / 00:00:00:000 para Root(00)
Mensaje * / 09:00:00:000 / Root(00) para top(01)
Mensaje * / 09:00:00:000 / top(01) para barber(03)
Mensaje * / 09:00:00:000 / barber(03) para checkhair(04)
Mensaje Y / 09:00:00:000 / checkhair(04) / cutcontinue /      1.00000 para barber(03)
Mensaje D / 09:00:00:000 / checkhair(04) / ... para barber(03)
Mensaje X / 09:00:00:000 / barber(03) / cutcontinue /      1.00000 para cuthair(05)
Mensaje D / 09:00:00:000 / cuthair(05) / 00:00:00:000 para barber(03)
Mensaje D / 09:00:00:000 / barber(03) / 00:00:00:000 para top(01)
Mensaje D / 09:00:00:000 / top(01) / 00:00:00:000 para Root(00)
Mensaje * / 09:00:00:000 / Root(00) para top(01)
Mensaje * / 09:00:00:000 / top(01) para barber(03)
Mensaje * / 09:00:00:000 / barber(03) para cuthair(05)
Mensaje Y / 09:00:00:000 / cuthair(05) / progress /      1.00000 para barber(03)
Mensaje D / 09:00:00:000 / cuthair(05) / ... para barber(03)
Mensaje X / 09:00:00:000 / barber(03) / progress /      1.00000 para checkhair(04)
Mensaje D / 09:00:00:000 / checkhair(04) / 00:00:00:000 para barber(03)
Mensaje D / 09:00:00:000 / barber(03) / 00:00:00:000 para top(01)
Mensaje D / 09:00:00:000 / top(01) / 00:00:00:000 para Root(00)
Mensaje * / 09:00:00:000 / Root(00) para top(01)
Mensaje * / 09:00:00:000 / top(01) para barber(03)
Mensaje * / 09:00:00:000 / barber(03) para checkhair(04)
Mensaje Y / 09:00:00:000 / checkhair(04) / cutcontinue /      2.00000 para barber(03)
Mensaje D / 09:00:00:000 / checkhair(04) / ... para barber(03)
Mensaje X / 09:00:00:000 / barber(03) / cutcontinue /      2.00000 para cuthair(05)
Mensaje D / 09:00:00:000 / cuthair(05) / 00:00:00:000 para barber(03)
Mensaje D / 09:00:00:000 / barber(03) / 00:00:00:000 para top(01)
Mensaje D / 09:00:00:000 / top(01) / 00:00:00:000 para Root(00)
Mensaje * / 09:00:00:000 / Root(00) para top(01)
Mensaje * / 09:00:00:000 / top(01) para barber(03)
Mensaje * / 09:00:00:000 / barber(03) para cuthair(05)
Mensaje Y / 09:00:00:000 / cuthair(05) / progress /      1.00000 para barber(03)
Mensaje D / 09:00:00:000 / cuthair(05) / ... para barber(03)
Mensaje X / 09:00:00:000 / barber(03) / progress /      1.00000 para checkhair(04)
Mensaje D / 09:00:00:000 / checkhair(04) / 00:00:00:000 para barber(03)
Mensaje D / 09:00:00:000 / barber(03) / 00:00:00:000 para top(01)
Mensaje D / 09:00:00:000 / top(01) / 00:00:00:000 para Root(00)
Mensaje * / 09:00:00:000 / Root(00) para top(01)
Mensaje * / 09:00:00:000 / top(01) para barber(03)
Mensaje * / 09:00:00:000 / barber(03) para checkhair(04)
Mensaje Y / 09:00:00:000 / checkhair(04) / cutcontinue /      3.00000 para barber(03)
Mensaje D / 09:00:00:000 / checkhair(04) / ... para barber(03)
Mensaje X / 09:00:00:000 / barber(03) / cutcontinue /      3.00000 para cuthair(05)
Mensaje D / 09:00:00:000 / cuthair(05) / 00:00:00:000 para barber(03)
Mensaje D / 09:00:00:000 / barber(03) / 00:00:00:000 para top(01)
Mensaje D / 09:00:00:000 / top(01) / 00:00:00:000 para Root(00)
Mensaje * / 09:00:00:000 / Root(00) para top(01)
Mensaje * / 09:00:00:000 / top(01) para barber(03)
Mensaje * / 09:00:00:000 / barber(03) para cuthair(05)
Mensaje Y / 09:00:00:000 / cuthair(05) / progress /      1.00000 para barber(03)
Mensaje D / 09:00:00:000 / cuthair(05) / ... para barber(03)
Mensaje X / 09:00:00:000 / barber(03) / progress /      1.00000 para checkhair(04)
Mensaje D / 09:00:00:000 / checkhair(04) / 00:00:00:000 para barber(03)
Mensaje D / 09:00:00:000 / barber(03) / 00:00:00:000 para top(01)
Mensaje D / 09:00:00:000 / top(01) / 00:00:00:000 para Root(00)
Mensaje * / 09:00:00:000 / Root(00) para top(01)
Mensaje * / 09:00:00:000 / top(01) para barber(03)
Mensaje * / 09:00:00:000 / barber(03) para checkhair(04)
Mensaje Y / 09:00:00:000 / checkhair(04) / cutcontinue /      4.00000 para barber(03)
Mensaje D / 09:00:00:000 / checkhair(04) / ... para barber(03)
Mensaje X / 09:00:00:000 / barber(03) / cutcontinue /      4.00000 para cuthair(05)
Mensaje D / 09:00:00:000 / cuthair(05) / 00:00:00:000 para barber(03)
Mensaje D / 09:00:00:000 / barber(03) / 00:00:00:000 para top(01)
Mensaje D / 09:00:00:000 / top(01) / 00:00:00:000 para Root(00)
Mensaje * / 09:00:00:000 / Root(00) para top(01)
Mensaje * / 09:00:00:000 / top(01) para barber(03)
Mensaje * / 09:00:00:000 / barber(03) para cuthair(05)
Mensaje Y / 09:00:00:000 / cuthair(05) / progress /      1.00000 para barber(03)
Mensaje D / 09:00:00:000 / cuthair(05) / ... para barber(03)
Mensaje X / 09:00:00:000 / barber(03) / progress /      1.00000 para checkhair(04)
Mensaje D / 09:00:00:000 / checkhair(04) / 00:00:00:000 para barber(03)
Mensaje D / 09:00:00:000 / barber(03) / 00:00:00:000 para top(01)
Mensaje D / 09:00:00:000 / top(01) / 00:00:00:000 para Root(00)
Mensaje * / 09:00:00:000 / Root(00) para top(01)
Mensaje * / 09:00:00:000 / top(01) para barber(03)
Mensaje * / 09:00:00:000 / barber(03) para checkhair(04)
Mensaje Y / 09:00:00:000 / checkhair(04) / cutcontinue /      5.00000 para barber(03)
Mensaje D / 09:00:00:000 / checkhair(04) / ... para barber(03)
Mensaje X / 09:00:00:000 / barber(03) / cutcontinue /      5.00000 para cuthair(05)
Mensaje D / 09:00:00:000 / cuthair(05) / 00:00:00:000 para barber(03)
Mensaje D / 09:00:00:000 / barber(03) / 00:00:00:000 para top(01)
Mensaje D / 09:00:00:000 / top(01) / 00:00:00:000 para Root(00)
Mensaje * / 09:00:00:000 / Root(00) para top(01)
Mensaje * / 09:00:00:000 / top(01) para barber(03)
Mensaje * / 09:00:00:000 / barber(03) para cuthair(05)
Mensaje Y / 09:00:00:000 / cuthair(05) / progress /      1.00000 para barber(03)
Mensaje D / 09:00:00:000 / cuthair(05) / ... para barber(03)
Mensaje X / 09:00:00:000 / barber(03) / progress /      1.00000 para checkhair(04)
Mensaje D / 09:00:00:000 / checkhair(04) / 00:00:00:000 para barber(03)
Mensaje D / 09:00:00:000 / barber(03) / 00:00:00:000 para top(01)
Mensaje D / 09:00:00:000 / top(01) / 00:00:00:000 para Root(00)
Mensaje * / 09:00:00:000 / Root(00) para top(01)
Mensaje * / 09:00:00:000 / top(01) para barber(03)
Mensaje * / 09:00:00:000 / barber(03) para checkhair(04)
Mensaje Y / 09:00:00:000 / checkhair(04) / cutcontinue /      6.00000 para barber(03)
Mensaje D / 09:00:00:000 / checkhair(04) / ... para barber(03)
Mensaje X / 09:00:00:000 / barber(03) / cutcontinue /      6.00000 para cuthair(05)
Mensaje D / 09:00:00:000 / cuthair(05) / 00:00:00:000 para barber(03)
Mensaje D / 09:00:00:000 / barber(03) / 00:00:00:000 para top(01)
Mensaje D / 09:00:00:000 / top(01) / 00:00:00:000 para Root(00)
Mensaje * / 09:00:00:000 / Root(00) para top(01)
Mensaje * / 09:00:00:000 / top(01) para barber(03)
Mensaje * / 09:00:00:000 / barber(03) para cuthair(05)
Mensaje Y / 09:00:00:000 / cuthair(05) / progress /      1.00000 para barber(03)
Mensaje D / 09:00:00:000 / cuthair(05) / ... para barber(03)
Mensaje X / 09:00:00:000 / barber(03) / progress /      1.00000 para checkhair(04)
Mensaje D / 09:00:00:000 / checkhair(04) / 00:00:00:000 para barber(03)
Mensaje D / 09:00:00:000 / barber(03) / 00:00:00:000 para top(01)
Mensaje D / 09:00:00:000 / top(01) / 00:00:00:000 para Root(00)
Mensaje * / 09:00:00:000 / Root(00) para top(01)
Mensaje * / 09:00:00:000 / top(01) para barber(03)
Mensaje * / 09:00:00:000 / barber(03) para checkhair(04)
Mensaje Y / 09:00:00:000 / checkhair(04) / cutcontinue /      7.00000 para barber(03)
Mensaje D / 09:00:00:000 / checkhair(04) / ... para barber(03)
Mensaje X / 09:00:00:000 / barber(03) / cutcontinue /      7.00000 para cuthair(05)
Mensaje D / 09:00:00:000 / cuthair(05) / 00:00:00:000 para barber(03)
Mensaje D / 09:00:00:000 / barber(03) / 00:00:00:000 para top(01)
Mensaje D / 09:00:00:000 / top(01) / 00:00:00:000 para Root(00)
Mensaje * / 09:00:00:000 / Root(00) para top(01)
Mensaje * / 09:00:00:000 / top(01) para barber(03)
Mensaje * / 09:00:00:000 / barber(03) para cuthair(05)
Mensaje Y / 09:00:00:000 / cuthair(05) / progress /      1.00000 para barber(03)
Mensaje D / 09:00:00:000 / cuthair(05) / ... para barber(03)
Mensaje X / 09:00:00:000 / barber(03) / progress /      1.00000 para checkhair(04)
Mensaje D / 09:00:00:000 / checkhair(04) / 00:00:00:000 para barber(03)
Mensaje D / 09:00:00:000 / barber(03) / 00:00:00:000 para top(01)
Mensaje D / 09:00:00:000 / top(01) / 00:00:00:000 para Root(00)
Mensaje * / 09:00:00:000 / Root(00) para top(01)
Mensaje * / 09:00:00:000 / top(01) para barber(03)
Mensaje * / 09:00:00:000 / barber(03) para checkhair(04)
Mensaje Y / 09:00:00:000 / checkhair(04) / cutcontinue /      8.00000 para barber(03)
Mensaje D / 09:00:00:000 / checkhair(04) / ... para barber(03)
Mensaje X / 09:00:00:000 / barber(03) / cutcontinue /      8.00000 para cuthair(05)
Mensaje D / 09:00:00:000 / cuthair(05) / 00:00:00:000 para barber(03)
Mensaje D / 09:00:00:000 / barber(03) / 00:00:00:000 para top(01)
Mensaje D / 09:00:00:000 / top(01) / 00:00:00:000 para Root(00)
Mensaje * / 09:00:00:000 / Root(00) para top(01)
Mensaje * / 09:00:00:000 / top(01) para barber(03)
Mensaje * / 09:00:00:000 / barber(03) para cuthair(05)
Mensaje Y / 09:00:00:000 / cuthair(05) / progress /      1.00000 para barber(03)
Mensaje D / 09:00:00:000 / cuthair(05) / ... para barber(03)
Mensaje X / 09:00:00:000 / barber(03) / progress /      1.00000 para checkhair(04)
Mensaje D / 09:00:00:000 / checkhair(04) / 00:00:00:000 para barber(03)
Mensaje D / 09:00:00:000 / barber(03) / 00:00:00:000 para top(01)
Mensaje D / 09:00:00:000 / top(01) / 00:00:00:000 para Root(00)
Mensaje * / 09:00:00:000 / Root(00) para top(01)
Mensaje * / 09:00:00:000 / top(01) para barber(03)
Mensaje * / 09:00:00:000 / barber(03) para checkhair(04)
Mensaje Y / 09:00:00:000 / checkhair(04) / finished /      8.00000 para barber(03)
Mensaje D / 09:00:00:000 / checkhair(04) / ... para barber(03)
Mensaje Y / 09:00:00:000 / barber(03) / out /      8.00000 para top(01)
Mensaje D / 09:00:00:000 / barber(03) / ... para top(01)
Mensaje Y / 09:00:00:000 / top(01) / finished /      8.00000 para Root(00)
Mensaje X / 09:00:00:000 / top(01) / next /      8.00000 para reception(02)
Mensaje D / 09:00:00:000 / reception(02) / 00:00:00:000 para top(01)
Mensaje D / 09:00:00:000 / top(01) / 00:00:00:000 para Root(00)
Mensaje * / 09:00:00:000 / Root(00) para top(01)
Mensaje * / 09:00:00:000 / top(01) para reception(02)
Mensaje Y / 09:00:00:000 / reception(02) / cust /      7.00000 para top(01)
Mensaje D / 09:00:00:000 / reception(02) / ... para top(01)
Mensaje X / 09:00:00:000 / top(01) / in /      7.00000 para barber(03)
Mensaje X / 09:00:00:000 / barber(03) / cust /      7.00000 para checkhair(04)
Mensaje D / 09:00:00:000 / checkhair(04) / 00:00:00:000 para barber(03)
Mensaje D / 09:00:00:000 / barber(03) / 00:00:00:000 para top(01)
Mensaje D / 09:00:00:000 / top(01) / 00:00:00:000 para Root(00)
Mensaje * / 09:00:00:000 / Root(00) para top(01)
Mensaje * / 09:00:00:000 / top(01) para barber(03)
Mensaje * / 09:00:00:000 / barber(03) para checkhair(04)
Mensaje Y / 09:00:00:000 / checkhair(04) / cutcontinue /      1.00000 para barber(03)
Mensaje D / 09:00:00:000 / checkhair(04) / ... para barber(03)
Mensaje X / 09:00:00:000 / barber(03) / cutcontinue /      1.00000 para cuthair(05)
Mensaje D / 09:00:00:000 / cuthair(05) / 00:00:00:000 para barber(03)
Mensaje D / 09:00:00:000 / barber(03) / 00:00:00:000 para top(01)
Mensaje D / 09:00:00:000 / top(01) / 00:00:00:000 para Root(00)
Mensaje * / 09:00:00:000 / Root(00) para top(01)
Mensaje * / 09:00:00:000 / top(01) para barber(03)
Mensaje * / 09:00:00:000 / barber(03) para cuthair(05)
Mensaje Y / 09:00:00:000 / cuthair(05) / progress /      1.00000 para barber(03)
Mensaje D / 09:00:00:000 / cuthair(05) / ... para barber(03)
Mensaje X / 09:00:00:000 / barber(03) / progress /      1.00000 para checkhair(04)
Mensaje D / 09:00:00:000 / checkhair(04) / 00:00:00:000 para barber(03)
Mensaje D / 09:00:00:000 / barber(03) / 00:00:00:000 para top(01)
Mensaje D / 09:00:00:000 / top(01) / 00:00:00:000 para Root(00)
Mensaje * / 09:00:00:000 / Root(00) para top(01)
Mensaje * / 09:00:00:000 / top(01) para barber(03)
Mensaje * / 09:00:00:000 / barber(03) para checkhair(04)
Mensaje Y / 09:00:00:000 / checkhair(04) / cutcontinue /      2.00000 para barber(03)
Mensaje D / 09:00:00:000 / checkhair(04) / ... para barber(03)
Mensaje X / 09:00:00:000 / barber(03) / cutcontinue /      2.00000 para cuthair(05)
Mensaje D / 09:00:00:000 / cuthair(05) / 00:00:00:000 para barber(03)
Mensaje D / 09:00:00:000 / barber(03) / 00:00:00:000 para top(01)
Mensaje D / 09:00:00:000 / top(01) / 00:00:00:000 para Root(00)
Mensaje * / 09:00:00:000 / Root(00) para top(01)
Mensaje * / 09:00:00:000 / top(01) para barber(03)
Mensaje * / 09:00:00:000 / barber(03) para cuthair(05)
Mensaje Y / 09:00:00:000 / cuthair(05) / progress /      1.00000 para barber(03)
Mensaje D / 09:00:00:000 / cuthair(05) / ... para barber(03)
Mensaje X / 09:00:00:000 / barber(03) / progress /      1.00000 para checkhair(04)
Mensaje D / 09:00:00:000 / checkhair(04) / 00:00:00:000 para barber(03)
Mensaje D / 09:00:00:000 / barber(03) / 00:00:00:000 para top(01)
Mensaje D / 09:00:00:000 / top(01) / 00:00:00:000 para Root(00)
Mensaje * / 09:00:00:000 / Root(00) para top(01)
Mensaje * / 09:00:00:000 / top(01) para barber(03)
Mensaje * / 09:00:00:000 / barber(03) para checkhair(04)
Mensaje Y / 09:00:00:000 / checkhair(04) / cutcontinue /      3.00000 para barber(03)
Mensaje D / 09:00:00:000 / checkhair(04) / ... para barber(03)
Mensaje X / 09:00:00:000 / barber(03) / cutcontinue /      3.00000 para cuthair(05)
Mensaje D / 09:00:00:000 / cuthair(05) / 00:00:00:000 para barber(03)
Mensaje D / 09:00:00:000 / barber(03) / 00:00:00:000 para top(01)
Mensaje D / 09:00:00:000 / top(01) / 00:00:00:000 para Root(00)
Mensaje * / 09:00:00:000 / Root(00) para top(01)
Mensaje * / 09:00:00:000 / top(01) para barber(03)
Mensaje * / 09:00:00:000 / barber(03) para cuthair(05)
Mensaje Y / 09:00:00:000 / cuthair(05) / progress /      1.00000 para barber(03)
Mensaje D / 09:00:00:000 / cuthair(05) / ... para barber(03)
Mensaje X / 09:00:00:000 / barber(03) / progress /      1.00000 para checkhair(04)
Mensaje D / 09:00:00:000 / checkhair(04) / 00:00:00:000 para barber(03)
Mensaje D / 09:00:00:000 / barber(03) / 00:00:00:000 para top(01)
Mensaje D / 09:00:00:000 / top(01) / 00:00:00:000 para Root(00)
Mensaje * / 09:00:00:000 / Root(00) para top(01)
Mensaje * / 09:00:00:000 / top(01) para barber(03)
Mensaje * / 09:00:00:000 / barber(03) para checkhair(04)
Mensaje Y / 09:00:00:000 / checkhair(04) / cutcontinue /      4.00000 para barber(03)
Mensaje D / 09:00:00:000 / checkhair(04) / ... para barber(03)
Mensaje X / 09:00:00:000 / barber(03) / cutcontinue /      4.00000 para cuthair(05)
Mensaje D / 09:00:00:000 / cuthair(05) / 00:00:00:000 para barber(03)
Mensaje D / 09:00:00:000 / barber(03) / 00:00:00:000 para top(01)
Mensaje D / 09:00:00:000 / top(01) / 00:00:00:000 para Root(00)
Mensaje * / 09:00:00:000 / Root(00) para top(01)
Mensaje * / 09:00:00:000 / top(01) para barber(03)
Mensaje * / 09:00:00:000 / barber(03) para cuthair(05)
Mensaje Y / 09:00:00:000 / cuthair(05) / progress /      1.00000 para barber(03)
Mensaje D / 09:00:00:000 / cuthair(05) / ... para barber(03)
Mensaje X / 09:00:00:000 / barber(03) / progress /      1.00000 para checkhair(04)
Mensaje D / 09:00:00:000 / checkhair(04) / 00:00:00:000 para barber(03)
Mensaje D / 09:00:00:000 / barber(03) / 00:00:00:000 para top(01)
Mensaje D / 09:00:00:000 / top(01) / 00:00:00:000 para Root(00)
Mensaje * / 09:00:00:000 / Root(00) para top(01)
Mensaje * / 09:00:00:000 / top(01) para barber(03)
Mensaje * / 09:00:00:000 / barber(03) para checkhair(04)
Mensaje Y / 09:00:00:000 / checkhair(04) / cutcontinue /      5.00000 para barber(03)
Mensaje D / 09:00:00:000 / checkhair(04) / ... para barber(03)
Mensaje X / 09:00:00:000 / barber(03) / cutcontinue /      5.00000 para cuthair(05)
Mensaje D / 09:00:00:000 / cuthair(05) / 00:00:00:000 para barber(03)
Mensaje D / 09:00:00:000 / barber(03) / 00:00:00:000 para top(01)
Mensaje D / 09:00:00:000 / top(01) / 00:00:00:000 para Root(00)
Mensaje * / 09:00:00:000 / Root(00) para top(01)
Mensaje * / 09:00:00:000 / top(01) para barber(03)
Mensaje * / 09:00:00:000 / barber(03) para cuthair(05)
Mensaje Y / 09:00:00:000 / cuthair(05) / progress /      1.00000 para barber(03)
Mensaje D / 09:00:00:000 / cuthair(05) / ... para barber(03)
Mensaje X / 09:00:00:000 / barber(03) / progress /      1.00000 para checkhair(04)
Mensaje D / 09:00:00:000 / checkhair(04) / 00:00:00:000 para barber(03)
Mensaje D / 09:00:00:000 / barber(03) / 00:00:00:000 para top(01)
Mensaje D / 09:00:00:000 / top(01) / 00:00:00:000 para Root(00)
Mensaje * / 09:00:00:000 / Root(00) para top(01)
Mensaje * / 09:00:00:000 / top(01) para barber(03)
Mensaje * / 09:00:00:000 / barber(03) para checkhair(04)
Mensaje Y / 09:00:00:000 / checkhair(04) / cutcontinue /      6.00000 para barber(03)
Mensaje D / 09:00:00:000 / checkhair(04) / ... para barber(03)
Mensaje X / 09:00:00:000 / barber(03) / cutcontinue /      6.00000 para cuthair(05)
Mensaje D / 09:00:00:000 / cuthair(05) / 00:00:00:000 para barber(03)
Mensaje D / 09:00:00:000 / barber(03) / 00:00:00:000 para top(01)
Mensaje D / 09:00:00:000 / top(01) / 00:00:00:000 para Root(00)
Mensaje * / 09:00:00:000 / Root(00) para top(01)
Mensaje * / 09:00:00:000 / top(01) para barber(03)
Mensaje * / 09:00:00:000 / barber(03) para cuthair(05)
Mensaje Y / 09:00:00:000 / cuthair(05) / progress /      1.00000 para barber(03)
Mensaje D / 09:00:00:000 / cuthair(05) / ... para barber(03)
Mensaje X / 09:00:00:000 / barber(03) / progress /      1.00000 para checkhair(04)
Mensaje D / 09:00:00:000 / checkhair(04) / 00:00:00:000 para barber(03)
Mensaje D / 09:00:00:000 / barber(03) / 00:00:00:000 para top(01)
Mensaje D / 09:00:00:000 / top(01) / 00:00:00:000 para Root(00)
Mensaje * / 09:00:00:000 / Root(00) para top(01)
Mensaje * / 09:00:00:000 / top(01) para barber(03)
Mensaje * / 09:00:00:000 / barber(03) para checkhair(04)
Mensaje Y / 09:00:00:000 / checkhair(04) / cutcontinue /      7.00000 para barber(03)
Mensaje D / 09:00:00:000 / checkhair(04) / ... para barber(03)
Mensaje X / 09:00:00:000 / barber(03) / cutcontinue /      7.00000 para cuthair(05)
Mensaje D / 09:00:00:000 / cuthair(05) / 00:00:00:000 para barber(03)
Mensaje D / 09:00:00:000 / barber(03) / 00:00:00:000 para top(01)
Mensaje D / 09:00:00:000 / top(01) / 00:00:00:000 para Root(00)
Mensaje * / 09:00:00:000 / Root(00) para top(01)
Mensaje * / 09:00:00:000 / top(01) para barber(03)
Mensaje * / 09:00:00:000 / barber(03) para cuthair(05)
Mensaje Y / 09:00:00:000 / cuthair(05) / progress /      1.00000 para barber(03)
Mensaje D / 09:00:00:000 / cuthair(05) / ... para barber(03)
Mensaje X / 09:00:00:000 / barber(03) / progress /      1.00000 para checkhair(04)
Mensaje D / 09:00:00:000 / checkhair(04) / 00:00:00:000 para barber(03)
Mensaje D / 09:00:00:000 / barber(03) / 00:00:00:000 para top(01)
Mensaje D / 09:00:00:000 / top(01) / 00:00:00:000 para Root(00)
Mensaje * / 09:00:00:000 / Root(00) para top(01)
Mensaje * / 09:00:00:000 / top(01) para barber(03)
Mensaje * / 09:00:00:000 / barber(03) para checkhair(04)
Mensaje Y / 09:00:00:000 / checkhair(04) / finished /      7.00000 para barber(03)
Mensaje D / 09:00:00:000 / checkhair(04) / ... para barber(03)
Mensaje Y / 09:00:00:000 / barber(03) / out /      7.00000 para top(01)
Mensaje D / 09:00:00:000 / barber(03) / ... para top(01)
Mensaje Y / 09:00:00:000 / top(01) / finished /      7.00000 para Root(00)
Mensaje X / 09:00:00:000 / top(01) / next /      7.00000 para reception(02)
Mensaje D / 09:00:00:000 / reception(02) / 00:00:00:000 para top(01)
Mensaje D / 09:00:00:000 / top(01) / 00:00:00:000 para Root(00)
Mensaje * / 09:00:00:000 / Root(00) para top(01)
Mensaje * / 09:00:00:000 / top(01) para reception(02)
Mensaje Y / 09:00:00:000 / reception(02) / cust /      6.00000 para top(01)
Mensaje D / 09:00:00:000 / reception(02) / ... para top(01)
Mensaje X / 09:00:00:000 / top(01) / in /      6.00000 para barber(03)
Mensaje X / 09:00:00:000 / barber(03) / cust /      6.00000 para checkhair(04)
Mensaje D / 09:00:00:000 / checkhair(04) / 00:00:00:000 para barber(03)
Mensaje D / 09:00:00:000 / barber(03) / 00:00:00:000 para top(01)
Mensaje D / 09:00:00:000 / top(01) / 00:00:00:000 para Root(00)
Mensaje * / 09:00:00:000 / Root(00) para top(01)
Mensaje * / 09:00:00:000 / top(01) para barber(03)
Mensaje * / 09:00:00:000 / barber(03) para checkhair(04)
Mensaje Y / 09:00:00:000 / checkhair(04) / cutcontinue /      1.00000 para barber(03)
Mensaje D / 09:00:00:000 / checkhair(04) / ... para barber(03)
Mensaje X / 09:00:00:000 / barber(03) / cutcontinue /      1.00000 para cuthair(05)
Mensaje D / 09:00:00:000 / cuthair(05) / 00:00:00:000 para barber(03)
Mensaje D / 09:00:00:000 / barber(03) / 00:00:00:000 para top(01)
Mensaje D / 09:00:00:000 / top(01) / 00:00:00:000 para Root(00)
Mensaje * / 09:00:00:000 / Root(00) para top(01)
Mensaje * / 09:00:00:000 / top(01) para barber(03)
Mensaje * / 09:00:00:000 / barber(03) para cuthair(05)
Mensaje Y / 09:00:00:000 / cuthair(05) / progress /      1.00000 para barber(03)
Mensaje D / 09:00:00:000 / cuthair(05) / ... para barber(03)
Mensaje X / 09:00:00:000 / barber(03) / progress /      1.00000 para checkhair(04)
Mensaje D / 09:00:00:000 / checkhair(04) / 00:00:00:000 para barber(03)
Mensaje D / 09:00:00:000 / barber(03) / 00:00:00:000 para top(01)
Mensaje D / 09:00:00:000 / top(01) / 00:00:00:000 para Root(00)
Mensaje * / 09:00:00:000 / Root(00) para top(01)
Mensaje * / 09:00:00:000 / top(01) para barber(03)
Mensaje * / 09:00:00:000 / barber(03) para checkhair(04)
Mensaje Y / 09:00:00:000 / checkhair(04) / cutcontinue /      2.00000 para barber(03)
Mensaje D / 09:00:00:000 / checkhair(04) / ... para barber(03)
Mensaje X / 09:00:00:000 / barber(03) / cutcontinue /      2.00000 para cuthair(05)
Mensaje D / 09:00:00:000 / cuthair(05) / 00:00:00:000 para barber(03)
Mensaje D / 09:00:00:000 / barber(03) / 00:00:00:000 para top(01)
Mensaje D / 09:00:00:000 / top(01) / 00:00:00:000 para Root(00)
Mensaje * / 09:00:00:000 / Root(00) para top(01)
Mensaje * / 09:00:00:000 / top(01) para barber(03)
Mensaje * / 09:00:00:000 / barber(03) para cuthair(05)
Mensaje Y / 09:00:00:000 / cuthair(05) / progress /      1.00000 para barber(03)
Mensaje D / 09:00:00:000 / cuthair(05) / ... para barber(03)
Mensaje X / 09:00:00:000 / barber(03) / progress /      1.00000 para checkhair(04)
Mensaje D / 09:00:00:000 / checkhair(04) / 00:00:00:000 para barber(03)
Mensaje D / 09:00:00:000 / barber(03) / 00:00:00:000 para top(01)
Mensaje D / 09:00:00:000 / top(01) / 00:00:00:000 para Root(00)
Mensaje * / 09:00:00:000 / Root(00) para top(01)
Mensaje * / 09:00:00:000 / top(01) para barber(03)
Mensaje * / 09:00:00:000 / barber(03) para checkhair(04)
Mensaje Y / 09:00:00:000 / checkhair(04) / cutcontinue /      3.00000 para barber(03)
Mensaje D / 09:00:00:000 / checkhair(04) / ... para barber(03)
Mensaje X / 09:00:00:000 / barber(03) / cutcontinue /      3.00000 para cuthair(05)
Mensaje D / 09:00:00:000 / cuthair(05) / 00:00:00:000 para barber(03)
Mensaje D / 09:00:00:000 / barber(03) / 00:00:00:000 para top(01)
Mensaje D / 09:00:00:000 / top(01) / 00:00:00:000 para Root(00)
Mensaje * / 09:00:00:000 / Root(00) para top(01)
Mensaje * / 09:00:00:000 / top(01) para barber(03)
Mensaje * / 09:00:00:000 / barber(03) para cuthair(05)
Mensaje Y / 09:00:00:000 / cuthair(05) / progress /      1.00000 para barber(03)
Mensaje D / 09:00:00:000 / cuthair(05) / ... para barber(03)
Mensaje X / 09:00:00:000 / barber(03) / progress /      1.00000 para checkhair(04)
Mensaje D / 09:00:00:000 / checkhair(04) / 00:00:00:000 para barber(03)
Mensaje D / 09:00:00:000 / barber(03) / 00:00:00:000 para top(01)
Mensaje D / 09:00:00:000 / top(01) / 00:00:00:000 para Root(00)
Mensaje * / 09:00:00:000 / Root(00) para top(01)
Mensaje * / 09:00:00:000 / top(01) para barber(03)
Mensaje * / 09:00:00:000 / barber(03) para checkhair(04)
Mensaje Y / 09:00:00:000 / checkhair(04) / cutcontinue /      4.00000 para barber(03)
Mensaje D / 09:00:00:000 / checkhair(04) / ... para barber(03)
Mensaje X / 09:00:00:000 / barber(03) / cutcontinue /      4.00000 para cuthair(05)
Mensaje D / 09:00:00:000 / cuthair(05) / 00:00:00:000 para barber(03)
Mensaje D / 09:00:00:000 / barber(03) / 00:00:00:000 para top(01)
Mensaje D / 09:00:00:000 / top(01) / 00:00:00:000 para Root(00)
Mensaje * / 09:00:00:000 / Root(00) para top(01)
Mensaje * / 09:00:00:000 / top(01) para barber(03)
Mensaje * / 09:00:00:000 / barber(03) para cuthair(05)
Mensaje Y / 09:00:00:000 / cuthair(05) / progress /      1.00000 para barber(03)
Mensaje D / 09:00:00:000 / cuthair(05) / ... para barber(03)
Mensaje X / 09:00:00:000 / barber(03) / progress /      1.00000 para checkhair(04)
Mensaje D / 09:00:00:000 / checkhair(04) / 00:00:00:000 para barber(03)
Mensaje D / 09:00:00:000 / barber(03) / 00:00:00:000 para top(01)
Mensaje D / 09:00:00:000 / top(01) / 00:00:00:000 para Root(00)
Mensaje * / 09:00:00:000 / Root(00) para top(01)
Mensaje * / 09:00:00:000 / top(01) para barber(03)
Mensaje * / 09:00:00:000 / barber(03) para checkhair(04)
Mensaje Y / 09:00:00:000 / checkhair(04) / cutcontinue /      5.00000 para barber(03)
Mensaje D / 09:00:00:000 / checkhair(04) / ... para barber(03)
Mensaje X / 09:00:00:000 / barber(03) / cutcontinue /      5.00000 para cuthair(05)
Mensaje D / 09:00:00:000 / cuthair(05) / 00:00:00:000 para barber(03)
Mensaje D / 09:00:00:000 / barber(03) / 00:00:00:000 para top(01)
Mensaje D / 09:00:00:000 / top(01) / 00:00:00:000 para Root(00)
Mensaje * / 09:00:00:000 / Root(00) para top(01)
Mensaje * / 09:00:00:000 / top(01) para barber(03)
Mensaje * / 09:00:00:000 / barber(03) para cuthair(05)
Mensaje Y / 09:00:00:000 / cuthair(05) / progress /      1.00000 para barber(03)
Mensaje D / 09:00:00:000 / cuthair(05) / ... para barber(03)
Mensaje X / 09:00:00:000 / barber(03) / progress /      1.00000 para checkhair(04)
Mensaje D / 09:00:00:000 / checkhair(04) / 00:00:00:000 para barber(03)
Mensaje D / 09:00:00:000 / barber(03) / 00:00:00:000 para top(01)
Mensaje D / 09:00:00:000 / top(01) / 00:00:00:000 para Root(00)
Mensaje * / 09:00:00:000 / Root(00) para top(01)
Mensaje * / 09:00:00:000 / top(01) para barber(03)
Mensaje * / 09:00:00:000 / barber(03) para checkhair(04)
Mensaje Y / 09:00:00:000 / checkhair(04) / cutcontinue /      6.00000 para barber(03)
Mensaje D / 09:00:00:000 / checkhair(04) / ... para barber(03)
Mensaje X / 09:00:00:000 / barber(03) / cutcontinue /      6.00000 para cuthair(05)
Mensaje D / 09:00:00:000 / cuthair(05) / 00:00:00:000 para barber(03)
Mensaje D / 09:00:00:000 / barber(03) / 00:00:00:000 para top(01)
Mensaje D / 09:00:00:000 / top(01) / 00:00:00:000 para Root(00)
Mensaje * / 09:00:00:000 / Root(00) para top(01)
Mensaje * / 09:00:00:000 / top(01) para barber(03)
Mensaje * / 09:00:00:000 / barber(03) para cuthair(05)
Mensaje Y / 09:00:00:000 / cuthair(05) / progress /      1.00000 para barber(03)
Mensaje D / 09:00:00:000 / cuthair(05) / ... para barber(03)
Mensaje X / 09:00:00:000 / barber(03) / progress /      1.00000 para checkhair(04)
Mensaje D / 09:00:00:000 / checkhair(04) / 00:00:00:000 para barber(03)
Mensaje D / 09:00:00:000 / barber(03) / 00:00:00:000 para top(01)
Mensaje D / 09:00:00:000 / top(01) / 00:00:00:000 para Root(00)
Mensaje * / 09:00:00:000 / Root(00) para top(01)
Mensaje * / 09:00:00:000 / top(01) para barber(03)
Mensaje * / 09:00:00:000 / barber(03) para checkhair(04)
Mensaje Y / 09:00:00:000 / checkhair(04) / finished /      6.00000 para barber(03)
Mensaje D / 09:00:00:000 / checkhair(04) / ... para barber(03)
Mensaje Y / 09:00:00:000 / barber(03) / out /      6.00000 para top(01)
Mensaje D / 09:00:00:000 / barber(03) / ... para top(01)
Mensaje Y / 09:00:00:000 / top(01) / finished /      6.00000 para Root(00)
Mensaje X / 09:00:00:000 / top(01) / next /      6.00000 para reception(02)
Mensaje D / 09:00:00:000 / reception(02) / 00:00:00:000 para top(01)
Mensaje D / 09:00:00:000 / top(01) / 00:00:00:000 para Root(00)
Mensaje * / 09:00:00:000 / Root(00) para top(01)
Mensaje * / 09:00:00:000 / top(01) para reception(02)
Mensaje Y / 09:00:00:000 / reception(02) / cust /      0.00000 para top(01)
Mensaje D / 09:00:00:000 / reception(02) / ... para top(01)
Mensaje X / 09:00:00:000 / top(01) / in /      0.00000 para barber(03)
Mensaje X / 09:00:00:000 / barber(03) / cust /      0.00000 para checkhair(04)
Mensaje D / 09:00:00:000 / checkhair(04) / 00:00:00:000 para barber(03)
Mensaje D / 09:00:00:000 / barber(03) / 00:00:00:000 para top(01)
Mensaje D / 09:00:00:000 / top(01) / 00:00:00:000 para Root(00)
Mensaje * / 09:00:00:000 / Root(00) para top(01)
Mensaje * / 09:00:00:000 / top(01) para barber(03)
Mensaje * / 09:00:00:000 / barber(03) para checkhair(04)
Mensaje Y / 09:00:00:000 / checkhair(04) / cutcontinue /      1.00000 para barber(03)
Mensaje D / 09:00:00:000 / checkhair(04) / ... para barber(03)
Mensaje X / 09:00:00:000 / barber(03) / cutcontinue /      1.00000 para cuthair(05)
Mensaje D / 09:00:00:000 / cuthair(05) / 00:00:00:000 para barber(03)
Mensaje D / 09:00:00:000 / barber(03) / 00:00:00:000 para top(01)
Mensaje D / 09:00:00:000 / top(01) / 00:00:00:000 para Root(00)
Mensaje * / 09:00:00:000 / Root(00) para top(01)
Mensaje * / 09:00:00:000 / top(01) para barber(03)
Mensaje * / 09:00:00:000 / barber(03) para cuthair(05)
Mensaje Y / 09:00:00:000 / cuthair(05) / progress /      1.00000 para barber(03)
Mensaje D / 09:00:00:000 / cuthair(05) / ... para barber(03)
Mensaje X / 09:00:00:000 / barber(03) / progress /      1.00000 para checkhair(04)
Mensaje D / 09:00:00:000 / checkhair(04) / ... para barber(03)
Mensaje D / 09:00:00:000 / barber(03) / ... para top(01)
Mensaje D / 09:00:00:000 / top(01) / ... para Root(00)
Mensaje X / 09:00:10:000 / Root(00) / newcust /      3.00000 para top(01)
Mensaje X / 09:00:10:000 / top(01) / newcust /      3.00000 para reception(02)
Mensaje D / 09:00:10:000 / reception(02) / ... para top(01)
Mensaje D / 09:00:10:000 / top(01) / ... para Root(00)
Mensaje X / 09:00:20:000 / Root(00) / newcust /      2.00000 para top(01)
Mensaje X / 09:00:20:000 / top(01) / newcust /      2.00000 para reception(02)
Mensaje D / 09:00:20:000 / reception(02) / ... para top(01)
Mensaje D / 09:00:20:000 / top(01) / ... para Root(00)
Mensaje X / 09:00:30:000 / Root(00) / newcust /      1.00000 para top(01)
Mensaje X / 09:00:30:000 / top(01) / newcust /      1.00000 para reception(02)
Mensaje D / 09:00:30:000 / reception(02) / ... para top(01)
Mensaje D / 09:00:30:000 / top(01) / ... para Root(00)
Mensaje X / 15:00:00:000 / Root(00) / newcust /      9.00000 para top(01)
Mensaje X / 15:00:00:000 / top(01) / newcust /      9.00000 para reception(02)
Mensaje D / 15:00:00:000 / reception(02) / ... para top(01)
Mensaje D / 15:00:00:000 / top(01) / ... para Root(00)
Mensaje X / 15:00:00:000 / Root(00) / newcust /      8.00000 para top(01)
Mensaje X / 15:00:00:000 / top(01) / newcust /      8.00000 para reception(02)
Mensaje D / 15:00:00:000 / reception(02) / ... para top(01)
Mensaje D / 15:00:00:000 / top(01) / ... para Root(00)
Mensaje X / 15:00:00:000 / Root(00) / newcust /      7.00000 para top(01)
Mensaje X / 15:00:00:000 / top(01) / newcust /      7.00000 para reception(02)
Mensaje D / 15:00:00:000 / reception(02) / ... para top(01)
Mensaje D / 15:00:00:000 / top(01) / ... para Root(00)
Mensaje X / 15:00:00:000 / Root(00) / newcust /      6.00000 para top(01)
Mensaje X / 15:00:00:000 / top(01) / newcust /      6.00000 para reception(02)
Mensaje D / 15:00:00:000 / reception(02) / ... para top(01)
Mensaje D / 15:00:00:000 / top(01) / ... para Root(00)
Mensaje X / 15:00:00:000 / Root(00) / newcust /      5.00000 para top(01)
Mensaje X / 15:00:00:000 / top(01) / newcust /      5.00000 para reception(02)
Mensaje D / 15:00:00:000 / reception(02) / ... para top(01)
Mensaje D / 15:00:00:000 / top(01) / ... para Root(00)
Mensaje X / 15:00:00:000 / Root(00) / newcust /      4.00000 para top(01)
Mensaje X / 15:00:00:000 / top(01) / newcust /      4.00000 para reception(02)
Mensaje D / 15:00:00:000 / reception(02) / ... para top(01)
Mensaje D / 15:00:00:000 / top(01) / ... para Root(00)
Mensaje X / 15:00:00:000 / Root(00) / newcust /      3.00000 para top(01)
Mensaje X / 15:00:00:000 / top(01) / newcust /      3.00000 para reception(02)
Mensaje D / 15:00:00:000 / reception(02) / ... para top(01)
Mensaje D / 15:00:00:000 / top(01) / ... para Root(00)
Mensaje X / 15:00:00:000 / Root(00) / newcust /      2.00000 para top(01)
Mensaje X / 15:00:00:000 / top(01) / newcust /      2.00000 para reception(02)
Mensaje D / 15:00:00:000 / reception(02) / ... para top(01)
Mensaje D / 15:00:00:000 / top(01) / ... para Root(00)
Mensaje X / 15:00:00:000 / Root(00) / newcust /      1.00000 para top(01)
Mensaje X / 15:00:00:000 / top(01) / newcust /      1.00000 para reception(02)
Mensaje D / 15:00:00:000 / reception(02) / ... para top(01)
Mensaje D / 15:00:00:000 / top(01) / ... para Root(00)
Mensaje X / 16:00:00:000 / Root(00) / newcust /      9.00000 para top(01)
Mensaje X / 16:00:00:000 / top(01) / newcust /      9.00000 para reception(02)
Mensaje D / 16:00:00:000 / reception(02) / ... para top(01)
Mensaje D / 16:00:00:000 / top(01) / ... para Root(00)
