Mensaje I / 00:00:00:000 / Root(00) para top(01)
Mensaje I / 00:00:00:000 / top(01) para checkhair(02)
Mensaje D / 00:00:00:000 / checkhair(02) / ... para top(01)
Mensaje D / 00:00:00:000 / top(01) / ... para Root(00)
Mensaje X / 00:00:10:000 / Root(00) / cust /      7.00000 para top(01)
Mensaje X / 00:00:10:000 / top(01) / cust /      7.00000 para checkhair(02)
Mensaje D / 00:00:10:000 / checkhair(02) / 00:00:09:000 para top(01)
Mensaje D / 00:00:10:000 / top(01) / 00:00:09:000 para Root(00)
Mensaje * / 00:00:19:000 / Root(00) para top(01)
Mensaje * / 00:00:19:000 / top(01) para checkhair(02)
Mensaje Y / 00:00:19:000 / checkhair(02) / cutcontinue /      1.00000 para top(01)
Mensaje D / 00:00:19:000 / checkhair(02) / ... para top(01)
Mensaje Y / 00:00:19:000 / top(01) / cutcontinue /      1.00000 para Root(00)
Mensaje D / 00:00:19:000 / top(01) / ... para Root(00)
Mensaje X / 00:02:10:000 / Root(00) / progress /      0.00000 para top(01)
Mensaje X / 00:02:10:000 / top(01) / progress /      0.00000 para checkhair(02)
Mensaje D / 00:02:10:000 / checkhair(02) / 00:00:09:000 para top(01)
Mensaje D / 00:02:10:000 / top(01) / 00:00:09:000 para Root(00)
Mensaje * / 00:02:19:000 / Root(00) para top(01)
Mensaje * / 00:02:19:000 / top(01) para checkhair(02)
Mensaje Y / 00:02:19:000 / checkhair(02) / cutcontinue /      2.00000 para top(01)
Mensaje D / 00:02:19:000 / checkhair(02) / ... para top(01)
Mensaje Y / 00:02:19:000 / top(01) / cutcontinue /      2.00000 para Root(00)
Mensaje D / 00:02:19:000 / top(01) / ... para Root(00)
Mensaje X / 00:03:10:000 / Root(00) / progress /      0.00000 para top(01)
Mensaje X / 00:03:10:000 / top(01) / progress /      0.00000 para checkhair(02)
Mensaje D / 00:03:10:000 / checkhair(02) / 00:00:09:000 para top(01)
Mensaje D / 00:03:10:000 / top(01) / 00:00:09:000 para Root(00)
Mensaje * / 00:03:19:000 / Root(00) para top(01)
Mensaje * / 00:03:19:000 / top(01) para checkhair(02)
Mensaje Y / 00:03:19:000 / checkhair(02) / cutcontinue /      3.00000 para top(01)
Mensaje D / 00:03:19:000 / checkhair(02) / ... para top(01)
Mensaje Y / 00:03:19:000 / top(01) / cutcontinue /      3.00000 para Root(00)
Mensaje D / 00:03:19:000 / top(01) / ... para Root(00)
Mensaje X / 00:04:10:000 / Root(00) / progress /      0.00000 para top(01)
Mensaje X / 00:04:10:000 / top(01) / progress /      0.00000 para checkhair(02)
Mensaje D / 00:04:10:000 / checkhair(02) / 00:00:09:000 para top(01)
Mensaje D / 00:04:10:000 / top(01) / 00:00:09:000 para Root(00)
Mensaje * / 00:04:19:000 / Root(00) para top(01)
Mensaje * / 00:04:19:000 / top(01) para checkhair(02)
Mensaje Y / 00:04:19:000 / checkhair(02) / cutcontinue /      4.00000 para top(01)
Mensaje D / 00:04:19:000 / checkhair(02) / ... para top(01)
Mensaje Y / 00:04:19:000 / top(01) / cutcontinue /      4.00000 para Root(00)
Mensaje D / 00:04:19:000 / top(01) / ... para Root(00)
Mensaje X / 00:05:10:000 / Root(00) / progress /      0.00000 para top(01)
Mensaje X / 00:05:10:000 / top(01) / progress /      0.00000 para checkhair(02)
Mensaje D / 00:05:10:000 / checkhair(02) / 00:00:09:000 para top(01)
Mensaje D / 00:05:10:000 / top(01) / 00:00:09:000 para Root(00)
Mensaje * / 00:05:19:000 / Root(00) para top(01)
Mensaje * / 00:05:19:000 / top(01) para checkhair(02)
Mensaje Y / 00:05:19:000 / checkhair(02) / cutcontinue /      5.00000 para top(01)
Mensaje D / 00:05:19:000 / checkhair(02) / ... para top(01)
Mensaje Y / 00:05:19:000 / top(01) / cutcontinue /      5.00000 para Root(00)
Mensaje D / 00:05:19:000 / top(01) / ... para Root(00)
Mensaje X / 00:06:10:000 / Root(00) / progress /      0.00000 para top(01)
Mensaje X / 00:06:10:000 / top(01) / progress /      0.00000 para checkhair(02)
Mensaje D / 00:06:10:000 / checkhair(02) / 00:00:09:000 para top(01)
Mensaje D / 00:06:10:000 / top(01) / 00:00:09:000 para Root(00)
Mensaje * / 00:06:19:000 / Root(00) para top(01)
Mensaje * / 00:06:19:000 / top(01) para checkhair(02)
Mensaje Y / 00:06:19:000 / checkhair(02) / cutcontinue /      6.00000 para top(01)
Mensaje D / 00:06:19:000 / checkhair(02) / ... para top(01)
Mensaje Y / 00:06:19:000 / top(01) / cutcontinue /      6.00000 para Root(00)
Mensaje D / 00:06:19:000 / top(01) / ... para Root(00)
Mensaje X / 00:07:10:000 / Root(00) / progress /      0.00000 para top(01)
Mensaje X / 00:07:10:000 / top(01) / progress /      0.00000 para checkhair(02)
Mensaje D / 00:07:10:000 / checkhair(02) / 00:00:09:000 para top(01)
Mensaje D / 00:07:10:000 / top(01) / 00:00:09:000 para Root(00)
Mensaje X / 00:07:10:000 / Root(00) / progress /      0.00000 para top(01)
Mensaje X / 00:07:10:000 / top(01) / progress /      0.00000 para checkhair(02)
Mensaje D / 00:07:10:000 / checkhair(02) / 00:00:09:000 para top(01)
Mensaje D / 00:07:10:000 / top(01) / 00:00:09:000 para Root(00)
Mensaje * / 00:07:19:000 / Root(00) para top(01)
Mensaje * / 00:07:19:000 / top(01) para checkhair(02)
Mensaje Y / 00:07:19:000 / checkhair(02) / finished /      7.00000 para top(01)
Mensaje D / 00:07:19:000 / checkhair(02) / ... para top(01)
Mensaje Y / 00:07:19:000 / top(01) / finished /      7.00000 para Root(00)
Mensaje D / 00:07:19:000 / top(01) / ... para Root(00)
Mensaje X / 00:08:10:000 / Root(00) / progress /      0.00000 para top(01)
Mensaje X / 00:08:10:000 / top(01) / progress /      0.00000 para checkhair(02)
Mensaje D / 00:08:10:000 / checkhair(02) / ... para top(01)
Mensaje D / 00:08:10:000 / top(01) / ... para Root(00)
Mensaje X / 00:08:10:000 / Root(00) / progress /      0.00000 para top(01)
Mensaje X / 00:08:10:000 / top(01) / progress /      0.00000 para checkhair(02)
Mensaje D / 00:08:10:000 / checkhair(02) / ... para top(01)
Mensaje D / 00:08:10:000 / top(01) / ... para Root(00)
Mensaje X / 00:09:10:000 / Root(00) / progress /      0.00000 para top(01)
Mensaje X / 00:09:10:000 / top(01) / progress /      0.00000 para checkhair(02)
Mensaje D / 00:09:10:000 / checkhair(02) / ... para top(01)
Mensaje D / 00:09:10:000 / top(01) / ... para Root(00)
Mensaje X / 00:10:10:000 / Root(00) / cust /      3.00000 para top(01)
Mensaje X / 00:10:10:000 / top(01) / cust /      3.00000 para checkhair(02)
Mensaje D / 00:10:10:000 / checkhair(02) / 00:00:09:000 para top(01)
Mensaje D / 00:10:10:000 / top(01) / 00:00:09:000 para Root(00)
Mensaje X / 00:10:10:000 / Root(00) / cust /      5.00000 para top(01)
Mensaje X / 00:10:10:000 / top(01) / cust /      5.00000 para checkhair(02)
Mensaje D / 00:10:10:000 / checkhair(02) / 00:00:09:000 para top(01)
Mensaje D / 00:10:10:000 / top(01) / 00:00:09:000 para Root(00)
Mensaje * / 00:10:19:000 / Root(00) para top(01)
Mensaje * / 00:10:19:000 / top(01) para checkhair(02)
Mensaje Y / 00:10:19:000 / checkhair(02) / cutcontinue /      1.00000 para top(01)
Mensaje D / 00:10:19:000 / checkhair(02) / ... para top(01)
Mensaje Y / 00:10:19:000 / top(01) / cutcontinue /      1.00000 para Root(00)
Mensaje D / 00:10:19:000 / top(01) / ... para Root(00)
Mensaje X / 00:10:20:000 / Root(00) / progress /      0.00000 para top(01)
Mensaje X / 00:10:20:000 / top(01) / progress /      0.00000 para checkhair(02)
Mensaje D / 00:10:20:000 / checkhair(02) / 00:00:09:000 para top(01)
Mensaje D / 00:10:20:000 / top(01) / 00:00:09:000 para Root(00)
Mensaje * / 00:10:29:000 / Root(00) para top(01)
Mensaje * / 00:10:29:000 / top(01) para checkhair(02)
Mensaje Y / 00:10:29:000 / checkhair(02) / cutcontinue /      2.00000 para top(01)
Mensaje D / 00:10:29:000 / checkhair(02) / ... para top(01)
Mensaje Y / 00:10:29:000 / top(01) / cutcontinue /      2.00000 para Root(00)
Mensaje D / 00:10:29:000 / top(01) / ... para Root(00)
Mensaje X / 00:10:30:000 / Root(00) / progress /      0.00000 para top(01)
Mensaje X / 00:10:30:000 / top(01) / progress /      0.00000 para checkhair(02)
Mensaje D / 00:10:30:000 / checkhair(02) / 00:00:09:000 para top(01)
Mensaje D / 00:10:30:000 / top(01) / 00:00:09:000 para Root(00)
Mensaje * / 00:10:39:000 / Root(00) para top(01)
Mensaje * / 00:10:39:000 / top(01) para checkhair(02)
Mensaje Y / 00:10:39:000 / checkhair(02) / cutcontinue /      3.00000 para top(01)
Mensaje D / 00:10:39:000 / checkhair(02) / ... para top(01)
Mensaje Y / 00:10:39:000 / top(01) / cutcontinue /      3.00000 para Root(00)
Mensaje D / 00:10:39:000 / top(01) / ... para Root(00)
Mensaje X / 00:10:40:000 / Root(00) / progress /      0.00000 para top(01)
Mensaje X / 00:10:40:000 / top(01) / progress /      0.00000 para checkhair(02)
Mensaje D / 00:10:40:000 / checkhair(02) / 00:00:09:000 para top(01)
Mensaje D / 00:10:40:000 / top(01) / 00:00:09:000 para Root(00)
Mensaje * / 00:10:49:000 / Root(00) para top(01)
Mensaje * / 00:10:49:000 / top(01) para checkhair(02)
Mensaje Y / 00:10:49:000 / checkhair(02) / finished /      3.00000 para top(01)
Mensaje D / 00:10:49:000 / checkhair(02) / ... para top(01)
Mensaje Y / 00:10:49:000 / top(01) / finished /      3.00000 para Root(00)
Mensaje D / 00:10:49:000 / top(01) / ... para Root(00)
Mensaje X / 00:10:50:000 / Root(00) / progress /      0.00000 para top(01)
Mensaje X / 00:10:50:000 / top(01) / progress /      0.00000 para checkhair(02)
Mensaje D / 00:10:50:000 / checkhair(02) / ... para top(01)
Mensaje D / 00:10:50:000 / top(01) / ... para Root(00)
Mensaje X / 00:11:00:000 / Root(00) / progress /      0.00000 para top(01)
Mensaje X / 00:11:00:000 / top(01) / progress /      0.00000 para checkhair(02)
Mensaje D / 00:11:00:000 / checkhair(02) / ... para top(01)
Mensaje D / 00:11:00:000 / top(01) / ... para Root(00)
Mensaje X / 00:11:10:000 / Root(00) / progress /      0.00000 para top(01)
Mensaje X / 00:11:10:000 / top(01) / progress /      0.00000 para checkhair(02)
Mensaje D / 00:11:10:000 / checkhair(02) / ... para top(01)
Mensaje D / 00:11:10:000 / top(01) / ... para Root(00)
