Mensaje I / 00:00:00:000 / Root(00) para top(01)
Mensaje I / 00:00:00:000 / top(01) para checkhair(02)
Mensaje D / 00:00:00:000 / checkhair(02) / ... para top(01)
Mensaje D / 00:00:00:000 / top(01) / ... para Root(00)
Mensaje X / 00:00:00:000 / Root(00) / cust /      7.00000 para top(01)
Mensaje X / 00:00:00:000 / top(01) / cust /      7.00000 para checkhair(02)
Mensaje D / 00:00:00:000 / checkhair(02) / 00:01:00:000 para top(01)
Mensaje D / 00:00:00:000 / top(01) / 00:01:00:000 para Root(00)
Mensaje X / 00:00:00:000 / Root(00) / progress /      0.00000 para top(01)
Mensaje X / 00:00:00:000 / top(01) / progress /      0.00000 para checkhair(02)
Mensaje D / 00:00:00:000 / checkhair(02) / 00:01:00:000 para top(01)
Mensaje D / 00:00:00:000 / top(01) / 00:01:00:000 para Root(00)
Mensaje X / 00:00:00:000 / Root(00) / progress /      0.00000 para top(01)
Mensaje X / 00:00:00:000 / top(01) / progress /      0.00000 para checkhair(02)
Mensaje D / 00:00:00:000 / checkhair(02) / 00:01:00:000 para top(01)
Mensaje D / 00:00:00:000 / top(01) / 00:01:00:000 para Root(00)
Mensaje X / 00:00:00:000 / Root(00) / progress /      0.00000 para top(01)
Mensaje X / 00:00:00:000 / top(01) / progress /      0.00000 para checkhair(02)
Mensaje D / 00:00:00:000 / checkhair(02) / 00:01:00:000 para top(01)
Mensaje D / 00:00:00:000 / top(01) / 00:01:00:000 para Root(00)
Mensaje X / 00:00:00:000 / Root(00) / progress /      0.00000 para top(01)
Mensaje X / 00:00:00:000 / top(01) / progress /      0.00000 para checkhair(02)
Mensaje D / 00:00:00:000 / checkhair(02) / 00:01:00:000 para top(01)
Mensaje D / 00:00:00:000 / top(01) / 00:01:00:000 para Root(00)
Mensaje X / 00:00:00:000 / Root(00) / progress /      0.00000 para top(01)
Mensaje X / 00:00:00:000 / top(01) / progress /      0.00000 para checkhair(02)
Mensaje D / 00:00:00:000 / checkhair(02) / 00:01:00:000 para top(01)
Mensaje D / 00:00:00:000 / top(01) / 00:01:00:000 para Root(00)
Mensaje X / 00:00:00:000 / Root(00) / progress /      0.00000 para top(01)
Mensaje X / 00:00:00:000 / top(01) / progress /      0.00000 para checkhair(02)
Mensaje D / 00:00:00:000 / checkhair(02) / 00:01:00:000 para top(01)
Mensaje D / 00:00:00:000 / top(01) / 00:01:00:000 para Root(00)
Mensaje X / 00:00:00:000 / Root(00) / progress /      0.00000 para top(01)
Mensaje X / 00:00:00:000 / top(01) / progress /      0.00000 para checkhair(02)
Mensaje D / 00:00:00:000 / checkhair(02) / 00:01:00:000 para top(01)
Mensaje D / 00:00:00:000 / top(01) / 00:01:00:000 para Root(00)
Mensaje X / 00:00:00:000 / Root(00) / progress /      0.00000 para top(01)
Mensaje X / 00:00:00:000 / top(01) / progress /      0.00000 para checkhair(02)
Mensaje D / 00:00:00:000 / checkhair(02) / 00:01:00:000 para top(01)
Mensaje D / 00:00:00:000 / top(01) / 00:01:00:000 para Root(00)
Mensaje X / 00:00:00:000 / Root(00) / cust /      3.00000 para top(01)
Mensaje X / 00:00:00:000 / top(01) / cust /      3.00000 para checkhair(02)
Mensaje D / 00:00:00:000 / checkhair(02) / 00:01:00:000 para top(01)
Mensaje D / 00:00:00:000 / top(01) / 00:01:00:000 para Root(00)
Mensaje X / 00:00:00:000 / Root(00) / progress /      0.00000 para top(01)
Mensaje X / 00:00:00:000 / top(01) / progress /      0.00000 para checkhair(02)
Mensaje D / 00:00:00:000 / checkhair(02) / 00:01:00:000 para top(01)
Mensaje D / 00:00:00:000 / top(01) / 00:01:00:000 para Root(00)
Mensaje X / 00:00:00:000 / Root(00) / progress /      0.00000 para top(01)
Mensaje X / 00:00:00:000 / top(01) / progress /      0.00000 para checkhair(02)
Mensaje D / 00:00:00:000 / checkhair(02) / 00:01:00:000 para top(01)
Mensaje D / 00:00:00:000 / top(01) / 00:01:00:000 para Root(00)
Mensaje X / 00:00:00:000 / Root(00) / cust /      5.00000 para top(01)
Mensaje X / 00:00:00:000 / top(01) / cust /      5.00000 para checkhair(02)
Mensaje D / 00:00:00:000 / checkhair(02) / 00:01:00:000 para top(01)
Mensaje D / 00:00:00:000 / top(01) / 00:01:00:000 para Root(00)
Mensaje X / 00:00:00:000 / Root(00) / progress /      0.00000 para top(01)
Mensaje X / 00:00:00:000 / top(01) / progress /      0.00000 para checkhair(02)
Mensaje D / 00:00:00:000 / checkhair(02) / 00:01:00:000 para top(01)
Mensaje D / 00:00:00:000 / top(01) / 00:01:00:000 para Root(00)
Mensaje X / 00:00:00:000 / Root(00) / progress /      0.00000 para top(01)
Mensaje X / 00:00:00:000 / top(01) / progress /      0.00000 para checkhair(02)
Mensaje D / 00:00:00:000 / checkhair(02) / 00:01:00:000 para top(01)
Mensaje D / 00:00:00:000 / top(01) / 00:01:00:000 para Root(00)
Mensaje X / 00:00:00:000 / Root(00) / progress /      0.00000 para top(01)
Mensaje X / 00:00:00:000 / top(01) / progress /      0.00000 para checkhair(02)
Mensaje D / 00:00:00:000 / checkhair(02) / 00:01:00:000 para top(01)
Mensaje D / 00:00:00:000 / top(01) / 00:01:00:000 para Root(00)
Mensaje X / 00:00:00:000 / Root(00) / progress /      0.00000 para top(01)
Mensaje X / 00:00:00:000 / top(01) / progress /      0.00000 para checkhair(02)
Mensaje D / 00:00:00:000 / checkhair(02) / 00:01:00:000 para top(01)
Mensaje D / 00:00:00:000 / top(01) / 00:01:00:000 para Root(00)
Mensaje X / 00:00:00:000 / Root(00) / progress /      0.00000 para top(01)
Mensaje X / 00:00:00:000 / top(01) / progress /      0.00000 para checkhair(02)
Mensaje D / 00:00:00:000 / checkhair(02) / 00:01:00:000 para top(01)
Mensaje D / 00:00:00:000 / top(01) / 00:01:00:000 para Root(00)
Mensaje X / 00:00:00:000 / Root(00) / progress /      0.00000 para top(01)
Mensaje X / 00:00:00:000 / top(01) / progress /      0.00000 para checkhair(02)
Mensaje D / 00:00:00:000 / checkhair(02) / 00:01:00:000 para top(01)
Mensaje D / 00:00:00:000 / top(01) / 00:01:00:000 para Root(00)
Mensaje * / 00:01:00:000 / Root(00) para top(01)
Mensaje * / 00:01:00:000 / top(01) para checkhair(02)
Mensaje Y / 00:01:00:000 / checkhair(02) / cutcontinue /      1.00000 para top(01)
Mensaje D / 00:01:00:000 / checkhair(02) / ... para top(01)
Mensaje Y / 00:01:00:000 / top(01) / cutcontinue /      1.00000 para Root(00)
Mensaje D / 00:01:00:000 / top(01) / ... para Root(00)
