Mensaje I / 00:00:00:000 / Root(00) para top(01)
Mensaje I / 00:00:00:000 / top(01) para cuthair(02)
Mensaje D / 00:00:00:000 / cuthair(02) / ... para top(01)
Mensaje D / 00:00:00:000 / top(01) / ... para Root(00)
Mensaje X / 00:00:00:000 / Root(00) / cutcontinue /     -3.00000 para top(01)
Mensaje X / 00:00:00:000 / top(01) / cutcontinue /     -3.00000 para cuthair(02)
Mensaje D / 00:00:00:000 / cuthair(02) / 00:00:11:000 para top(01)
Mensaje D / 00:00:00:000 / top(01) / 00:00:11:000 para Root(00)
Mensaje * / 00:00:11:000 / Root(00) para top(01)
Mensaje * / 00:00:11:000 / top(01) para cuthair(02)
Mensaje Y / 00:00:11:000 / cuthair(02) / progress /      1.00000 para top(01)
Mensaje D / 00:00:11:000 / cuthair(02) / ... para top(01)
Mensaje Y / 00:00:11:000 / top(01) / progress /      1.00000 para Root(00)
Mensaje D / 00:00:11:000 / top(01) / ... para Root(00)
Mensaje X / 00:01:20:000 / Root(00) / cutcontinue /      1.00000 para top(01)
Mensaje X / 00:01:20:000 / top(01) / cutcontinue /      1.00000 para cuthair(02)
Mensaje D / 00:01:20:000 / cuthair(02) / 00:00:11:000 para top(01)
Mensaje D / 00:01:20:000 / top(01) / 00:00:11:000 para Root(00)
Mensaje * / 00:01:31:000 / Root(00) para top(01)
Mensaje * / 00:01:31:000 / top(01) para cuthair(02)
Mensaje Y / 00:01:31:000 / cuthair(02) / progress /      1.00000 para top(01)
Mensaje D / 00:01:31:000 / cuthair(02) / ... para top(01)
Mensaje Y / 00:01:31:000 / top(01) / progress /      1.00000 para Root(00)
Mensaje D / 00:01:31:000 / top(01) / ... para Root(00)
Mensaje X / 00:02:45:000 / Root(00) / cutcontinue /      3.00000 para top(01)
Mensaje X / 00:02:45:000 / top(01) / cutcontinue /      3.00000 para cuthair(02)
Mensaje D / 00:02:45:000 / cuthair(02) / 00:00:11:000 para top(01)
Mensaje D / 00:02:45:000 / top(01) / 00:00:11:000 para Root(00)
Mensaje * / 00:02:56:000 / Root(00) para top(01)
Mensaje * / 00:02:56:000 / top(01) para cuthair(02)
Mensaje Y / 00:02:56:000 / cuthair(02) / progress /      1.00000 para top(01)
Mensaje D / 00:02:56:000 / cuthair(02) / ... para top(01)
Mensaje Y / 00:02:56:000 / top(01) / progress /      1.00000 para Root(00)
Mensaje D / 00:02:56:000 / top(01) / ... para Root(00)
Mensaje X / 00:03:20:000 / Root(00) / cutcontinue /      1.00000 para top(01)
Mensaje X / 00:03:20:000 / top(01) / cutcontinue /      1.00000 para cuthair(02)
Mensaje D / 00:03:20:000 / cuthair(02) / 00:00:11:000 para top(01)
Mensaje D / 00:03:20:000 / top(01) / 00:00:11:000 para Root(00)
Mensaje * / 00:03:31:000 / Root(00) para top(01)
Mensaje * / 00:03:31:000 / top(01) para cuthair(02)
Mensaje Y / 00:03:31:000 / cuthair(02) / progress /      1.00000 para top(01)
Mensaje D / 00:03:31:000 / cuthair(02) / ... para top(01)
Mensaje Y / 00:03:31:000 / top(01) / progress /      1.00000 para Root(00)
Mensaje D / 00:03:31:000 / top(01) / ... para Root(00)
Mensaje X / 00:04:40:000 / Root(00) / cutcontinue /      3.00000 para top(01)
Mensaje X / 00:04:40:000 / top(01) / cutcontinue /      3.00000 para cuthair(02)
Mensaje D / 00:04:40:000 / cuthair(02) / 00:00:11:000 para top(01)
Mensaje D / 00:04:40:000 / top(01) / 00:00:11:000 para Root(00)
Mensaje * / 00:04:51:000 / Root(00) para top(01)
Mensaje * / 00:04:51:000 / top(01) para cuthair(02)
Mensaje Y / 00:04:51:000 / cuthair(02) / progress /      1.00000 para top(01)
Mensaje D / 00:04:51:000 / cuthair(02) / ... para top(01)
Mensaje Y / 00:04:51:000 / top(01) / progress /      1.00000 para Root(00)
Mensaje D / 00:04:51:000 / top(01) / ... para Root(00)
Mensaje X / 00:05:20:000 / Root(00) / cutcontinue /      1.00000 para top(01)
Mensaje X / 00:05:20:000 / top(01) / cutcontinue /      1.00000 para cuthair(02)
Mensaje D / 00:05:20:000 / cuthair(02) / 00:00:11:000 para top(01)
Mensaje D / 00:05:20:000 / top(01) / 00:00:11:000 para Root(00)
Mensaje * / 00:05:31:000 / Root(00) para top(01)
Mensaje * / 00:05:31:000 / top(01) para cuthair(02)
Mensaje Y / 00:05:31:000 / cuthair(02) / progress /      1.00000 para top(01)
Mensaje D / 00:05:31:000 / cuthair(02) / ... para top(01)
Mensaje Y / 00:05:31:000 / top(01) / progress /      1.00000 para Root(00)
Mensaje D / 00:05:31:000 / top(01) / ... para Root(00)
Mensaje X / 00:06:40:000 / Root(00) / cutcontinue /      3.00000 para top(01)
Mensaje X / 00:06:40:000 / top(01) / cutcontinue /      3.00000 para cuthair(02)
Mensaje D / 00:06:40:000 / cuthair(02) / 00:00:11:000 para top(01)
Mensaje D / 00:06:40:000 / top(01) / 00:00:11:000 para Root(00)
Mensaje * / 00:06:51:000 / Root(00) para top(01)
Mensaje * / 00:06:51:000 / top(01) para cuthair(02)
Mensaje Y / 00:06:51:000 / cuthair(02) / progress /      1.00000 para top(01)
Mensaje D / 00:06:51:000 / cuthair(02) / ... para top(01)
Mensaje Y / 00:06:51:000 / top(01) / progress /      1.00000 para Root(00)
Mensaje D / 00:06:51:000 / top(01) / ... para Root(00)
Mensaje X / 00:07:20:000 / Root(00) / cutcontinue /      1.00000 para top(01)
Mensaje X / 00:07:20:000 / top(01) / cutcontinue /      1.00000 para cuthair(02)
Mensaje D / 00:07:20:000 / cuthair(02) / 00:00:11:000 para top(01)
Mensaje D / 00:07:20:000 / top(01) / 00:00:11:000 para Root(00)
Mensaje * / 00:07:31:000 / Root(00) para top(01)
Mensaje * / 00:07:31:000 / top(01) para cuthair(02)
Mensaje Y / 00:07:31:000 / cuthair(02) / progress /      1.00000 para top(01)
Mensaje D / 00:07:31:000 / cuthair(02) / ... para top(01)
Mensaje Y / 00:07:31:000 / top(01) / progress /      1.00000 para Root(00)
Mensaje D / 00:07:31:000 / top(01) / ... para Root(00)
Mensaje X / 00:08:40:000 / Root(00) / cutcontinue /      3.00000 para top(01)
Mensaje X / 00:08:40:000 / top(01) / cutcontinue /      3.00000 para cuthair(02)
Mensaje D / 00:08:40:000 / cuthair(02) / 00:00:11:000 para top(01)
Mensaje D / 00:08:40:000 / top(01) / 00:00:11:000 para Root(00)
Mensaje * / 00:08:51:000 / Root(00) para top(01)
Mensaje * / 00:08:51:000 / top(01) para cuthair(02)
Mensaje Y / 00:08:51:000 / cuthair(02) / progress /      1.00000 para top(01)
Mensaje D / 00:08:51:000 / cuthair(02) / ... para top(01)
Mensaje Y / 00:08:51:000 / top(01) / progress /      1.00000 para Root(00)
Mensaje D / 00:08:51:000 / top(01) / ... para Root(00)
Mensaje X / 00:09:20:000 / Root(00) / cutcontinue /      1.00000 para top(01)
Mensaje X / 00:09:20:000 / top(01) / cutcontinue /      1.00000 para cuthair(02)
Mensaje D / 00:09:20:000 / cuthair(02) / 00:00:11:000 para top(01)
Mensaje D / 00:09:20:000 / top(01) / 00:00:11:000 para Root(00)
Mensaje * / 00:09:31:000 / Root(00) para top(01)
Mensaje * / 00:09:31:000 / top(01) para cuthair(02)
Mensaje Y / 00:09:31:000 / cuthair(02) / progress /      1.00000 para top(01)
Mensaje D / 00:09:31:000 / cuthair(02) / ... para top(01)
Mensaje Y / 00:09:31:000 / top(01) / progress /      1.00000 para Root(00)
Mensaje D / 00:09:31:000 / top(01) / ... para Root(00)
Mensaje X / 00:10:40:000 / Root(00) / cutcontinue /      4.00000 para top(01)
Mensaje X / 00:10:40:000 / top(01) / cutcontinue /      4.00000 para cuthair(02)
Mensaje D / 00:10:40:000 / cuthair(02) / 00:00:11:000 para top(01)
Mensaje D / 00:10:40:000 / top(01) / 00:00:11:000 para Root(00)
Mensaje * / 00:10:51:000 / Root(00) para top(01)
Mensaje * / 00:10:51:000 / top(01) para cuthair(02)
Mensaje Y / 00:10:51:000 / cuthair(02) / progress /      1.00000 para top(01)
Mensaje D / 00:10:51:000 / cuthair(02) / ... para top(01)
Mensaje Y / 00:10:51:000 / top(01) / progress /      1.00000 para Root(00)
Mensaje D / 00:10:51:000 / top(01) / ... para Root(00)
Mensaje X / 00:11:20:000 / Root(00) / cutcontinue /      5.00000 para top(01)
Mensaje X / 00:11:20:000 / top(01) / cutcontinue /      5.00000 para cuthair(02)
Mensaje D / 00:11:20:000 / cuthair(02) / 00:00:11:000 para top(01)
Mensaje D / 00:11:20:000 / top(01) / 00:00:11:000 para Root(00)
Mensaje * / 00:11:31:000 / Root(00) para top(01)
Mensaje * / 00:11:31:000 / top(01) para cuthair(02)
Mensaje Y / 00:11:31:000 / cuthair(02) / progress /      1.00000 para top(01)
Mensaje D / 00:11:31:000 / cuthair(02) / ... para top(01)
Mensaje Y / 00:11:31:000 / top(01) / progress /      1.00000 para Root(00)
Mensaje D / 00:11:31:000 / top(01) / ... para Root(00)
