Mensaje I / 00:00:00:000 / Root(00) para top(01)
Mensaje I / 00:00:00:000 / top(01) para reception(02)
Mensaje D / 00:00:00:000 / reception(02) / ... para top(01)
Mensaje D / 00:00:00:000 / top(01) / ... para Root(00)
Mensaje X / 08:01:00:000 / Root(00) / newcust /     10.00000 para top(01)
Mensaje X / 08:01:00:000 / top(01) / newcust /     10.00000 para reception(02)
Mensaje D / 08:01:00:000 / reception(02) / ... para top(01)
Mensaje D / 08:01:00:000 / top(01) / ... para Root(00)
Mensaje X / 09:10:00:000 / Root(00) / newcust /     20.00000 para top(01)
Mensaje X / 09:10:00:000 / top(01) / newcust /     20.00000 para reception(02)
Mensaje D / 09:10:00:000 / reception(02) / 00:00:01:100 para top(01)
Mensaje D / 09:10:00:000 / top(01) / 00:00:01:100 para Root(00)
Mensaje * / 09:10:01:100 / Root(00) para top(01)
Mensaje * / 09:10:01:100 / top(01) para reception(02)
Mensaje Y / 09:10:01:100 / reception(02) / cust /     20.00000 para top(01)
Mensaje D / 09:10:01:100 / reception(02) / ... para top(01)
Mensaje Y / 09:10:01:100 / top(01) / cust /     20.00000 para Root(00)
Mensaje D / 09:10:01:100 / top(01) / ... para Root(00)
Mensaje X / 09:10:10:000 / Root(00) / newcust /     30.00000 para top(01)
Mensaje X / 09:10:10:000 / top(01) / newcust /     30.00000 para reception(02)
Mensaje D / 09:10:10:000 / reception(02) / 00:00:01:100 para top(01)
Mensaje D / 09:10:10:000 / top(01) / 00:00:01:100 para Root(00)
Mensaje * / 09:10:11:100 / Root(00) para top(01)
Mensaje * / 09:10:11:100 / top(01) para reception(02)
Mensaje Y / 09:10:11:100 / reception(02) / cust /     30.00000 para top(01)
Mensaje D / 09:10:11:100 / reception(02) / ... para top(01)
Mensaje Y / 09:10:11:100 / top(01) / cust /     30.00000 para Root(00)
Mensaje D / 09:10:11:100 / top(01) / ... para Root(00)
Mensaje X / 09:10:20:000 / Root(00) / newcust /     40.00000 para top(01)
Mensaje X / 09:10:20:000 / top(01) / newcust /     40.00000 para reception(02)
Mensaje D / 09:10:20:000 / reception(02) / 00:00:01:100 para top(01)
Mensaje D / 09:10:20:000 / top(01) / 00:00:01:100 para Root(00)
Mensaje * / 09:10:21:100 / Root(00) para top(01)
Mensaje * / 09:10:21:100 / top(01) para reception(02)
Mensaje Y / 09:10:21:100 / reception(02) / cust /     40.00000 para top(01)
Mensaje D / 09:10:21:100 / reception(02) / ... para top(01)
Mensaje Y / 09:10:21:100 / top(01) / cust /     40.00000 para Root(00)
Mensaje D / 09:10:21:100 / top(01) / ... para Root(00)
Mensaje X / 10:10:30:000 / Root(00) / newcust /     60.00000 para top(01)
Mensaje X / 10:10:30:000 / top(01) / newcust /     60.00000 para reception(02)
Mensaje D / 10:10:30:000 / reception(02) / 00:00:01:100 para top(01)
Mensaje D / 10:10:30:000 / top(01) / 00:00:01:100 para Root(00)
Mensaje * / 10:10:31:100 / Root(00) para top(01)
Mensaje * / 10:10:31:100 / top(01) para reception(02)
Mensaje Y / 10:10:31:100 / reception(02) / cust /     60.00000 para top(01)
Mensaje D / 10:10:31:100 / reception(02) / ... para top(01)
Mensaje Y / 10:10:31:100 / top(01) / cust /     60.00000 para Root(00)
Mensaje D / 10:10:31:100 / top(01) / ... para Root(00)
Mensaje X / 10:20:40:000 / Root(00) / newcust /     70.00000 para top(01)
Mensaje X / 10:20:40:000 / top(01) / newcust /     70.00000 para reception(02)
Mensaje D / 10:20:40:000 / reception(02) / 00:00:01:100 para top(01)
Mensaje D / 10:20:40:000 / top(01) / 00:00:01:100 para Root(00)
Mensaje * / 10:20:41:100 / Root(00) para top(01)
Mensaje * / 10:20:41:100 / top(01) para reception(02)
Mensaje Y / 10:20:41:100 / reception(02) / cust /     70.00000 para top(01)
Mensaje D / 10:20:41:100 / reception(02) / ... para top(01)
Mensaje Y / 10:20:41:100 / top(01) / cust /     70.00000 para Root(00)
Mensaje D / 10:20:41:100 / top(01) / ... para Root(00)
Mensaje X / 10:30:50:000 / Root(00) / newcust /     90.00000 para top(01)
Mensaje X / 10:30:50:000 / top(01) / newcust /     90.00000 para reception(02)
Mensaje D / 10:30:50:000 / reception(02) / 00:00:01:100 para top(01)
Mensaje D / 10:30:50:000 / top(01) / 00:00:01:100 para Root(00)
Mensaje * / 10:30:51:100 / Root(00) para top(01)
Mensaje * / 10:30:51:100 / top(01) para reception(02)
Mensaje Y / 10:30:51:100 / reception(02) / cust /     90.00000 para top(01)
Mensaje D / 10:30:51:100 / reception(02) / ... para top(01)
Mensaje Y / 10:30:51:100 / top(01) / cust /     90.00000 para Root(00)
Mensaje D / 10:30:51:100 / top(01) / ... para Root(00)
Mensaje X / 10:40:00:000 / Root(00) / newcust /     40.00000 para top(01)
Mensaje X / 10:40:00:000 / top(01) / newcust /     40.00000 para reception(02)
Mensaje D / 10:40:00:000 / reception(02) / 00:00:01:100 para top(01)
Mensaje D / 10:40:00:000 / top(01) / 00:00:01:100 para Root(00)
Mensaje * / 10:40:01:100 / Root(00) para top(01)
Mensaje * / 10:40:01:100 / top(01) para reception(02)
Mensaje Y / 10:40:01:100 / reception(02) / cust /     40.00000 para top(01)
Mensaje D / 10:40:01:100 / reception(02) / ... para top(01)
Mensaje Y / 10:40:01:100 / top(01) / cust /     40.00000 para Root(00)
Mensaje D / 10:40:01:100 / top(01) / ... para Root(00)
Mensaje X / 10:50:00:000 / Root(00) / newcust /     30.00000 para top(01)
Mensaje X / 10:50:00:000 / top(01) / newcust /     30.00000 para reception(02)
Mensaje D / 10:50:00:000 / reception(02) / 00:00:01:100 para top(01)
Mensaje D / 10:50:00:000 / top(01) / 00:00:01:100 para Root(00)
Mensaje * / 10:50:01:100 / Root(00) para top(01)
Mensaje * / 10:50:01:100 / top(01) para reception(02)
Mensaje Y / 10:50:01:100 / reception(02) / cust /     30.00000 para top(01)
Mensaje D / 10:50:01:100 / reception(02) / ... para top(01)
Mensaje Y / 10:50:01:100 / top(01) / cust /     30.00000 para Root(00)
Mensaje D / 10:50:01:100 / top(01) / ... para Root(00)
Mensaje X / 11:00:00:000 / Root(00) / newcust /     30.00000 para top(01)
Mensaje X / 11:00:00:000 / top(01) / newcust /     30.00000 para reception(02)
Mensaje D / 11:00:00:000 / reception(02) / 00:00:01:100 para top(01)
Mensaje D / 11:00:00:000 / top(01) / 00:00:01:100 para Root(00)
Mensaje * / 11:00:01:100 / Root(00) para top(01)
Mensaje * / 11:00:01:100 / top(01) para reception(02)
Mensaje Y / 11:00:01:100 / reception(02) / cust /     30.00000 para top(01)
Mensaje D / 11:00:01:100 / reception(02) / ... para top(01)
Mensaje Y / 11:00:01:100 / top(01) / cust /     30.00000 para Root(00)
Mensaje D / 11:00:01:100 / top(01) / ... para Root(00)
Mensaje X / 12:23:00:000 / Root(00) / next /      1.00000 para top(01)
Mensaje X / 12:23:00:000 / top(01) / next /      1.00000 para reception(02)
Mensaje D / 12:23:00:000 / reception(02) / 00:00:01:100 para top(01)
Mensaje D / 12:23:00:000 / top(01) / 00:00:01:100 para Root(00)
Mensaje * / 12:23:01:100 / Root(00) para top(01)
Mensaje * / 12:23:01:100 / top(01) para reception(02)
Mensaje D / 12:23:01:100 / reception(02) / ... para top(01)
Mensaje D / 12:23:01:100 / top(01) / ... para Root(00)
Mensaje X / 13:24:00:000 / Root(00) / next /      1.00000 para top(01)
Mensaje X / 13:24:00:000 / top(01) / next /      1.00000 para reception(02)
Mensaje D / 13:24:00:000 / reception(02) / 00:00:01:100 para top(01)
Mensaje D / 13:24:00:000 / top(01) / 00:00:01:100 para Root(00)
Mensaje * / 13:24:01:100 / Root(00) para top(01)
Mensaje * / 13:24:01:100 / top(01) para reception(02)
Mensaje D / 13:24:01:100 / reception(02) / ... para top(01)
Mensaje D / 13:24:01:100 / top(01) / ... para Root(00)
Mensaje X / 13:27:00:000 / Root(00) / next /      1.00000 para top(01)
Mensaje X / 13:27:00:000 / top(01) / next /      1.00000 para reception(02)
Mensaje D / 13:27:00:000 / reception(02) / 00:00:01:100 para top(01)
Mensaje D / 13:27:00:000 / top(01) / 00:00:01:100 para Root(00)
Mensaje * / 13:27:01:100 / Root(00) para top(01)
Mensaje * / 13:27:01:100 / top(01) para reception(02)
Mensaje D / 13:27:01:100 / reception(02) / ... para top(01)
Mensaje D / 13:27:01:100 / top(01) / ... para Root(00)
Mensaje X / 14:25:00:000 / Root(00) / next /      1.00000 para top(01)
Mensaje X / 14:25:00:000 / top(01) / next /      1.00000 para reception(02)
Mensaje D / 14:25:00:000 / reception(02) / 00:00:01:100 para top(01)
Mensaje D / 14:25:00:000 / top(01) / 00:00:01:100 para Root(00)
Mensaje * / 14:25:01:100 / Root(00) para top(01)
Mensaje * / 14:25:01:100 / top(01) para reception(02)
Mensaje D / 14:25:01:100 / reception(02) / ... para top(01)
Mensaje D / 14:25:01:100 / top(01) / ... para Root(00)
Mensaje X / 14:28:00:000 / Root(00) / next /      1.00000 para top(01)
Mensaje X / 14:28:00:000 / top(01) / next /      1.00000 para reception(02)
Mensaje D / 14:28:00:000 / reception(02) / 00:00:01:100 para top(01)
Mensaje D / 14:28:00:000 / top(01) / 00:00:01:100 para Root(00)
Mensaje * / 14:28:01:100 / Root(00) para top(01)
Mensaje * / 14:28:01:100 / top(01) para reception(02)
Mensaje D / 14:28:01:100 / reception(02) / ... para top(01)
Mensaje D / 14:28:01:100 / top(01) / ... para Root(00)
Mensaje X / 15:26:00:000 / Root(00) / next /      1.00000 para top(01)
Mensaje X / 15:26:00:000 / top(01) / next /      1.00000 para reception(02)
Mensaje D / 15:26:00:000 / reception(02) / 00:00:01:100 para top(01)
Mensaje D / 15:26:00:000 / top(01) / 00:00:01:100 para Root(00)
Mensaje * / 15:26:01:100 / Root(00) para top(01)
Mensaje * / 15:26:01:100 / top(01) para reception(02)
Mensaje D / 15:26:01:100 / reception(02) / ... para top(01)
Mensaje D / 15:26:01:100 / top(01) / ... para Root(00)
Mensaje X / 15:29:00:000 / Root(00) / next /      1.00000 para top(01)
Mensaje X / 15:29:00:000 / top(01) / next /      1.00000 para reception(02)
Mensaje D / 15:29:00:000 / reception(02) / 00:00:01:100 para top(01)
Mensaje D / 15:29:00:000 / top(01) / 00:00:01:100 para Root(00)
Mensaje * / 15:29:01:100 / Root(00) para top(01)
Mensaje * / 15:29:01:100 / top(01) para reception(02)
Mensaje D / 15:29:01:100 / reception(02) / ... para top(01)
Mensaje D / 15:29:01:100 / top(01) / ... para Root(00)
Mensaje X / 15:30:00:000 / Root(00) / next /      1.00000 para top(01)
Mensaje X / 15:30:00:000 / top(01) / next /      1.00000 para reception(02)
Mensaje D / 15:30:00:000 / reception(02) / 00:00:01:100 para top(01)
Mensaje D / 15:30:00:000 / top(01) / 00:00:01:100 para Root(00)
Mensaje * / 15:30:01:100 / Root(00) para top(01)
Mensaje * / 15:30:01:100 / top(01) para reception(02)
Mensaje D / 15:30:01:100 / reception(02) / ... para top(01)
Mensaje D / 15:30:01:100 / top(01) / ... para Root(00)
Mensaje X / 15:41:00:000 / Root(00) / next /      1.00000 para top(01)
Mensaje X / 15:41:00:000 / top(01) / next /      1.00000 para reception(02)
Mensaje D / 15:41:00:000 / reception(02) / 00:00:01:100 para top(01)
Mensaje D / 15:41:00:000 / top(01) / 00:00:01:100 para Root(00)
Mensaje * / 15:41:01:100 / Root(00) para top(01)
Mensaje * / 15:41:01:100 / top(01) para reception(02)
Mensaje D / 15:41:01:100 / reception(02) / ... para top(01)
Mensaje D / 15:41:01:100 / top(01) / ... para Root(00)
Mensaje X / 15:54:55:000 / Root(00) / newcust /     40.00000 para top(01)
Mensaje X / 15:54:55:000 / top(01) / newcust /     40.00000 para reception(02)
Mensaje D / 15:54:55:000 / reception(02) / 00:00:01:100 para top(01)
Mensaje D / 15:54:55:000 / top(01) / 00:00:01:100 para Root(00)
Mensaje * / 15:54:56:100 / Root(00) para top(01)
Mensaje * / 15:54:56:100 / top(01) para reception(02)
Mensaje Y / 15:54:56:100 / reception(02) / cust /     40.00000 para top(01)
Mensaje D / 15:54:56:100 / reception(02) / ... para top(01)
Mensaje Y / 15:54:56:100 / top(01) / cust /     40.00000 para Root(00)
Mensaje D / 15:54:56:100 / top(01) / ... para Root(00)
Mensaje X / 16:10:00:000 / Root(00) / newcust /     60.00000 para top(01)
Mensaje X / 16:10:00:000 / top(01) / newcust /     60.00000 para reception(02)
Mensaje D / 16:10:00:000 / reception(02) / ... para top(01)
Mensaje D / 16:10:00:000 / top(01) / ... para Root(00)
Mensaje X / 16:20:00:000 / Root(00) / next /      1.00000 para top(01)
Mensaje X / 16:20:00:000 / top(01) / next /      1.00000 para reception(02)
Mensaje D / 16:20:00:000 / reception(02) / 00:00:01:100 para top(01)
Mensaje D / 16:20:00:000 / top(01) / 00:00:01:100 para Root(00)
Mensaje * / 16:20:01:100 / Root(00) para top(01)
Mensaje * / 16:20:01:100 / top(01) para reception(02)
Mensaje D / 16:20:01:100 / reception(02) / ... para top(01)
Mensaje D / 16:20:01:100 / top(01) / ... para Root(00)
Mensaje X / 16:21:10:000 / Root(00) / next /      1.00000 para top(01)
Mensaje X / 16:21:10:000 / top(01) / next /      1.00000 para reception(02)
Mensaje D / 16:21:10:000 / reception(02) / 00:00:01:100 para top(01)
Mensaje D / 16:21:10:000 / top(01) / 00:00:01:100 para Root(00)
Mensaje * / 16:21:11:100 / Root(00) para top(01)
Mensaje * / 16:21:11:100 / top(01) para reception(02)
Mensaje D / 16:21:11:100 / reception(02) / ... para top(01)
Mensaje D / 16:21:11:100 / top(01) / ... para Root(00)
