Mensaje I / 00:00:00:000 / Root(00) para top(01)
Mensaje I / 00:00:00:000 / top(01) para reception(02)
Mensaje D / 00:00:00:000 / reception(02) / ... para top(01)
Mensaje D / 00:00:00:000 / top(01) / ... para Root(00)
Mensaje X / 08:00:00:000 / Root(00) / newcust /     10.00000 para top(01)
Mensaje X / 08:00:00:000 / top(01) / newcust /     10.00000 para reception(02)
Mensaje D / 08:00:00:000 / reception(02) / ... para top(01)
Mensaje D / 08:00:00:000 / top(01) / ... para Root(00)
Mensaje X / 09:00:00:000 / Root(00) / newcust /     20.00000 para top(01)
Mensaje X / 09:00:00:000 / top(01) / newcust /     20.00000 para reception(02)
Mensaje D / 09:00:00:000 / reception(02) / 00:01:00:000 para top(01)
Mensaje D / 09:00:00:000 / top(01) / 00:01:00:000 para Root(00)
Mensaje X / 09:00:00:000 / Root(00) / newcust /     30.00000 para top(01)
Mensaje X / 09:00:00:000 / top(01) / newcust /     30.00000 para reception(02)
Mensaje D / 09:00:00:000 / reception(02) / 00:01:00:000 para top(01)
Mensaje D / 09:00:00:000 / top(01) / 00:01:00:000 para Root(00)
Mensaje X / 09:00:00:000 / Root(00) / newcust /     40.00000 para top(01)
Mensaje X / 09:00:00:000 / top(01) / newcust /     40.00000 para reception(02)
Mensaje D / 09:00:00:000 / reception(02) / 00:01:00:000 para top(01)
Mensaje D / 09:00:00:000 / top(01) / 00:01:00:000 para Root(00)
Mensaje X / 09:00:00:000 / Root(00) / newcust /     60.00000 para top(01)
Mensaje X / 09:00:00:000 / top(01) / newcust /     60.00000 para reception(02)
Mensaje D / 09:00:00:000 / reception(02) / 00:01:00:000 para top(01)
Mensaje D / 09:00:00:000 / top(01) / 00:01:00:000 para Root(00)
Mensaje X / 09:00:00:000 / Root(00) / newcust /      0.00000 para top(01)
Mensaje X / 09:00:00:000 / top(01) / newcust /      0.00000 para reception(02)
Mensaje D / 09:00:00:000 / reception(02) / 00:01:00:000 para top(01)
Mensaje D / 09:00:00:000 / top(01) / 00:01:00:000 para Root(00)
Mensaje X / 09:00:00:000 / Root(00) / newcust /     90.00000 para top(01)
Mensaje X / 09:00:00:000 / top(01) / newcust /     90.00000 para reception(02)
Mensaje D / 09:00:00:000 / reception(02) / 00:01:00:000 para top(01)
Mensaje D / 09:00:00:000 / top(01) / 00:01:00:000 para Root(00)
Mensaje X / 09:00:00:000 / Root(00) / newcust /     40.00000 para top(01)
Mensaje X / 09:00:00:000 / top(01) / newcust /     40.00000 para reception(02)
Mensaje D / 09:00:00:000 / reception(02) / 00:01:00:000 para top(01)
Mensaje D / 09:00:00:000 / top(01) / 00:01:00:000 para Root(00)
Mensaje X / 09:00:00:000 / Root(00) / newcust /     30.00000 para top(01)
Mensaje X / 09:00:00:000 / top(01) / newcust /     30.00000 para reception(02)
Mensaje D / 09:00:00:000 / reception(02) / 00:01:00:000 para top(01)
Mensaje D / 09:00:00:000 / top(01) / 00:01:00:000 para Root(00)
Mensaje X / 09:00:00:000 / Root(00) / newcust /     30.00000 para top(01)
Mensaje X / 09:00:00:000 / top(01) / newcust /     30.00000 para reception(02)
Mensaje D / 09:00:00:000 / reception(02) / 00:01:00:000 para top(01)
Mensaje D / 09:00:00:000 / top(01) / 00:01:00:000 para Root(00)
Mensaje X / 09:00:00:000 / Root(00) / next /      1.00000 para top(01)
Mensaje X / 09:00:00:000 / top(01) / next /      1.00000 para reception(02)
Mensaje D / 09:00:00:000 / reception(02) / 00:01:00:000 para top(01)
Mensaje D / 09:00:00:000 / top(01) / 00:01:00:000 para Root(00)
Mensaje X / 09:00:00:000 / Root(00) / next /      1.00000 para top(01)
Mensaje X / 09:00:00:000 / top(01) / next /      1.00000 para reception(02)
Mensaje D / 09:00:00:000 / reception(02) / 00:01:00:000 para top(01)
Mensaje D / 09:00:00:000 / top(01) / 00:01:00:000 para Root(00)
Mensaje X / 09:00:00:000 / Root(00) / next /      1.00000 para top(01)
Mensaje X / 09:00:00:000 / top(01) / next /      1.00000 para reception(02)
Mensaje D / 09:00:00:000 / reception(02) / 00:01:00:000 para top(01)
Mensaje D / 09:00:00:000 / top(01) / 00:01:00:000 para Root(00)
Mensaje X / 09:00:00:000 / Root(00) / next /      1.00000 para top(01)
Mensaje X / 09:00:00:000 / top(01) / next /      1.00000 para reception(02)
Mensaje D / 09:00:00:000 / reception(02) / 00:01:00:000 para top(01)
Mensaje D / 09:00:00:000 / top(01) / 00:01:00:000 para Root(00)
Mensaje X / 09:00:00:000 / Root(00) / next /      1.00000 para top(01)
Mensaje X / 09:00:00:000 / top(01) / next /      1.00000 para reception(02)
Mensaje D / 09:00:00:000 / reception(02) / 00:01:00:000 para top(01)
Mensaje D / 09:00:00:000 / top(01) / 00:01:00:000 para Root(00)
Mensaje X / 09:00:00:000 / Root(00) / next /      1.00000 para top(01)
Mensaje X / 09:00:00:000 / top(01) / next /      1.00000 para reception(02)
Mensaje D / 09:00:00:000 / reception(02) / 00:01:00:000 para top(01)
Mensaje D / 09:00:00:000 / top(01) / 00:01:00:000 para Root(00)
Mensaje X / 09:00:00:000 / Root(00) / next /      1.00000 para top(01)
Mensaje X / 09:00:00:000 / top(01) / next /      1.00000 para reception(02)
Mensaje D / 09:00:00:000 / reception(02) / 00:01:00:000 para top(01)
Mensaje D / 09:00:00:000 / top(01) / 00:01:00:000 para Root(00)
Mensaje X / 09:00:00:000 / Root(00) / next /      1.00000 para top(01)
Mensaje X / 09:00:00:000 / top(01) / next /      1.00000 para reception(02)
Mensaje D / 09:00:00:000 / reception(02) / 00:01:00:000 para top(01)
Mensaje D / 09:00:00:000 / top(01) / 00:01:00:000 para Root(00)
Mensaje X / 09:00:00:000 / Root(00) / next /      1.00000 para top(01)
Mensaje X / 09:00:00:000 / top(01) / next /      1.00000 para reception(02)
Mensaje D / 09:00:00:000 / reception(02) / 00:01:00:000 para top(01)
Mensaje D / 09:00:00:000 / top(01) / 00:01:00:000 para Root(00)
Mensaje X / 09:00:00:000 / Root(00) / next /      1.00000 para top(01)
Mensaje X / 09:00:00:000 / top(01) / next /      1.00000 para reception(02)
Mensaje D / 09:00:00:000 / reception(02) / 00:01:00:000 para top(01)
Mensaje D / 09:00:00:000 / top(01) / 00:01:00:000 para Root(00)
Mensaje * / 09:01:00:000 / Root(00) para top(01)
Mensaje * / 09:01:00:000 / top(01) para reception(02)
Mensaje Y / 09:01:00:000 / reception(02) / cust /     20.00000 para top(01)
Mensaje D / 09:01:00:000 / reception(02) / ... para top(01)
Mensaje Y / 09:01:00:000 / top(01) / cust /     20.00000 para Root(00)
Mensaje D / 09:01:00:000 / top(01) / ... para Root(00)
Mensaje X / 15:00:55:000 / Root(00) / newcust /     40.00000 para top(01)
Mensaje X / 15:00:55:000 / top(01) / newcust /     40.00000 para reception(02)
Mensaje D / 15:00:55:000 / reception(02) / ... para top(01)
Mensaje D / 15:00:55:000 / top(01) / ... para Root(00)
Mensaje X / 16:01:00:000 / Root(00) / newcust /     60.00000 para top(01)
Mensaje X / 16:01:00:000 / top(01) / newcust /     60.00000 para reception(02)
Mensaje D / 16:01:00:000 / reception(02) / ... para top(01)
Mensaje D / 16:01:00:000 / top(01) / ... para Root(00)
Mensaje X / 16:01:00:000 / Root(00) / next /      1.00000 para top(01)
Mensaje X / 16:01:00:000 / top(01) / next /      1.00000 para reception(02)
Mensaje D / 16:01:00:000 / reception(02) / 00:01:00:000 para top(01)
Mensaje D / 16:01:00:000 / top(01) / 00:01:00:000 para Root(00)
Mensaje X / 16:01:00:000 / Root(00) / next /      1.00000 para top(01)
Mensaje X / 16:01:00:000 / top(01) / next /      1.00000 para reception(02)
Mensaje D / 16:01:00:000 / reception(02) / 00:01:00:000 para top(01)
Mensaje D / 16:01:00:000 / top(01) / 00:01:00:000 para Root(00)
Mensaje * / 16:02:00:000 / Root(00) para top(01)
Mensaje * / 16:02:00:000 / top(01) para reception(02)
Mensaje Y / 16:02:00:000 / reception(02) / cust /     30.00000 para top(01)
Mensaje D / 16:02:00:000 / reception(02) / ... para top(01)
Mensaje Y / 16:02:00:000 / top(01) / cust /     30.00000 para Root(00)
Mensaje D / 16:02:00:000 / top(01) / ... para Root(00)
